Start auto log messages stack - Iteration 4.	[MsgId: MMSG-10545]
Action.c(34): Notify: Transaction "Open_Home_Page" ended with a "Pass" status (Duration: 10,6103 Wasted Time: 0,0004).	[MsgId: MMSG-16871]
Action.c(36): lr_think_time: 5,00 seconds.	[MsgId: MMSG-15948]
Action.c(38): Notify: Transaction "Login" started.	[MsgId: MMSG-16999]
Action.c(40): web_reg_find started  	[MsgId: MMSG-26355]
Action.c(40): Registering web_reg_find was successful  	[MsgId: MMSG-26390]
Action.c(44): web_submit_data("login.pl") started  	[MsgId: MMSG-26355]
Action.c(44): Detected non-resource "http://localhost:1080/cgi-bin/nav.pl?page=menu&in=home" in "http://localhost:1080/cgi-bin/login.pl"  	[MsgId: MMSG-26574]
Action.c(44): Detected non-resource "http://localhost:1080/cgi-bin/login.pl?intro=true" in "http://localhost:1080/cgi-bin/login.pl"  	[MsgId: MMSG-26574]
Action.c(44): Error -26612: HTTP Status-Code=500 (Internal Server Error) for "http://localhost:1080/cgi-bin/nav.pl?page=menu&in=home"  	[MsgId: MERR-26612]
End auto log messages stack.	[MsgId: MMSG-10544]


Start auto log messages stack - Iteration 8.	[MsgId: MMSG-10545]
Action.c(24): Found resource "http://localhost:1080/WebTours/images/mer_login.gif" in HTML "http://localhost:1080/cgi-bin/nav.pl?in=home"  	[MsgId: MMSG-26659]
Action.c(24): Registered web_reg_find successful for "Text=Web Tours" (count=6)  	[MsgId: MMSG-26364]
Action.c(24): web_url("WebTours") was successful, 10080 body bytes, 2373 header bytes, 24 chunking overhead bytes  	[MsgId: MMSG-26385]
Action.c(34): Notify: Transaction "Open_Home_Page" ended with a "Pass" status (Duration: 11,3263 Wasted Time: 0,0004).	[MsgId: MMSG-16871]
Action.c(36): lr_think_time: 5,00 seconds.	[MsgId: MMSG-15948]
Action.c(38): Notify: Transaction "Login" started.	[MsgId: MMSG-16999]
Action.c(40): web_reg_find started  	[MsgId: MMSG-26355]
Action.c(40): Registering web_reg_find was successful  	[MsgId: MMSG-26390]
Action.c(44): web_submit_data("login.pl") started  	[MsgId: MMSG-26355]
Action.c(44): Error -26612: HTTP Status-Code=500 (Internal Server Error) for "http://localhost:1080/cgi-bin/login.pl"  	[MsgId: MERR-26612]
Action.c(44): Error -26366: "Text=User password was correct" not found for web_reg_find  	[MsgId: MERR-26366]
End auto log messages stack.	[MsgId: MMSG-10544]


Start auto log messages stack - Iteration 8.	[MsgId: MMSG-10545]
Action.c(61): Notify: Transaction "Login" ended with a "Pass" status (Duration: 11,5993 Wasted Time: 0,0000).	[MsgId: MMSG-16871]
Action.c(63): lr_think_time: 5,00 seconds.	[MsgId: MMSG-15948]
Action.c(65): Notify: Transaction "Click_Flights_Button" started.	[MsgId: MMSG-16999]
Action.c(67): web_reg_find started  	[MsgId: MMSG-26355]
Action.c(67): Registering web_reg_find was successful  	[MsgId: MMSG-26390]
Action.c(71): web_url("Search Flights Button") started  	[MsgId: MMSG-26355]
Action.c(71): Detected non-resource "http://localhost:1080/cgi-bin/nav.pl?page=menu&in=flights" in "http://localhost:1080/cgi-bin/welcome.pl?page=search"  	[MsgId: MMSG-26574]
Action.c(71): Detected non-resource "http://localhost:1080/cgi-bin/reservations.pl?page=welcome" in "http://localhost:1080/cgi-bin/welcome.pl?page=search"  	[MsgId: MMSG-26574]
Action.c(71): Error -26612: HTTP Status-Code=500 (Internal Server Error) for "http://localhost:1080/cgi-bin/nav.pl?page=menu&in=flights"  	[MsgId: MERR-26612]
End auto log messages stack.	[MsgId: MMSG-10544]


Start auto log messages stack - Iteration 14.	[MsgId: MMSG-10545]
Action.c(166): Registered web_reg_find successful for "Text=Reservation Made!" (count=1)  	[MsgId: MMSG-26364]
Action.c(166): web_submit_data("reservations.pl_3") was successful, 3312 body bytes, 652 header bytes, 12 chunking overhead bytes  	[MsgId: MMSG-26385]
Action.c(195): Notify: Transaction "Insert_Payment_Info" ended with a "Pass" status (Duration: 0,9312 Wasted Time: 0,0000).	[MsgId: MMSG-16871]
Action.c(197): lr_think_time: 5,00 seconds.	[MsgId: MMSG-15948]
Action.c(199): Notify: Transaction "Sign_off" started.	[MsgId: MMSG-16999]
Action.c(201): web_reg_find started  	[MsgId: MMSG-26355]
Action.c(201): Registering web_reg_find was successful  	[MsgId: MMSG-26390]
Action.c(205): web_url("SignOff Button") started  	[MsgId: MMSG-26355]
Action.c(205): Error -26612: HTTP Status-Code=500 (Internal Server Error) for "http://localhost:1080/cgi-bin/welcome.pl?signOff=1"  	[MsgId: MERR-26612]
Action.c(205): Error -26366: "Text=A Session ID has been created" not found for web_reg_find  	[MsgId: MERR-26366]
End auto log messages stack.	[MsgId: MMSG-10544]


