Virtual User Script started at: 19.07.2020 19:30:52
Starting action vuser_init.
Web Turbo Replay of LoadRunner 2020.0.0 for Windows 10; build 793 (ноя 27 2019 19:51:20)  	[MsgId: MMSG-26983]
Run mode: HTML  	[MsgId: MMSG-26993]
Replay user agent: Mozilla/5.0 (Windows NT 10.0; WOW64; Trident/7.0; rv:11.0) like Gecko  	[MsgId: MMSG-26988]
Runtime Settings file: "C:\Users\Professional\Documents\VuGen\Scripts\04_Buy_Ticket\\default.cfg"  	[MsgId: MMSG-27141]
Ending action vuser_init.
Running Vuser...
Starting iteration 1.
Maximum number of concurrent connections per server: 6  	[MsgId: MMSG-26989]
Starting action Action.
Action.c(3): Notify: Transaction "04_Buy_Ticket" started.
Action.c(7): web_reg_save_param_attrib started  	[MsgId: MMSG-26355]
Action.c(7): Registering web_reg_save_param_attrib was successful  	[MsgId: MMSG-26390]
Action.c(18): Notify: Transaction "Open_Home_Page" started.
Action.c(20): web_reg_find started  	[MsgId: MMSG-26355]
Action.c(20): Registering web_reg_find was successful  	[MsgId: MMSG-26390]
Action.c(24): web_url("WebTours") started  	[MsgId: MMSG-26355]
Action.c(24): Detected non-resource "http://localhost:1080/WebTours/header.html" in "http://localhost:1080/WebTours/"  	[MsgId: MMSG-26574]
Action.c(24): Detected non-resource "http://localhost:1080/cgi-bin/welcome.pl?signOff=true" in "http://localhost:1080/WebTours/"  	[MsgId: MMSG-26574]
Action.c(24): Found resource "http://localhost:1080/WebTours/images/hp_logo.png" in HTML "http://localhost:1080/WebTours/header.html"  	[MsgId: MMSG-26659]
Action.c(24): Found resource "http://localhost:1080/WebTours/images/webtours.png" in HTML "http://localhost:1080/WebTours/header.html"  	[MsgId: MMSG-26659]
Action.c(24): Detected non-resource "http://localhost:1080/cgi-bin/nav.pl?in=home" in "http://localhost:1080/cgi-bin/welcome.pl?signOff=true"  	[MsgId: MMSG-26574]
Action.c(24): Detected non-resource "http://localhost:1080/WebTours/home.html" in "http://localhost:1080/cgi-bin/welcome.pl?signOff=true"  	[MsgId: MMSG-26574]
Action.c(24): Found resource "http://localhost:1080/WebTours/images/mer_login.gif" in HTML "http://localhost:1080/cgi-bin/nav.pl?in=home"  	[MsgId: MMSG-26659]
Action.c(24): Registered web_reg_find successful for "Text=Web Tours" (count=6)  	[MsgId: MMSG-26364]
Action.c(24): web_url("WebTours") was successful, 10080 body bytes, 2373 header bytes, 24 chunking overhead bytes  	[MsgId: MMSG-26385]
Action.c(34): Notify: Transaction "Open_Home_Page" ended with a "Pass" status (Duration: 0.2939 Wasted Time: 0.1343).
Action.c(38): Notify: Transaction "Login" started.
Action.c(40): web_reg_find started  	[MsgId: MMSG-26355]
Action.c(40): Registering web_reg_find was successful  	[MsgId: MMSG-26390]
Action.c(44): web_submit_data("login.pl") started  	[MsgId: MMSG-26355]
Action.c(44): Detected non-resource "http://localhost:1080/cgi-bin/nav.pl?page=menu&in=home" in "http://localhost:1080/cgi-bin/login.pl"  	[MsgId: MMSG-26574]
Action.c(44): Detected non-resource "http://localhost:1080/cgi-bin/login.pl?intro=true" in "http://localhost:1080/cgi-bin/login.pl"  	[MsgId: MMSG-26574]
Action.c(44): Found resource "http://localhost:1080/WebTours/images/flights.gif" in HTML "http://localhost:1080/cgi-bin/nav.pl?page=menu&in=home"  	[MsgId: MMSG-26659]
Action.c(44): Found resource "http://localhost:1080/WebTours/images/itinerary.gif" in HTML "http://localhost:1080/cgi-bin/nav.pl?page=menu&in=home"  	[MsgId: MMSG-26659]
Action.c(44): Found resource "http://localhost:1080/WebTours/images/in_home.gif" in HTML "http://localhost:1080/cgi-bin/nav.pl?page=menu&in=home"  	[MsgId: MMSG-26659]
Action.c(44): Found resource "http://localhost:1080/WebTours/images/signoff.gif" in HTML "http://localhost:1080/cgi-bin/nav.pl?page=menu&in=home"  	[MsgId: MMSG-26659]
Action.c(44): Registered web_reg_find successful for "Text=User password was correct" (count=1)  	[MsgId: MMSG-26364]
Action.c(44): web_submit_data("login.pl") was successful, 5776 body bytes, 2025 header bytes, 36 chunking overhead bytes  	[MsgId: MMSG-26385]
Action.c(61): Notify: Transaction "Login" ended with a "Pass" status (Duration: 0.1883 Wasted Time: 0.0106).
Action.c(65): Notify: Transaction "Click_Flights_Button" started.
Action.c(67): web_reg_find started  	[MsgId: MMSG-26355]
Action.c(67): Registering web_reg_find was successful  	[MsgId: MMSG-26390]
Action.c(71): web_url("Search Flights Button") started  	[MsgId: MMSG-26355]
Action.c(71): Detected non-resource "http://localhost:1080/cgi-bin/nav.pl?page=menu&in=flights" in "http://localhost:1080/cgi-bin/welcome.pl?page=search"  	[MsgId: MMSG-26574]
Action.c(71): Detected non-resource "http://localhost:1080/cgi-bin/reservations.pl?page=welcome" in "http://localhost:1080/cgi-bin/welcome.pl?page=search"  	[MsgId: MMSG-26574]
Action.c(71): Found resource "http://localhost:1080/WebTours/images/in_flights.gif" in HTML "http://localhost:1080/cgi-bin/nav.pl?page=menu&in=flights"  	[MsgId: MMSG-26659]
Action.c(71): Resource "http://localhost:1080/WebTours/images/itinerary.gif" is in the cache already and will not be downloaded again  	[MsgId: MMSG-26655]
Action.c(71): Found resource "http://localhost:1080/WebTours/images/home.gif" in HTML "http://localhost:1080/cgi-bin/nav.pl?page=menu&in=flights"  	[MsgId: MMSG-26659]
Action.c(71): Resource "http://localhost:1080/WebTours/images/signoff.gif" is in the cache already and will not be downloaded again  	[MsgId: MMSG-26655]
Action.c(71): Found resource "http://localhost:1080/WebTours/images/button_next.gif" in HTML "http://localhost:1080/cgi-bin/reservations.pl?page=welcome"  	[MsgId: MMSG-26659]
Action.c(71): Registered web_reg_find successful for "Text=User has returned to the search page" (count=1)  	[MsgId: MMSG-26364]
Action.c(71): web_url("Search Flights Button") was successful, 8516 body bytes, 1617 header bytes, 43 chunking overhead bytes  	[MsgId: MMSG-26385]
Action.c(81): Notify: Transaction "Click_Flights_Button" ended with a "Pass" status (Duration: 0,1744 Wasted Time: 0,0077).
Action.c(85): Notify: Transaction "Insert_Information_About_Flight" started.
Action.c(87): web_reg_find started  	[MsgId: MMSG-26355]
Action.c(87): Registering web_reg_find was successful  	[MsgId: MMSG-26390]
Action.c(94): web_reg_save_param_attrib started  	[MsgId: MMSG-26355]
Action.c(94): Registering web_reg_save_param_attrib was successful  	[MsgId: MMSG-26390]
Action.c(104): web_submit_data("reservations.pl") started  	[MsgId: MMSG-26355]
Action.c(104): Resource "http://localhost:1080/WebTours/images/button_next.gif" is in the cache already and will not be downloaded again  	[MsgId: MMSG-26655]
Action.c(104): Registered web_reg_find successful for "TextPfx=From San Francisco" and "TextSfx=to Denver" (count=1)  	[MsgId: MMSG-26363]
Action.c(104): web_submit_data("reservations.pl") was successful, 2450 body bytes, 255 header bytes, 12 chunking overhead bytes  	[MsgId: MMSG-26385]
Action.c(128): Notify: Transaction "Insert_Information_About_Flight" ended with a "Pass" status (Duration: 0,1248 Wasted Time: 0,0081).
Action.c(132): Notify: Transaction "Choose_The_Flight" started.
Action.c(134): web_reg_find started  	[MsgId: MMSG-26355]
Action.c(134): Registering web_reg_find was successful  	[MsgId: MMSG-26390]
Action.c(138): web_submit_data("reservations.pl_2") started  	[MsgId: MMSG-26355]
Action.c(138): Resource "http://localhost:1080/WebTours/images/button_next.gif" is in the cache already and will not be downloaded again  	[MsgId: MMSG-26655]
Action.c(138): Registered web_reg_find successful for "Text=Flight Reservation" (count=1)  	[MsgId: MMSG-26364]
Action.c(138): web_submit_data("reservations.pl_2") was successful, 2704 body bytes, 255 header bytes, 12 chunking overhead bytes  	[MsgId: MMSG-26385]
Action.c(156): Notify: Transaction "Choose_The_Flight" ended with a "Pass" status (Duration: 0,1107 Wasted Time: 0,0062).
Action.c(160): Notify: Transaction "Insert_Payment_Info" started.
Action.c(162): web_reg_find started  	[MsgId: MMSG-26355]
Action.c(162): Registering web_reg_find was successful  	[MsgId: MMSG-26390]
Action.c(166): web_submit_data("reservations.pl_3") started  	[MsgId: MMSG-26355]
Action.c(166): Found resource "http://localhost:1080/WebTours/images/bookanother.gif" in HTML "http://localhost:1080/cgi-bin/reservations.pl"  	[MsgId: MMSG-26659]
Action.c(166): Registered web_reg_find successful for "Text=Reservation Made!" (count=1)  	[MsgId: MMSG-26364]
Action.c(166): web_submit_data("reservations.pl_3") was successful, 3303 body bytes, 651 header bytes, 12 chunking overhead bytes  	[MsgId: MMSG-26385]
Action.c(195): Notify: Transaction "Insert_Payment_Info" ended with a "Pass" status (Duration: 0,1117 Wasted Time: 0,0090).
Action.c(199): Notify: Transaction "Sign_off" started.
Action.c(201): web_reg_find started  	[MsgId: MMSG-26355]
Action.c(201): Registering web_reg_find was successful  	[MsgId: MMSG-26390]
Action.c(205): web_url("SignOff Button") started  	[MsgId: MMSG-26355]
Action.c(205): Detected non-resource "http://localhost:1080/cgi-bin/nav.pl?in=home" in "http://localhost:1080/cgi-bin/welcome.pl?signOff=1"  	[MsgId: MMSG-26574]
Action.c(205): Detected non-resource "http://localhost:1080/WebTours/home.html" in "http://localhost:1080/cgi-bin/welcome.pl?signOff=1"  	[MsgId: MMSG-26574]
Action.c(205): Retrieving data from cache for "http://localhost:1080/WebTours/home.html"  	[MsgId: MMSG-26558]
Action.c(205): Resource "http://localhost:1080/WebTours/images/mer_login.gif" is in the cache already and will not be downloaded again  	[MsgId: MMSG-26655]
Action.c(205): Registered web_reg_find successful for "Text=A Session ID has been created" (count=1)  	[MsgId: MMSG-26364]
Action.c(205): web_url("SignOff Button") was successful, 2170 body bytes, 582 header bytes, 24 chunking overhead bytes  	[MsgId: MMSG-26385]
Action.c(215): Notify: Transaction "Sign_off" ended with a "Pass" status (Duration: 0,1703 Wasted Time: 0,0076).
Action.c(217): Notify: Transaction "04_Buy_Ticket" ended with a "Pass" status (Duration: 1,4121 Wasted Time: 0,1859).
Ending action Action.
Ending iteration 1.
Ending Vuser...
Starting action vuser_end.
Ending action vuser_end.
Vuser Terminated.
