Start auto log messages stack.	[MsgId: MMSG-10546]
Ending iteration 20.	[MsgId: MMSG-15965]
Waiting 33,3930 seconds for iteration pacing.	[MsgId: MMSG-15996]
Starting iteration 21.	[MsgId: MMSG-15968]
Error: Parameter 'numPassengers': All values in unique block already used. Block size is 20. The parameter continues with last value of the range according to "When Out Of Values" policy.	[MsgId: MERR-13699]
Start auto log messages stack.	[MsgId: MMSG-10546]
Ending iteration 21.	[MsgId: MMSG-15965]
Waiting 33,4270 seconds for iteration pacing.	[MsgId: MMSG-15996]
Starting iteration 22.	[MsgId: MMSG-15968]
Error: Parameter 'numPassengers': All values in unique block already used. Block size is 20. The parameter continues with last value of the range according to "When Out Of Values" policy.	[MsgId: MERR-13699]
Start auto log messages stack.	[MsgId: MMSG-10546]
Ending iteration 20.	[MsgId: MMSG-15965]
Waiting 33,4000 seconds for iteration pacing.	[MsgId: MMSG-15996]
Starting iteration 21.	[MsgId: MMSG-15968]
Error: Parameter 'numPassengers': All values in unique block already used. Block size is 20. The parameter continues with last value of the range according to "When Out Of Values" policy.	[MsgId: MERR-13699]
Start auto log messages stack.	[MsgId: MMSG-10546]
Ending iteration 22.	[MsgId: MMSG-15965]
Waiting 33,3540 seconds for iteration pacing.	[MsgId: MMSG-15996]
Starting iteration 23.	[MsgId: MMSG-15968]
Error: Parameter 'numPassengers': All values in unique block already used. Block size is 20. The parameter continues with last value of the range according to "When Out Of Values" policy.	[MsgId: MERR-13699]
Start auto log messages stack.	[MsgId: MMSG-10546]
Ending iteration 21.	[MsgId: MMSG-15965]
Waiting 33,4300 seconds for iteration pacing.	[MsgId: MMSG-15996]
Starting iteration 22.	[MsgId: MMSG-15968]
Error: Parameter 'numPassengers': All values in unique block already used. Block size is 20. The parameter continues with last value of the range according to "When Out Of Values" policy.	[MsgId: MERR-13699]
Start auto log messages stack.	[MsgId: MMSG-10546]
Ending iteration 20.	[MsgId: MMSG-15965]
Waiting 33,3640 seconds for iteration pacing.	[MsgId: MMSG-15996]
Starting iteration 21.	[MsgId: MMSG-15968]
Error: Parameter 'numPassengers': All values in unique block already used. Block size is 20. The parameter continues with last value of the range according to "When Out Of Values" policy.	[MsgId: MERR-13699]
Start auto log messages stack.	[MsgId: MMSG-10546]
Ending iteration 23.	[MsgId: MMSG-15965]
Waiting 33,4120 seconds for iteration pacing.	[MsgId: MMSG-15996]
Starting iteration 24.	[MsgId: MMSG-15968]
Error: Parameter 'numPassengers': All values in unique block already used. Block size is 20. The parameter continues with last value of the range according to "When Out Of Values" policy.	[MsgId: MERR-13699]
Start auto log messages stack.	[MsgId: MMSG-10546]
Ending iteration 22.	[MsgId: MMSG-15965]
Waiting 33,3840 seconds for iteration pacing.	[MsgId: MMSG-15996]
Starting iteration 23.	[MsgId: MMSG-15968]
Error: Parameter 'numPassengers': All values in unique block already used. Block size is 20. The parameter continues with last value of the range according to "When Out Of Values" policy.	[MsgId: MERR-13699]
Start auto log messages stack.	[MsgId: MMSG-10546]
Ending iteration 21.	[MsgId: MMSG-15965]
Waiting 33,3820 seconds for iteration pacing.	[MsgId: MMSG-15996]
Starting iteration 22.	[MsgId: MMSG-15968]
Error: Parameter 'numPassengers': All values in unique block already used. Block size is 20. The parameter continues with last value of the range according to "When Out Of Values" policy.	[MsgId: MERR-13699]
Start auto log messages stack.	[MsgId: MMSG-10546]
Ending iteration 20.	[MsgId: MMSG-15965]
Waiting 33,4020 seconds for iteration pacing.	[MsgId: MMSG-15996]
Starting iteration 21.	[MsgId: MMSG-15968]
Error: Parameter 'numPassengers': All values in unique block already used. Block size is 20. The parameter continues with last value of the range according to "When Out Of Values" policy.	[MsgId: MERR-13699]
Start auto log messages stack.	[MsgId: MMSG-10546]
Ending iteration 24.	[MsgId: MMSG-15965]
Waiting 33,4170 seconds for iteration pacing.	[MsgId: MMSG-15996]
Starting iteration 25.	[MsgId: MMSG-15968]
Error: Parameter 'numPassengers': All values in unique block already used. Block size is 20. The parameter continues with last value of the range according to "When Out Of Values" policy.	[MsgId: MERR-13699]
Start auto log messages stack.	[MsgId: MMSG-10546]
Ending iteration 23.	[MsgId: MMSG-15965]
Waiting 33,3590 seconds for iteration pacing.	[MsgId: MMSG-15996]
Starting iteration 24.	[MsgId: MMSG-15968]
Error: Parameter 'numPassengers': All values in unique block already used. Block size is 20. The parameter continues with last value of the range according to "When Out Of Values" policy.	[MsgId: MERR-13699]
Start auto log messages stack.	[MsgId: MMSG-10546]
Ending iteration 22.	[MsgId: MMSG-15965]
Waiting 33,3960 seconds for iteration pacing.	[MsgId: MMSG-15996]
Starting iteration 23.	[MsgId: MMSG-15968]
Error: Parameter 'numPassengers': All values in unique block already used. Block size is 20. The parameter continues with last value of the range according to "When Out Of Values" policy.	[MsgId: MERR-13699]
Start auto log messages stack.	[MsgId: MMSG-10546]
Ending iteration 21.	[MsgId: MMSG-15965]
Waiting 33,3250 seconds for iteration pacing.	[MsgId: MMSG-15996]
Starting iteration 22.	[MsgId: MMSG-15968]
Error: Parameter 'numPassengers': All values in unique block already used. Block size is 20. The parameter continues with last value of the range according to "When Out Of Values" policy.	[MsgId: MERR-13699]
Start auto log messages stack.	[MsgId: MMSG-10546]
Ending iteration 25.	[MsgId: MMSG-15965]
Waiting 33,3710 seconds for iteration pacing.	[MsgId: MMSG-15996]
Starting iteration 26.	[MsgId: MMSG-15968]
Error: Parameter 'numPassengers': All values in unique block already used. Block size is 20. The parameter continues with last value of the range according to "When Out Of Values" policy.	[MsgId: MERR-13699]
Start auto log messages stack.	[MsgId: MMSG-10546]
Ending iteration 24.	[MsgId: MMSG-15965]
Waiting 33,3970 seconds for iteration pacing.	[MsgId: MMSG-15996]
Starting iteration 25.	[MsgId: MMSG-15968]
Error: Parameter 'numPassengers': All values in unique block already used. Block size is 20. The parameter continues with last value of the range according to "When Out Of Values" policy.	[MsgId: MERR-13699]
Start auto log messages stack.	[MsgId: MMSG-10546]
Ending iteration 23.	[MsgId: MMSG-15965]
Waiting 33,3950 seconds for iteration pacing.	[MsgId: MMSG-15996]
Starting iteration 24.	[MsgId: MMSG-15968]
Error: Parameter 'numPassengers': All values in unique block already used. Block size is 20. The parameter continues with last value of the range according to "When Out Of Values" policy.	[MsgId: MERR-13699]
Start auto log messages stack.	[MsgId: MMSG-10546]
Ending iteration 22.	[MsgId: MMSG-15965]
Waiting 33,3420 seconds for iteration pacing.	[MsgId: MMSG-15996]
Starting iteration 23.	[MsgId: MMSG-15968]
Error: Parameter 'numPassengers': All values in unique block already used. Block size is 20. The parameter continues with last value of the range according to "When Out Of Values" policy.	[MsgId: MERR-13699]
Start auto log messages stack.	[MsgId: MMSG-10546]
Ending iteration 26.	[MsgId: MMSG-15965]
Waiting 33,3820 seconds for iteration pacing.	[MsgId: MMSG-15996]
Starting iteration 27.	[MsgId: MMSG-15968]
Error: Parameter 'numPassengers': All values in unique block already used. Block size is 20. The parameter continues with last value of the range according to "When Out Of Values" policy.	[MsgId: MERR-13699]
Start auto log messages stack.	[MsgId: MMSG-10546]
Ending iteration 25.	[MsgId: MMSG-15965]
Waiting 33,3490 seconds for iteration pacing.	[MsgId: MMSG-15996]
Starting iteration 26.	[MsgId: MMSG-15968]
Error: Parameter 'numPassengers': All values in unique block already used. Block size is 20. The parameter continues with last value of the range according to "When Out Of Values" policy.	[MsgId: MERR-13699]
Start auto log messages stack.	[MsgId: MMSG-10546]
Ending iteration 24.	[MsgId: MMSG-15965]
Waiting 33,3540 seconds for iteration pacing.	[MsgId: MMSG-15996]
Starting iteration 25.	[MsgId: MMSG-15968]
Error: Parameter 'numPassengers': All values in unique block already used. Block size is 20. The parameter continues with last value of the range according to "When Out Of Values" policy.	[MsgId: MERR-13699]
Start auto log messages stack.	[MsgId: MMSG-10546]
Ending iteration 23.	[MsgId: MMSG-15965]
Waiting 33,4010 seconds for iteration pacing.	[MsgId: MMSG-15996]
Starting iteration 24.	[MsgId: MMSG-15968]
Error: Parameter 'numPassengers': All values in unique block already used. Block size is 20. The parameter continues with last value of the range according to "When Out Of Values" policy.	[MsgId: MERR-13699]
Start auto log messages stack.	[MsgId: MMSG-10546]
Ending iteration 27.	[MsgId: MMSG-15965]
Waiting 33,3240 seconds for iteration pacing.	[MsgId: MMSG-15996]
Starting iteration 28.	[MsgId: MMSG-15968]
Error: Parameter 'numPassengers': All values in unique block already used. Block size is 20. The parameter continues with last value of the range according to "When Out Of Values" policy.	[MsgId: MERR-13699]
Start auto log messages stack.	[MsgId: MMSG-10546]
Ending iteration 26.	[MsgId: MMSG-15965]
Waiting 33,3940 seconds for iteration pacing.	[MsgId: MMSG-15996]
Starting iteration 27.	[MsgId: MMSG-15968]
Error: Parameter 'numPassengers': All values in unique block already used. Block size is 20. The parameter continues with last value of the range according to "When Out Of Values" policy.	[MsgId: MERR-13699]
Start auto log messages stack.	[MsgId: MMSG-10546]
Ending iteration 25.	[MsgId: MMSG-15965]
Waiting 33,2550 seconds for iteration pacing.	[MsgId: MMSG-15996]
Starting iteration 26.	[MsgId: MMSG-15968]
Error: Parameter 'numPassengers': All values in unique block already used. Block size is 20. The parameter continues with last value of the range according to "When Out Of Values" policy.	[MsgId: MERR-13699]
Start auto log messages stack.	[MsgId: MMSG-10546]
Ending iteration 24.	[MsgId: MMSG-15965]
Waiting 33,2880 seconds for iteration pacing.	[MsgId: MMSG-15996]
Starting iteration 25.	[MsgId: MMSG-15968]
Error: Parameter 'numPassengers': All values in unique block already used. Block size is 20. The parameter continues with last value of the range according to "When Out Of Values" policy.	[MsgId: MERR-13699]
Start auto log messages stack.	[MsgId: MMSG-10546]
Ending iteration 28.	[MsgId: MMSG-15965]
Waiting 33,4010 seconds for iteration pacing.	[MsgId: MMSG-15996]
Starting iteration 29.	[MsgId: MMSG-15968]
Error: Parameter 'numPassengers': All values in unique block already used. Block size is 20. The parameter continues with last value of the range according to "When Out Of Values" policy.	[MsgId: MERR-13699]
Start auto log messages stack.	[MsgId: MMSG-10546]
Ending iteration 27.	[MsgId: MMSG-15965]
Waiting 33,4420 seconds for iteration pacing.	[MsgId: MMSG-15996]
Starting iteration 28.	[MsgId: MMSG-15968]
Error: Parameter 'numPassengers': All values in unique block already used. Block size is 20. The parameter continues with last value of the range according to "When Out Of Values" policy.	[MsgId: MERR-13699]
Start auto log messages stack.	[MsgId: MMSG-10546]
Ending iteration 26.	[MsgId: MMSG-15965]
Waiting 33,4140 seconds for iteration pacing.	[MsgId: MMSG-15996]
Starting iteration 27.	[MsgId: MMSG-15968]
Error: Parameter 'numPassengers': All values in unique block already used. Block size is 20. The parameter continues with last value of the range according to "When Out Of Values" policy.	[MsgId: MERR-13699]
Start auto log messages stack.	[MsgId: MMSG-10546]
Ending iteration 25.	[MsgId: MMSG-15965]
Waiting 33,3730 seconds for iteration pacing.	[MsgId: MMSG-15996]
Starting iteration 26.	[MsgId: MMSG-15968]
Error: Parameter 'numPassengers': All values in unique block already used. Block size is 20. The parameter continues with last value of the range according to "When Out Of Values" policy.	[MsgId: MERR-13699]
Start auto log messages stack.	[MsgId: MMSG-10546]
Ending iteration 29.	[MsgId: MMSG-15965]
Waiting 33,4590 seconds for iteration pacing.	[MsgId: MMSG-15996]
Starting iteration 30.	[MsgId: MMSG-15968]
Error: Parameter 'numPassengers': All values in unique block already used. Block size is 20. The parameter continues with last value of the range according to "When Out Of Values" policy.	[MsgId: MERR-13699]
Start auto log messages stack.	[MsgId: MMSG-10546]
Ending iteration 28.	[MsgId: MMSG-15965]
Waiting 33,4510 seconds for iteration pacing.	[MsgId: MMSG-15996]
Starting iteration 29.	[MsgId: MMSG-15968]
Error: Parameter 'numPassengers': All values in unique block already used. Block size is 20. The parameter continues with last value of the range according to "When Out Of Values" policy.	[MsgId: MERR-13699]
Start auto log messages stack.	[MsgId: MMSG-10546]
Ending iteration 27.	[MsgId: MMSG-15965]
Waiting 33,4250 seconds for iteration pacing.	[MsgId: MMSG-15996]
Starting iteration 28.	[MsgId: MMSG-15968]
Error: Parameter 'numPassengers': All values in unique block already used. Block size is 20. The parameter continues with last value of the range according to "When Out Of Values" policy.	[MsgId: MERR-13699]
Start auto log messages stack.	[MsgId: MMSG-10546]
Ending iteration 26.	[MsgId: MMSG-15965]
Waiting 33,4230 seconds for iteration pacing.	[MsgId: MMSG-15996]
Starting iteration 27.	[MsgId: MMSG-15968]
Error: Parameter 'numPassengers': All values in unique block already used. Block size is 20. The parameter continues with last value of the range according to "When Out Of Values" policy.	[MsgId: MERR-13699]
Start auto log messages stack.	[MsgId: MMSG-10546]
Ending iteration 30.	[MsgId: MMSG-15965]
Waiting 33,4350 seconds for iteration pacing.	[MsgId: MMSG-15996]
Starting iteration 31.	[MsgId: MMSG-15968]
Error: Parameter 'numPassengers': All values in unique block already used. Block size is 20. The parameter continues with last value of the range according to "When Out Of Values" policy.	[MsgId: MERR-13699]
Start auto log messages stack.	[MsgId: MMSG-10546]
Ending iteration 29.	[MsgId: MMSG-15965]
Waiting 33,4300 seconds for iteration pacing.	[MsgId: MMSG-15996]
Starting iteration 30.	[MsgId: MMSG-15968]
Error: Parameter 'numPassengers': All values in unique block already used. Block size is 20. The parameter continues with last value of the range according to "When Out Of Values" policy.	[MsgId: MERR-13699]
Start auto log messages stack.	[MsgId: MMSG-10546]
Ending iteration 28.	[MsgId: MMSG-15965]
Waiting 33,4180 seconds for iteration pacing.	[MsgId: MMSG-15996]
Starting iteration 29.	[MsgId: MMSG-15968]
Error: Parameter 'numPassengers': All values in unique block already used. Block size is 20. The parameter continues with last value of the range according to "When Out Of Values" policy.	[MsgId: MERR-13699]
Start auto log messages stack.	[MsgId: MMSG-10546]
Ending iteration 27.	[MsgId: MMSG-15965]
Waiting 33,4290 seconds for iteration pacing.	[MsgId: MMSG-15996]
Starting iteration 28.	[MsgId: MMSG-15968]
Error: Parameter 'numPassengers': All values in unique block already used. Block size is 20. The parameter continues with last value of the range according to "When Out Of Values" policy.	[MsgId: MERR-13699]
Start auto log messages stack.	[MsgId: MMSG-10546]
Ending iteration 31.	[MsgId: MMSG-15965]
Waiting 33,4580 seconds for iteration pacing.	[MsgId: MMSG-15996]
Starting iteration 32.	[MsgId: MMSG-15968]
Error: Parameter 'numPassengers': All values in unique block already used. Block size is 20. The parameter continues with last value of the range according to "When Out Of Values" policy.	[MsgId: MERR-13699]
Start auto log messages stack.	[MsgId: MMSG-10546]
Ending iteration 30.	[MsgId: MMSG-15965]
Waiting 33,4080 seconds for iteration pacing.	[MsgId: MMSG-15996]
Starting iteration 31.	[MsgId: MMSG-15968]
Error: Parameter 'numPassengers': All values in unique block already used. Block size is 20. The parameter continues with last value of the range according to "When Out Of Values" policy.	[MsgId: MERR-13699]
Start auto log messages stack.	[MsgId: MMSG-10546]
Ending iteration 29.	[MsgId: MMSG-15965]
Waiting 33,4290 seconds for iteration pacing.	[MsgId: MMSG-15996]
Starting iteration 30.	[MsgId: MMSG-15968]
Error: Parameter 'numPassengers': All values in unique block already used. Block size is 20. The parameter continues with last value of the range according to "When Out Of Values" policy.	[MsgId: MERR-13699]
Start auto log messages stack.	[MsgId: MMSG-10546]
Ending iteration 28.	[MsgId: MMSG-15965]
Waiting 33,4190 seconds for iteration pacing.	[MsgId: MMSG-15996]
Starting iteration 29.	[MsgId: MMSG-15968]
Error: Parameter 'numPassengers': All values in unique block already used. Block size is 20. The parameter continues with last value of the range according to "When Out Of Values" policy.	[MsgId: MERR-13699]
Start auto log messages stack.	[MsgId: MMSG-10546]
Ending iteration 32.	[MsgId: MMSG-15965]
Waiting 33,4250 seconds for iteration pacing.	[MsgId: MMSG-15996]
Starting iteration 33.	[MsgId: MMSG-15968]
Error: Parameter 'numPassengers': All values in unique block already used. Block size is 20. The parameter continues with last value of the range according to "When Out Of Values" policy.	[MsgId: MERR-13699]
Start auto log messages stack.	[MsgId: MMSG-10546]
Ending iteration 31.	[MsgId: MMSG-15965]
Waiting 33,4560 seconds for iteration pacing.	[MsgId: MMSG-15996]
Starting iteration 32.	[MsgId: MMSG-15968]
Error: Parameter 'numPassengers': All values in unique block already used. Block size is 20. The parameter continues with last value of the range according to "When Out Of Values" policy.	[MsgId: MERR-13699]
Start auto log messages stack.	[MsgId: MMSG-10546]
Ending iteration 30.	[MsgId: MMSG-15965]
Waiting 33,4250 seconds for iteration pacing.	[MsgId: MMSG-15996]
Starting iteration 31.	[MsgId: MMSG-15968]
Error: Parameter 'numPassengers': All values in unique block already used. Block size is 20. The parameter continues with last value of the range according to "When Out Of Values" policy.	[MsgId: MERR-13699]
Start auto log messages stack.	[MsgId: MMSG-10546]
Ending iteration 29.	[MsgId: MMSG-15965]
Waiting 33,4260 seconds for iteration pacing.	[MsgId: MMSG-15996]
Starting iteration 30.	[MsgId: MMSG-15968]
Error: Parameter 'numPassengers': All values in unique block already used. Block size is 20. The parameter continues with last value of the range according to "When Out Of Values" policy.	[MsgId: MERR-13699]
Start auto log messages stack.	[MsgId: MMSG-10546]
Ending iteration 33.	[MsgId: MMSG-15965]
Waiting 33,4270 seconds for iteration pacing.	[MsgId: MMSG-15996]
Starting iteration 34.	[MsgId: MMSG-15968]
Error: Parameter 'numPassengers': All values in unique block already used. Block size is 20. The parameter continues with last value of the range according to "When Out Of Values" policy.	[MsgId: MERR-13699]
Start auto log messages stack.	[MsgId: MMSG-10546]
Ending iteration 32.	[MsgId: MMSG-15965]
Waiting 33,4330 seconds for iteration pacing.	[MsgId: MMSG-15996]
Starting iteration 33.	[MsgId: MMSG-15968]
Error: Parameter 'numPassengers': All values in unique block already used. Block size is 20. The parameter continues with last value of the range according to "When Out Of Values" policy.	[MsgId: MERR-13699]
Start auto log messages stack.	[MsgId: MMSG-10546]
Ending iteration 31.	[MsgId: MMSG-15965]
Waiting 33,4000 seconds for iteration pacing.	[MsgId: MMSG-15996]
Starting iteration 32.	[MsgId: MMSG-15968]
Error: Parameter 'numPassengers': All values in unique block already used. Block size is 20. The parameter continues with last value of the range according to "When Out Of Values" policy.	[MsgId: MERR-13699]
Start auto log messages stack.	[MsgId: MMSG-10546]
Ending iteration 30.	[MsgId: MMSG-15965]
Waiting 33,4190 seconds for iteration pacing.	[MsgId: MMSG-15996]
Starting iteration 31.	[MsgId: MMSG-15968]
Error: Parameter 'numPassengers': All values in unique block already used. Block size is 20. The parameter continues with last value of the range according to "When Out Of Values" policy.	[MsgId: MERR-13699]
Start auto log messages stack.	[MsgId: MMSG-10546]
Ending iteration 34.	[MsgId: MMSG-15965]
Waiting 33,4370 seconds for iteration pacing.	[MsgId: MMSG-15996]
Starting iteration 35.	[MsgId: MMSG-15968]
Error: Parameter 'numPassengers': All values in unique block already used. Block size is 20. The parameter continues with last value of the range according to "When Out Of Values" policy.	[MsgId: MERR-13699]
Start auto log messages stack.	[MsgId: MMSG-10546]
Ending iteration 33.	[MsgId: MMSG-15965]
Waiting 33,3950 seconds for iteration pacing.	[MsgId: MMSG-15996]
Starting iteration 34.	[MsgId: MMSG-15968]
Error: Parameter 'numPassengers': All values in unique block already used. Block size is 20. The parameter continues with last value of the range according to "When Out Of Values" policy.	[MsgId: MERR-13699]
Start auto log messages stack.	[MsgId: MMSG-10546]
Ending iteration 32.	[MsgId: MMSG-15965]
Waiting 33,3950 seconds for iteration pacing.	[MsgId: MMSG-15996]
Starting iteration 33.	[MsgId: MMSG-15968]
Error: Parameter 'numPassengers': All values in unique block already used. Block size is 20. The parameter continues with last value of the range according to "When Out Of Values" policy.	[MsgId: MERR-13699]
Start auto log messages stack.	[MsgId: MMSG-10546]
Ending iteration 31.	[MsgId: MMSG-15965]
Waiting 33,3430 seconds for iteration pacing.	[MsgId: MMSG-15996]
Starting iteration 32.	[MsgId: MMSG-15968]
Error: Parameter 'numPassengers': All values in unique block already used. Block size is 20. The parameter continues with last value of the range according to "When Out Of Values" policy.	[MsgId: MERR-13699]
Start auto log messages stack.	[MsgId: MMSG-10546]
Ending iteration 35.	[MsgId: MMSG-15965]
Waiting 33,3060 seconds for iteration pacing.	[MsgId: MMSG-15996]
Starting iteration 36.	[MsgId: MMSG-15968]
Error: Parameter 'numPassengers': All values in unique block already used. Block size is 20. The parameter continues with last value of the range according to "When Out Of Values" policy.	[MsgId: MERR-13699]
Start auto log messages stack.	[MsgId: MMSG-10546]
Ending iteration 34.	[MsgId: MMSG-15965]
Waiting 33,3330 seconds for iteration pacing.	[MsgId: MMSG-15996]
Starting iteration 35.	[MsgId: MMSG-15968]
Error: Parameter 'numPassengers': All values in unique block already used. Block size is 20. The parameter continues with last value of the range according to "When Out Of Values" policy.	[MsgId: MERR-13699]
Start auto log messages stack.	[MsgId: MMSG-10546]
Ending iteration 33.	[MsgId: MMSG-15965]
Waiting 33,4110 seconds for iteration pacing.	[MsgId: MMSG-15996]
Starting iteration 34.	[MsgId: MMSG-15968]
Error: Parameter 'numPassengers': All values in unique block already used. Block size is 20. The parameter continues with last value of the range according to "When Out Of Values" policy.	[MsgId: MERR-13699]
Start auto log messages stack.	[MsgId: MMSG-10546]
Ending iteration 32.	[MsgId: MMSG-15965]
Waiting 33,3730 seconds for iteration pacing.	[MsgId: MMSG-15996]
Starting iteration 33.	[MsgId: MMSG-15968]
Error: Parameter 'numPassengers': All values in unique block already used. Block size is 20. The parameter continues with last value of the range according to "When Out Of Values" policy.	[MsgId: MERR-13699]
Start auto log messages stack.	[MsgId: MMSG-10546]
Ending iteration 36.	[MsgId: MMSG-15965]
Waiting 33,4090 seconds for iteration pacing.	[MsgId: MMSG-15996]
Starting iteration 37.	[MsgId: MMSG-15968]
Error: Parameter 'numPassengers': All values in unique block already used. Block size is 20. The parameter continues with last value of the range according to "When Out Of Values" policy.	[MsgId: MERR-13699]
Start auto log messages stack.	[MsgId: MMSG-10546]
Ending iteration 35.	[MsgId: MMSG-15965]
Waiting 33,3620 seconds for iteration pacing.	[MsgId: MMSG-15996]
Starting iteration 36.	[MsgId: MMSG-15968]
Error: Parameter 'numPassengers': All values in unique block already used. Block size is 20. The parameter continues with last value of the range according to "When Out Of Values" policy.	[MsgId: MERR-13699]
Start auto log messages stack.	[MsgId: MMSG-10546]
Ending iteration 34.	[MsgId: MMSG-15965]
Waiting 33,3810 seconds for iteration pacing.	[MsgId: MMSG-15996]
Starting iteration 35.	[MsgId: MMSG-15968]
Error: Parameter 'numPassengers': All values in unique block already used. Block size is 20. The parameter continues with last value of the range according to "When Out Of Values" policy.	[MsgId: MERR-13699]
Start auto log messages stack.	[MsgId: MMSG-10546]
Ending iteration 33.	[MsgId: MMSG-15965]
Waiting 33,3900 seconds for iteration pacing.	[MsgId: MMSG-15996]
Starting iteration 34.	[MsgId: MMSG-15968]
Error: Parameter 'numPassengers': All values in unique block already used. Block size is 20. The parameter continues with last value of the range according to "When Out Of Values" policy.	[MsgId: MERR-13699]
Start auto log messages stack.	[MsgId: MMSG-10546]
Ending iteration 37.	[MsgId: MMSG-15965]
Waiting 33,3430 seconds for iteration pacing.	[MsgId: MMSG-15996]
Starting iteration 38.	[MsgId: MMSG-15968]
Error: Parameter 'numPassengers': All values in unique block already used. Block size is 20. The parameter continues with last value of the range according to "When Out Of Values" policy.	[MsgId: MERR-13699]
Start auto log messages stack.	[MsgId: MMSG-10546]
Ending iteration 36.	[MsgId: MMSG-15965]
Waiting 33,3480 seconds for iteration pacing.	[MsgId: MMSG-15996]
Starting iteration 37.	[MsgId: MMSG-15968]
Error: Parameter 'numPassengers': All values in unique block already used. Block size is 20. The parameter continues with last value of the range according to "When Out Of Values" policy.	[MsgId: MERR-13699]
Start auto log messages stack.	[MsgId: MMSG-10546]
Ending iteration 35.	[MsgId: MMSG-15965]
Waiting 33,2800 seconds for iteration pacing.	[MsgId: MMSG-15996]
Starting iteration 36.	[MsgId: MMSG-15968]
Error: Parameter 'numPassengers': All values in unique block already used. Block size is 20. The parameter continues with last value of the range according to "When Out Of Values" policy.	[MsgId: MERR-13699]
Start auto log messages stack.	[MsgId: MMSG-10546]
Ending iteration 34.	[MsgId: MMSG-15965]
Waiting 33,3220 seconds for iteration pacing.	[MsgId: MMSG-15996]
Starting iteration 35.	[MsgId: MMSG-15968]
Error: Parameter 'numPassengers': All values in unique block already used. Block size is 20. The parameter continues with last value of the range according to "When Out Of Values" policy.	[MsgId: MERR-13699]
Start auto log messages stack.	[MsgId: MMSG-10546]
Ending iteration 38.	[MsgId: MMSG-15965]
Waiting 33,3710 seconds for iteration pacing.	[MsgId: MMSG-15996]
Starting iteration 39.	[MsgId: MMSG-15968]
Error: Parameter 'numPassengers': All values in unique block already used. Block size is 20. The parameter continues with last value of the range according to "When Out Of Values" policy.	[MsgId: MERR-13699]
Start auto log messages stack.	[MsgId: MMSG-10546]
Ending iteration 37.	[MsgId: MMSG-15965]
Waiting 33,4140 seconds for iteration pacing.	[MsgId: MMSG-15996]
Starting iteration 38.	[MsgId: MMSG-15968]
Error: Parameter 'numPassengers': All values in unique block already used. Block size is 20. The parameter continues with last value of the range according to "When Out Of Values" policy.	[MsgId: MERR-13699]
Start auto log messages stack.	[MsgId: MMSG-10546]
Ending iteration 36.	[MsgId: MMSG-15965]
Waiting 33,2860 seconds for iteration pacing.	[MsgId: MMSG-15996]
Starting iteration 37.	[MsgId: MMSG-15968]
Error: Parameter 'numPassengers': All values in unique block already used. Block size is 20. The parameter continues with last value of the range according to "When Out Of Values" policy.	[MsgId: MERR-13699]
Start auto log messages stack.	[MsgId: MMSG-10546]
Ending iteration 35.	[MsgId: MMSG-15965]
Waiting 33,4280 seconds for iteration pacing.	[MsgId: MMSG-15996]
Starting iteration 36.	[MsgId: MMSG-15968]
Error: Parameter 'numPassengers': All values in unique block already used. Block size is 20. The parameter continues with last value of the range according to "When Out Of Values" policy.	[MsgId: MERR-13699]
Start auto log messages stack.	[MsgId: MMSG-10546]
Ending iteration 39.	[MsgId: MMSG-15965]
Waiting 33,4240 seconds for iteration pacing.	[MsgId: MMSG-15996]
Starting iteration 40.	[MsgId: MMSG-15968]
Error: Parameter 'numPassengers': All values in unique block already used. Block size is 20. The parameter continues with last value of the range according to "When Out Of Values" policy.	[MsgId: MERR-13699]
Start auto log messages stack.	[MsgId: MMSG-10546]
Ending iteration 38.	[MsgId: MMSG-15965]
Waiting 33,4370 seconds for iteration pacing.	[MsgId: MMSG-15996]
Starting iteration 39.	[MsgId: MMSG-15968]
Error: Parameter 'numPassengers': All values in unique block already used. Block size is 20. The parameter continues with last value of the range according to "When Out Of Values" policy.	[MsgId: MERR-13699]
Start auto log messages stack.	[MsgId: MMSG-10546]
Ending iteration 37.	[MsgId: MMSG-15965]
Waiting 33,3530 seconds for iteration pacing.	[MsgId: MMSG-15996]
Starting iteration 38.	[MsgId: MMSG-15968]
Error: Parameter 'numPassengers': All values in unique block already used. Block size is 20. The parameter continues with last value of the range according to "When Out Of Values" policy.	[MsgId: MERR-13699]
Start auto log messages stack.	[MsgId: MMSG-10546]
Ending iteration 36.	[MsgId: MMSG-15965]
Waiting 33,3870 seconds for iteration pacing.	[MsgId: MMSG-15996]
Starting iteration 37.	[MsgId: MMSG-15968]
Error: Parameter 'numPassengers': All values in unique block already used. Block size is 20. The parameter continues with last value of the range according to "When Out Of Values" policy.	[MsgId: MERR-13699]
Start auto log messages stack.	[MsgId: MMSG-10546]
Ending iteration 40.	[MsgId: MMSG-15965]
Waiting 33,3940 seconds for iteration pacing.	[MsgId: MMSG-15996]
Starting iteration 41.	[MsgId: MMSG-15968]
Error: Parameter 'numPassengers': All values in unique block already used. Block size is 20. The parameter continues with last value of the range according to "When Out Of Values" policy.	[MsgId: MERR-13699]
Start auto log messages stack.	[MsgId: MMSG-10546]
Ending iteration 39.	[MsgId: MMSG-15965]
Waiting 33,3570 seconds for iteration pacing.	[MsgId: MMSG-15996]
Starting iteration 40.	[MsgId: MMSG-15968]
Error: Parameter 'numPassengers': All values in unique block already used. Block size is 20. The parameter continues with last value of the range according to "When Out Of Values" policy.	[MsgId: MERR-13699]
Start auto log messages stack.	[MsgId: MMSG-10546]
Ending iteration 38.	[MsgId: MMSG-15965]
Waiting 33,3560 seconds for iteration pacing.	[MsgId: MMSG-15996]
Starting iteration 39.	[MsgId: MMSG-15968]
Error: Parameter 'numPassengers': All values in unique block already used. Block size is 20. The parameter continues with last value of the range according to "When Out Of Values" policy.	[MsgId: MERR-13699]
Start auto log messages stack.	[MsgId: MMSG-10546]
Ending iteration 37.	[MsgId: MMSG-15965]
Waiting 33,3870 seconds for iteration pacing.	[MsgId: MMSG-15996]
Starting iteration 38.	[MsgId: MMSG-15968]
Error: Parameter 'numPassengers': All values in unique block already used. Block size is 20. The parameter continues with last value of the range according to "When Out Of Values" policy.	[MsgId: MERR-13699]
Start auto log messages stack.	[MsgId: MMSG-10546]
Ending iteration 41.	[MsgId: MMSG-15965]
Waiting 33,4240 seconds for iteration pacing.	[MsgId: MMSG-15996]
Starting iteration 42.	[MsgId: MMSG-15968]
Error: Parameter 'numPassengers': All values in unique block already used. Block size is 20. The parameter continues with last value of the range according to "When Out Of Values" policy.	[MsgId: MERR-13699]
Start auto log messages stack.	[MsgId: MMSG-10546]
Ending iteration 40.	[MsgId: MMSG-15965]
Waiting 33,3600 seconds for iteration pacing.	[MsgId: MMSG-15996]
Starting iteration 41.	[MsgId: MMSG-15968]
Error: Parameter 'numPassengers': All values in unique block already used. Block size is 20. The parameter continues with last value of the range according to "When Out Of Values" policy.	[MsgId: MERR-13699]
Start auto log messages stack.	[MsgId: MMSG-10546]
Ending iteration 39.	[MsgId: MMSG-15965]
Waiting 33,3640 seconds for iteration pacing.	[MsgId: MMSG-15996]
Starting iteration 40.	[MsgId: MMSG-15968]
Error: Parameter 'numPassengers': All values in unique block already used. Block size is 20. The parameter continues with last value of the range according to "When Out Of Values" policy.	[MsgId: MERR-13699]
Start auto log messages stack.	[MsgId: MMSG-10546]
Ending iteration 38.	[MsgId: MMSG-15965]
Waiting 33,3770 seconds for iteration pacing.	[MsgId: MMSG-15996]
Starting iteration 39.	[MsgId: MMSG-15968]
Error: Parameter 'numPassengers': All values in unique block already used. Block size is 20. The parameter continues with last value of the range according to "When Out Of Values" policy.	[MsgId: MERR-13699]
Start auto log messages stack.	[MsgId: MMSG-10546]
Ending iteration 42.	[MsgId: MMSG-15965]
Waiting 33,4010 seconds for iteration pacing.	[MsgId: MMSG-15996]
Starting iteration 43.	[MsgId: MMSG-15968]
Error: Parameter 'numPassengers': All values in unique block already used. Block size is 20. The parameter continues with last value of the range according to "When Out Of Values" policy.	[MsgId: MERR-13699]
Start auto log messages stack.	[MsgId: MMSG-10546]
Ending iteration 41.	[MsgId: MMSG-15965]
Waiting 33,3610 seconds for iteration pacing.	[MsgId: MMSG-15996]
Starting iteration 42.	[MsgId: MMSG-15968]
Error: Parameter 'numPassengers': All values in unique block already used. Block size is 20. The parameter continues with last value of the range according to "When Out Of Values" policy.	[MsgId: MERR-13699]
Start auto log messages stack.	[MsgId: MMSG-10546]
Ending iteration 40.	[MsgId: MMSG-15965]
Waiting 33,3730 seconds for iteration pacing.	[MsgId: MMSG-15996]
Starting iteration 41.	[MsgId: MMSG-15968]
Error: Parameter 'numPassengers': All values in unique block already used. Block size is 20. The parameter continues with last value of the range according to "When Out Of Values" policy.	[MsgId: MERR-13699]
Start auto log messages stack.	[MsgId: MMSG-10546]
Ending iteration 39.	[MsgId: MMSG-15965]
Waiting 33,3810 seconds for iteration pacing.	[MsgId: MMSG-15996]
Starting iteration 40.	[MsgId: MMSG-15968]
Error: Parameter 'numPassengers': All values in unique block already used. Block size is 20. The parameter continues with last value of the range according to "When Out Of Values" policy.	[MsgId: MERR-13699]
Start auto log messages stack.	[MsgId: MMSG-10546]
Ending iteration 43.	[MsgId: MMSG-15965]
Waiting 33,4590 seconds for iteration pacing.	[MsgId: MMSG-15996]
Starting iteration 44.	[MsgId: MMSG-15968]
Error: Parameter 'numPassengers': All values in unique block already used. Block size is 20. The parameter continues with last value of the range according to "When Out Of Values" policy.	[MsgId: MERR-13699]
Start auto log messages stack.	[MsgId: MMSG-10546]
Ending iteration 42.	[MsgId: MMSG-15965]
Waiting 33,3840 seconds for iteration pacing.	[MsgId: MMSG-15996]
Starting iteration 43.	[MsgId: MMSG-15968]
Error: Parameter 'numPassengers': All values in unique block already used. Block size is 20. The parameter continues with last value of the range according to "When Out Of Values" policy.	[MsgId: MERR-13699]
Start auto log messages stack.	[MsgId: MMSG-10546]
Ending iteration 41.	[MsgId: MMSG-15965]
Waiting 33,3370 seconds for iteration pacing.	[MsgId: MMSG-15996]
Starting iteration 42.	[MsgId: MMSG-15968]
Error: Parameter 'numPassengers': All values in unique block already used. Block size is 20. The parameter continues with last value of the range according to "When Out Of Values" policy.	[MsgId: MERR-13699]
Start auto log messages stack.	[MsgId: MMSG-10546]
Ending iteration 40.	[MsgId: MMSG-15965]
Waiting 33,3470 seconds for iteration pacing.	[MsgId: MMSG-15996]
Starting iteration 41.	[MsgId: MMSG-15968]
Error: Parameter 'numPassengers': All values in unique block already used. Block size is 20. The parameter continues with last value of the range according to "When Out Of Values" policy.	[MsgId: MERR-13699]
Start auto log messages stack.	[MsgId: MMSG-10546]
Ending iteration 44.	[MsgId: MMSG-15965]
Waiting 33,4260 seconds for iteration pacing.	[MsgId: MMSG-15996]
Starting iteration 45.	[MsgId: MMSG-15968]
Error: Parameter 'numPassengers': All values in unique block already used. Block size is 20. The parameter continues with last value of the range according to "When Out Of Values" policy.	[MsgId: MERR-13699]
Start auto log messages stack.	[MsgId: MMSG-10546]
Ending iteration 43.	[MsgId: MMSG-15965]
Waiting 33,4320 seconds for iteration pacing.	[MsgId: MMSG-15996]
Starting iteration 44.	[MsgId: MMSG-15968]
Error: Parameter 'numPassengers': All values in unique block already used. Block size is 20. The parameter continues with last value of the range according to "When Out Of Values" policy.	[MsgId: MERR-13699]
Start auto log messages stack.	[MsgId: MMSG-10546]
Ending iteration 42.	[MsgId: MMSG-15965]
Waiting 33,3490 seconds for iteration pacing.	[MsgId: MMSG-15996]
Starting iteration 43.	[MsgId: MMSG-15968]
Error: Parameter 'numPassengers': All values in unique block already used. Block size is 20. The parameter continues with last value of the range according to "When Out Of Values" policy.	[MsgId: MERR-13699]
Start auto log messages stack.	[MsgId: MMSG-10546]
Ending iteration 41.	[MsgId: MMSG-15965]
Waiting 33,2920 seconds for iteration pacing.	[MsgId: MMSG-15996]
Starting iteration 42.	[MsgId: MMSG-15968]
Error: Parameter 'numPassengers': All values in unique block already used. Block size is 20. The parameter continues with last value of the range according to "When Out Of Values" policy.	[MsgId: MERR-13699]
Start auto log messages stack.	[MsgId: MMSG-10546]
Ending iteration 45.	[MsgId: MMSG-15965]
Waiting 33,3990 seconds for iteration pacing.	[MsgId: MMSG-15996]
Starting iteration 46.	[MsgId: MMSG-15968]
Error: Parameter 'numPassengers': All values in unique block already used. Block size is 20. The parameter continues with last value of the range according to "When Out Of Values" policy.	[MsgId: MERR-13699]
Start auto log messages stack.	[MsgId: MMSG-10546]
Ending iteration 44.	[MsgId: MMSG-15965]
Waiting 33,3990 seconds for iteration pacing.	[MsgId: MMSG-15996]
Starting iteration 45.	[MsgId: MMSG-15968]
Error: Parameter 'numPassengers': All values in unique block already used. Block size is 20. The parameter continues with last value of the range according to "When Out Of Values" policy.	[MsgId: MERR-13699]
Start auto log messages stack.	[MsgId: MMSG-10546]
Ending iteration 43.	[MsgId: MMSG-15965]
Waiting 33,3980 seconds for iteration pacing.	[MsgId: MMSG-15996]
Starting iteration 44.	[MsgId: MMSG-15968]
Error: Parameter 'numPassengers': All values in unique block already used. Block size is 20. The parameter continues with last value of the range according to "When Out Of Values" policy.	[MsgId: MERR-13699]
Start auto log messages stack.	[MsgId: MMSG-10546]
Ending iteration 42.	[MsgId: MMSG-15965]
Waiting 33,3410 seconds for iteration pacing.	[MsgId: MMSG-15996]
Starting iteration 43.	[MsgId: MMSG-15968]
Error: Parameter 'numPassengers': All values in unique block already used. Block size is 20. The parameter continues with last value of the range according to "When Out Of Values" policy.	[MsgId: MERR-13699]
Start auto log messages stack.	[MsgId: MMSG-10546]
Ending iteration 46.	[MsgId: MMSG-15965]
Waiting 33,3960 seconds for iteration pacing.	[MsgId: MMSG-15996]
Starting iteration 47.	[MsgId: MMSG-15968]
Error: Parameter 'numPassengers': All values in unique block already used. Block size is 20. The parameter continues with last value of the range according to "When Out Of Values" policy.	[MsgId: MERR-13699]
Start auto log messages stack.	[MsgId: MMSG-10546]
Ending iteration 45.	[MsgId: MMSG-15965]
Waiting 33,3640 seconds for iteration pacing.	[MsgId: MMSG-15996]
Starting iteration 46.	[MsgId: MMSG-15968]
Error: Parameter 'numPassengers': All values in unique block already used. Block size is 20. The parameter continues with last value of the range according to "When Out Of Values" policy.	[MsgId: MERR-13699]
Start auto log messages stack.	[MsgId: MMSG-10546]
Ending iteration 44.	[MsgId: MMSG-15965]
Waiting 33,4020 seconds for iteration pacing.	[MsgId: MMSG-15996]
Starting iteration 45.	[MsgId: MMSG-15968]
Error: Parameter 'numPassengers': All values in unique block already used. Block size is 20. The parameter continues with last value of the range according to "When Out Of Values" policy.	[MsgId: MERR-13699]
Start auto log messages stack.	[MsgId: MMSG-10546]
Ending iteration 43.	[MsgId: MMSG-15965]
Waiting 33,3660 seconds for iteration pacing.	[MsgId: MMSG-15996]
Starting iteration 44.	[MsgId: MMSG-15968]
Error: Parameter 'numPassengers': All values in unique block already used. Block size is 20. The parameter continues with last value of the range according to "When Out Of Values" policy.	[MsgId: MERR-13699]
Start auto log messages stack.	[MsgId: MMSG-10546]
Ending iteration 47.	[MsgId: MMSG-15965]
Waiting 33,4050 seconds for iteration pacing.	[MsgId: MMSG-15996]
Starting iteration 48.	[MsgId: MMSG-15968]
Error: Parameter 'numPassengers': All values in unique block already used. Block size is 20. The parameter continues with last value of the range according to "When Out Of Values" policy.	[MsgId: MERR-13699]
Start auto log messages stack.	[MsgId: MMSG-10546]
Ending iteration 46.	[MsgId: MMSG-15965]
Waiting 33,3670 seconds for iteration pacing.	[MsgId: MMSG-15996]
Starting iteration 47.	[MsgId: MMSG-15968]
Error: Parameter 'numPassengers': All values in unique block already used. Block size is 20. The parameter continues with last value of the range according to "When Out Of Values" policy.	[MsgId: MERR-13699]
Start auto log messages stack.	[MsgId: MMSG-10546]
Ending iteration 45.	[MsgId: MMSG-15965]
Waiting 33,2860 seconds for iteration pacing.	[MsgId: MMSG-15996]
Starting iteration 46.	[MsgId: MMSG-15968]
Error: Parameter 'numPassengers': All values in unique block already used. Block size is 20. The parameter continues with last value of the range according to "When Out Of Values" policy.	[MsgId: MERR-13699]
Start auto log messages stack.	[MsgId: MMSG-10546]
Ending iteration 44.	[MsgId: MMSG-15965]
Waiting 33,3700 seconds for iteration pacing.	[MsgId: MMSG-15996]
Starting iteration 45.	[MsgId: MMSG-15968]
Error: Parameter 'numPassengers': All values in unique block already used. Block size is 20. The parameter continues with last value of the range according to "When Out Of Values" policy.	[MsgId: MERR-13699]
Start auto log messages stack.	[MsgId: MMSG-10546]
Ending iteration 48.	[MsgId: MMSG-15965]
Waiting 33,3860 seconds for iteration pacing.	[MsgId: MMSG-15996]
Starting iteration 49.	[MsgId: MMSG-15968]
Error: Parameter 'numPassengers': All values in unique block already used. Block size is 20. The parameter continues with last value of the range according to "When Out Of Values" policy.	[MsgId: MERR-13699]
Start auto log messages stack.	[MsgId: MMSG-10546]
Ending iteration 47.	[MsgId: MMSG-15965]
Waiting 33,3790 seconds for iteration pacing.	[MsgId: MMSG-15996]
Starting iteration 48.	[MsgId: MMSG-15968]
Error: Parameter 'numPassengers': All values in unique block already used. Block size is 20. The parameter continues with last value of the range according to "When Out Of Values" policy.	[MsgId: MERR-13699]
Start auto log messages stack.	[MsgId: MMSG-10546]
Ending iteration 46.	[MsgId: MMSG-15965]
Waiting 33,3890 seconds for iteration pacing.	[MsgId: MMSG-15996]
Starting iteration 47.	[MsgId: MMSG-15968]
Error: Parameter 'numPassengers': All values in unique block already used. Block size is 20. The parameter continues with last value of the range according to "When Out Of Values" policy.	[MsgId: MERR-13699]
Start auto log messages stack.	[MsgId: MMSG-10546]
Ending iteration 45.	[MsgId: MMSG-15965]
Waiting 33,4390 seconds for iteration pacing.	[MsgId: MMSG-15996]
Starting iteration 46.	[MsgId: MMSG-15968]
Error: Parameter 'numPassengers': All values in unique block already used. Block size is 20. The parameter continues with last value of the range according to "When Out Of Values" policy.	[MsgId: MERR-13699]
Start auto log messages stack.	[MsgId: MMSG-10546]
Ending iteration 49.	[MsgId: MMSG-15965]
Waiting 33,4160 seconds for iteration pacing.	[MsgId: MMSG-15996]
Starting iteration 50.	[MsgId: MMSG-15968]
Error: Parameter 'numPassengers': All values in unique block already used. Block size is 20. The parameter continues with last value of the range according to "When Out Of Values" policy.	[MsgId: MERR-13699]
Start auto log messages stack.	[MsgId: MMSG-10546]
Ending iteration 48.	[MsgId: MMSG-15965]
Waiting 33,3640 seconds for iteration pacing.	[MsgId: MMSG-15996]
Starting iteration 49.	[MsgId: MMSG-15968]
Error: Parameter 'numPassengers': All values in unique block already used. Block size is 20. The parameter continues with last value of the range according to "When Out Of Values" policy.	[MsgId: MERR-13699]
Start auto log messages stack.	[MsgId: MMSG-10546]
Ending iteration 47.	[MsgId: MMSG-15965]
Waiting 33,3700 seconds for iteration pacing.	[MsgId: MMSG-15996]
Starting iteration 48.	[MsgId: MMSG-15968]
Error: Parameter 'numPassengers': All values in unique block already used. Block size is 20. The parameter continues with last value of the range according to "When Out Of Values" policy.	[MsgId: MERR-13699]
Start auto log messages stack.	[MsgId: MMSG-10546]
Ending iteration 46.	[MsgId: MMSG-15965]
Waiting 33,3490 seconds for iteration pacing.	[MsgId: MMSG-15996]
Starting iteration 47.	[MsgId: MMSG-15968]
Error: Parameter 'numPassengers': All values in unique block already used. Block size is 20. The parameter continues with last value of the range according to "When Out Of Values" policy.	[MsgId: MERR-13699]
Start auto log messages stack.	[MsgId: MMSG-10546]
Ending iteration 50.	[MsgId: MMSG-15965]
Waiting 33,4070 seconds for iteration pacing.	[MsgId: MMSG-15996]
Starting iteration 51.	[MsgId: MMSG-15968]
Error: Parameter 'numPassengers': All values in unique block already used. Block size is 20. The parameter continues with last value of the range according to "When Out Of Values" policy.	[MsgId: MERR-13699]
Start auto log messages stack.	[MsgId: MMSG-10546]
Ending iteration 49.	[MsgId: MMSG-15965]
Waiting 33,3810 seconds for iteration pacing.	[MsgId: MMSG-15996]
Starting iteration 50.	[MsgId: MMSG-15968]
Error: Parameter 'numPassengers': All values in unique block already used. Block size is 20. The parameter continues with last value of the range according to "When Out Of Values" policy.	[MsgId: MERR-13699]
Start auto log messages stack.	[MsgId: MMSG-10546]
Ending iteration 48.	[MsgId: MMSG-15965]
Waiting 33,3570 seconds for iteration pacing.	[MsgId: MMSG-15996]
Starting iteration 49.	[MsgId: MMSG-15968]
Error: Parameter 'numPassengers': All values in unique block already used. Block size is 20. The parameter continues with last value of the range according to "When Out Of Values" policy.	[MsgId: MERR-13699]
Start auto log messages stack.	[MsgId: MMSG-10546]
Ending iteration 47.	[MsgId: MMSG-15965]
Waiting 33,3620 seconds for iteration pacing.	[MsgId: MMSG-15996]
Starting iteration 48.	[MsgId: MMSG-15968]
Error: Parameter 'numPassengers': All values in unique block already used. Block size is 20. The parameter continues with last value of the range according to "When Out Of Values" policy.	[MsgId: MERR-13699]
Start auto log messages stack.	[MsgId: MMSG-10546]
Ending iteration 51.	[MsgId: MMSG-15965]
Waiting 33,3860 seconds for iteration pacing.	[MsgId: MMSG-15996]
Starting iteration 52.	[MsgId: MMSG-15968]
Error: Parameter 'numPassengers': All values in unique block already used. Block size is 20. The parameter continues with last value of the range according to "When Out Of Values" policy.	[MsgId: MERR-13699]
Start auto log messages stack.	[MsgId: MMSG-10546]
Ending iteration 50.	[MsgId: MMSG-15965]
Waiting 33,4100 seconds for iteration pacing.	[MsgId: MMSG-15996]
Starting iteration 51.	[MsgId: MMSG-15968]
Error: Parameter 'numPassengers': All values in unique block already used. Block size is 20. The parameter continues with last value of the range according to "When Out Of Values" policy.	[MsgId: MERR-13699]
Start auto log messages stack.	[MsgId: MMSG-10546]
Ending iteration 49.	[MsgId: MMSG-15965]
Waiting 33,4140 seconds for iteration pacing.	[MsgId: MMSG-15996]
Starting iteration 50.	[MsgId: MMSG-15968]
Error: Parameter 'numPassengers': All values in unique block already used. Block size is 20. The parameter continues with last value of the range according to "When Out Of Values" policy.	[MsgId: MERR-13699]
Start auto log messages stack.	[MsgId: MMSG-10546]
Ending iteration 48.	[MsgId: MMSG-15965]
Waiting 33,3880 seconds for iteration pacing.	[MsgId: MMSG-15996]
Starting iteration 49.	[MsgId: MMSG-15968]
Error: Parameter 'numPassengers': All values in unique block already used. Block size is 20. The parameter continues with last value of the range according to "When Out Of Values" policy.	[MsgId: MERR-13699]
Start auto log messages stack.	[MsgId: MMSG-10546]
Ending iteration 52.	[MsgId: MMSG-15965]
Waiting 33,3930 seconds for iteration pacing.	[MsgId: MMSG-15996]
Starting iteration 53.	[MsgId: MMSG-15968]
Error: Parameter 'numPassengers': All values in unique block already used. Block size is 20. The parameter continues with last value of the range according to "When Out Of Values" policy.	[MsgId: MERR-13699]
Start auto log messages stack.	[MsgId: MMSG-10546]
Ending iteration 51.	[MsgId: MMSG-15965]
Waiting 33,3710 seconds for iteration pacing.	[MsgId: MMSG-15996]
Starting iteration 52.	[MsgId: MMSG-15968]
Error: Parameter 'numPassengers': All values in unique block already used. Block size is 20. The parameter continues with last value of the range according to "When Out Of Values" policy.	[MsgId: MERR-13699]
Start auto log messages stack.	[MsgId: MMSG-10546]
Ending iteration 50.	[MsgId: MMSG-15965]
Waiting 33,3170 seconds for iteration pacing.	[MsgId: MMSG-15996]
Starting iteration 51.	[MsgId: MMSG-15968]
Error: Parameter 'numPassengers': All values in unique block already used. Block size is 20. The parameter continues with last value of the range according to "When Out Of Values" policy.	[MsgId: MERR-13699]
Start auto log messages stack.	[MsgId: MMSG-10546]
Ending iteration 49.	[MsgId: MMSG-15965]
Waiting 33,3610 seconds for iteration pacing.	[MsgId: MMSG-15996]
Starting iteration 50.	[MsgId: MMSG-15968]
Error: Parameter 'numPassengers': All values in unique block already used. Block size is 20. The parameter continues with last value of the range according to "When Out Of Values" policy.	[MsgId: MERR-13699]
Start auto log messages stack.	[MsgId: MMSG-10546]
Ending iteration 53.	[MsgId: MMSG-15965]
Waiting 33,3940 seconds for iteration pacing.	[MsgId: MMSG-15996]
Starting iteration 54.	[MsgId: MMSG-15968]
Error: Parameter 'numPassengers': All values in unique block already used. Block size is 20. The parameter continues with last value of the range according to "When Out Of Values" policy.	[MsgId: MERR-13699]
Start auto log messages stack.	[MsgId: MMSG-10546]
Ending iteration 52.	[MsgId: MMSG-15965]
Waiting 33,4250 seconds for iteration pacing.	[MsgId: MMSG-15996]
Starting iteration 53.	[MsgId: MMSG-15968]
Error: Parameter 'numPassengers': All values in unique block already used. Block size is 20. The parameter continues with last value of the range according to "When Out Of Values" policy.	[MsgId: MERR-13699]
Start auto log messages stack.	[MsgId: MMSG-10546]
Ending iteration 51.	[MsgId: MMSG-15965]
Waiting 33,3760 seconds for iteration pacing.	[MsgId: MMSG-15996]
Starting iteration 52.	[MsgId: MMSG-15968]
Error: Parameter 'numPassengers': All values in unique block already used. Block size is 20. The parameter continues with last value of the range according to "When Out Of Values" policy.	[MsgId: MERR-13699]
Start auto log messages stack.	[MsgId: MMSG-10546]
Ending iteration 50.	[MsgId: MMSG-15965]
Waiting 33,3320 seconds for iteration pacing.	[MsgId: MMSG-15996]
Starting iteration 51.	[MsgId: MMSG-15968]
Error: Parameter 'numPassengers': All values in unique block already used. Block size is 20. The parameter continues with last value of the range according to "When Out Of Values" policy.	[MsgId: MERR-13699]
Start auto log messages stack.	[MsgId: MMSG-10546]
Ending iteration 54.	[MsgId: MMSG-15965]
Waiting 33,4220 seconds for iteration pacing.	[MsgId: MMSG-15996]
Starting iteration 55.	[MsgId: MMSG-15968]
Error: Parameter 'numPassengers': All values in unique block already used. Block size is 20. The parameter continues with last value of the range according to "When Out Of Values" policy.	[MsgId: MERR-13699]
Start auto log messages stack.	[MsgId: MMSG-10546]
Ending iteration 53.	[MsgId: MMSG-15965]
Waiting 33,3990 seconds for iteration pacing.	[MsgId: MMSG-15996]
Starting iteration 54.	[MsgId: MMSG-15968]
Error: Parameter 'numPassengers': All values in unique block already used. Block size is 20. The parameter continues with last value of the range according to "When Out Of Values" policy.	[MsgId: MERR-13699]
Start auto log messages stack.	[MsgId: MMSG-10546]
Ending iteration 52.	[MsgId: MMSG-15965]
Waiting 33,3800 seconds for iteration pacing.	[MsgId: MMSG-15996]
Starting iteration 53.	[MsgId: MMSG-15968]
Error: Parameter 'numPassengers': All values in unique block already used. Block size is 20. The parameter continues with last value of the range according to "When Out Of Values" policy.	[MsgId: MERR-13699]
Start auto log messages stack.	[MsgId: MMSG-10546]
Ending iteration 51.	[MsgId: MMSG-15965]
Waiting 33,3240 seconds for iteration pacing.	[MsgId: MMSG-15996]
Starting iteration 52.	[MsgId: MMSG-15968]
Error: Parameter 'numPassengers': All values in unique block already used. Block size is 20. The parameter continues with last value of the range according to "When Out Of Values" policy.	[MsgId: MERR-13699]
Start auto log messages stack.	[MsgId: MMSG-10546]
Ending iteration 55.	[MsgId: MMSG-15965]
Waiting 33,3640 seconds for iteration pacing.	[MsgId: MMSG-15996]
Starting iteration 56.	[MsgId: MMSG-15968]
Error: Parameter 'numPassengers': All values in unique block already used. Block size is 20. The parameter continues with last value of the range according to "When Out Of Values" policy.	[MsgId: MERR-13699]
Start auto log messages stack.	[MsgId: MMSG-10546]
Ending iteration 54.	[MsgId: MMSG-15965]
Waiting 33,3770 seconds for iteration pacing.	[MsgId: MMSG-15996]
Starting iteration 55.	[MsgId: MMSG-15968]
Error: Parameter 'numPassengers': All values in unique block already used. Block size is 20. The parameter continues with last value of the range according to "When Out Of Values" policy.	[MsgId: MERR-13699]
Start auto log messages stack.	[MsgId: MMSG-10546]
Ending iteration 53.	[MsgId: MMSG-15965]
Waiting 33,4140 seconds for iteration pacing.	[MsgId: MMSG-15996]
Starting iteration 54.	[MsgId: MMSG-15968]
Error: Parameter 'numPassengers': All values in unique block already used. Block size is 20. The parameter continues with last value of the range according to "When Out Of Values" policy.	[MsgId: MERR-13699]
Start auto log messages stack.	[MsgId: MMSG-10546]
Ending iteration 52.	[MsgId: MMSG-15965]
Waiting 33,3290 seconds for iteration pacing.	[MsgId: MMSG-15996]
Starting iteration 53.	[MsgId: MMSG-15968]
Error: Parameter 'numPassengers': All values in unique block already used. Block size is 20. The parameter continues with last value of the range according to "When Out Of Values" policy.	[MsgId: MERR-13699]
Start auto log messages stack.	[MsgId: MMSG-10546]
Ending iteration 56.	[MsgId: MMSG-15965]
Waiting 33,4440 seconds for iteration pacing.	[MsgId: MMSG-15996]
Starting iteration 57.	[MsgId: MMSG-15968]
Error: Parameter 'numPassengers': All values in unique block already used. Block size is 20. The parameter continues with last value of the range according to "When Out Of Values" policy.	[MsgId: MERR-13699]
Start auto log messages stack.	[MsgId: MMSG-10546]
Ending iteration 55.	[MsgId: MMSG-15965]
Waiting 33,3690 seconds for iteration pacing.	[MsgId: MMSG-15996]
Starting iteration 56.	[MsgId: MMSG-15968]
Error: Parameter 'numPassengers': All values in unique block already used. Block size is 20. The parameter continues with last value of the range according to "When Out Of Values" policy.	[MsgId: MERR-13699]
Start auto log messages stack.	[MsgId: MMSG-10546]
Ending iteration 54.	[MsgId: MMSG-15965]
Waiting 33,4200 seconds for iteration pacing.	[MsgId: MMSG-15996]
Starting iteration 55.	[MsgId: MMSG-15968]
Error: Parameter 'numPassengers': All values in unique block already used. Block size is 20. The parameter continues with last value of the range according to "When Out Of Values" policy.	[MsgId: MERR-13699]
Start auto log messages stack.	[MsgId: MMSG-10546]
Ending iteration 53.	[MsgId: MMSG-15965]
Waiting 33,4390 seconds for iteration pacing.	[MsgId: MMSG-15996]
Starting iteration 54.	[MsgId: MMSG-15968]
Error: Parameter 'numPassengers': All values in unique block already used. Block size is 20. The parameter continues with last value of the range according to "When Out Of Values" policy.	[MsgId: MERR-13699]
Start auto log messages stack.	[MsgId: MMSG-10546]
Ending iteration 57.	[MsgId: MMSG-15965]
Waiting 33,4100 seconds for iteration pacing.	[MsgId: MMSG-15996]
Starting iteration 58.	[MsgId: MMSG-15968]
Error: Parameter 'numPassengers': All values in unique block already used. Block size is 20. The parameter continues with last value of the range according to "When Out Of Values" policy.	[MsgId: MERR-13699]
Start auto log messages stack.	[MsgId: MMSG-10546]
Ending iteration 56.	[MsgId: MMSG-15965]
Waiting 33,3760 seconds for iteration pacing.	[MsgId: MMSG-15996]
Starting iteration 57.	[MsgId: MMSG-15968]
Error: Parameter 'numPassengers': All values in unique block already used. Block size is 20. The parameter continues with last value of the range according to "When Out Of Values" policy.	[MsgId: MERR-13699]
Start auto log messages stack.	[MsgId: MMSG-10546]
Ending iteration 55.	[MsgId: MMSG-15965]
Waiting 33,3310 seconds for iteration pacing.	[MsgId: MMSG-15996]
Starting iteration 56.	[MsgId: MMSG-15968]
Error: Parameter 'numPassengers': All values in unique block already used. Block size is 20. The parameter continues with last value of the range according to "When Out Of Values" policy.	[MsgId: MERR-13699]
Start auto log messages stack.	[MsgId: MMSG-10546]
Ending iteration 54.	[MsgId: MMSG-15965]
Waiting 33,3550 seconds for iteration pacing.	[MsgId: MMSG-15996]
Starting iteration 55.	[MsgId: MMSG-15968]
Error: Parameter 'numPassengers': All values in unique block already used. Block size is 20. The parameter continues with last value of the range according to "When Out Of Values" policy.	[MsgId: MERR-13699]
Start auto log messages stack.	[MsgId: MMSG-10546]
Ending iteration 58.	[MsgId: MMSG-15965]
Waiting 33,3970 seconds for iteration pacing.	[MsgId: MMSG-15996]
Starting iteration 59.	[MsgId: MMSG-15968]
Error: Parameter 'numPassengers': All values in unique block already used. Block size is 20. The parameter continues with last value of the range according to "When Out Of Values" policy.	[MsgId: MERR-13699]
Start auto log messages stack.	[MsgId: MMSG-10546]
Ending iteration 57.	[MsgId: MMSG-15965]
Waiting 33,3470 seconds for iteration pacing.	[MsgId: MMSG-15996]
Starting iteration 58.	[MsgId: MMSG-15968]
Error: Parameter 'numPassengers': All values in unique block already used. Block size is 20. The parameter continues with last value of the range according to "When Out Of Values" policy.	[MsgId: MERR-13699]
Start auto log messages stack.	[MsgId: MMSG-10546]
Ending iteration 56.	[MsgId: MMSG-15965]
Waiting 33,4280 seconds for iteration pacing.	[MsgId: MMSG-15996]
Starting iteration 57.	[MsgId: MMSG-15968]
Error: Parameter 'numPassengers': All values in unique block already used. Block size is 20. The parameter continues with last value of the range according to "When Out Of Values" policy.	[MsgId: MERR-13699]
Start auto log messages stack.	[MsgId: MMSG-10546]
Ending iteration 55.	[MsgId: MMSG-15965]
Waiting 33,3440 seconds for iteration pacing.	[MsgId: MMSG-15996]
Starting iteration 56.	[MsgId: MMSG-15968]
Error: Parameter 'numPassengers': All values in unique block already used. Block size is 20. The parameter continues with last value of the range according to "When Out Of Values" policy.	[MsgId: MERR-13699]
Start auto log messages stack.	[MsgId: MMSG-10546]
Ending iteration 59.	[MsgId: MMSG-15965]
Waiting 33,4030 seconds for iteration pacing.	[MsgId: MMSG-15996]
Starting iteration 60.	[MsgId: MMSG-15968]
Error: Parameter 'numPassengers': All values in unique block already used. Block size is 20. The parameter continues with last value of the range according to "When Out Of Values" policy.	[MsgId: MERR-13699]
Start auto log messages stack.	[MsgId: MMSG-10546]
Ending iteration 58.	[MsgId: MMSG-15965]
Waiting 33,4000 seconds for iteration pacing.	[MsgId: MMSG-15996]
Starting iteration 59.	[MsgId: MMSG-15968]
Error: Parameter 'numPassengers': All values in unique block already used. Block size is 20. The parameter continues with last value of the range according to "When Out Of Values" policy.	[MsgId: MERR-13699]
Start auto log messages stack.	[MsgId: MMSG-10546]
Ending iteration 57.	[MsgId: MMSG-15965]
Waiting 33,3790 seconds for iteration pacing.	[MsgId: MMSG-15996]
Starting iteration 58.	[MsgId: MMSG-15968]
Error: Parameter 'numPassengers': All values in unique block already used. Block size is 20. The parameter continues with last value of the range according to "When Out Of Values" policy.	[MsgId: MERR-13699]
Start auto log messages stack.	[MsgId: MMSG-10546]
Ending iteration 56.	[MsgId: MMSG-15965]
Waiting 33,3480 seconds for iteration pacing.	[MsgId: MMSG-15996]
Starting iteration 57.	[MsgId: MMSG-15968]
Error: Parameter 'numPassengers': All values in unique block already used. Block size is 20. The parameter continues with last value of the range according to "When Out Of Values" policy.	[MsgId: MERR-13699]
Start auto log messages stack.	[MsgId: MMSG-10546]
Ending iteration 60.	[MsgId: MMSG-15965]
Waiting 33,4300 seconds for iteration pacing.	[MsgId: MMSG-15996]
Starting iteration 61.	[MsgId: MMSG-15968]
Error: Parameter 'numPassengers': All values in unique block already used. Block size is 20. The parameter continues with last value of the range according to "When Out Of Values" policy.	[MsgId: MERR-13699]
Start auto log messages stack.	[MsgId: MMSG-10546]
Ending iteration 59.	[MsgId: MMSG-15965]
Waiting 33,3910 seconds for iteration pacing.	[MsgId: MMSG-15996]
Starting iteration 60.	[MsgId: MMSG-15968]
Error: Parameter 'numPassengers': All values in unique block already used. Block size is 20. The parameter continues with last value of the range according to "When Out Of Values" policy.	[MsgId: MERR-13699]
Start auto log messages stack.	[MsgId: MMSG-10546]
Ending iteration 58.	[MsgId: MMSG-15965]
Waiting 33,3710 seconds for iteration pacing.	[MsgId: MMSG-15996]
Starting iteration 59.	[MsgId: MMSG-15968]
Error: Parameter 'numPassengers': All values in unique block already used. Block size is 20. The parameter continues with last value of the range according to "When Out Of Values" policy.	[MsgId: MERR-13699]
Start auto log messages stack.	[MsgId: MMSG-10546]
Ending iteration 57.	[MsgId: MMSG-15965]
Waiting 33,3890 seconds for iteration pacing.	[MsgId: MMSG-15996]
Starting iteration 58.	[MsgId: MMSG-15968]
Error: Parameter 'numPassengers': All values in unique block already used. Block size is 20. The parameter continues with last value of the range according to "When Out Of Values" policy.	[MsgId: MERR-13699]
Start auto log messages stack.	[MsgId: MMSG-10546]
Ending iteration 61.	[MsgId: MMSG-15965]
Waiting 33,4260 seconds for iteration pacing.	[MsgId: MMSG-15996]
Starting iteration 62.	[MsgId: MMSG-15968]
Error: Parameter 'numPassengers': All values in unique block already used. Block size is 20. The parameter continues with last value of the range according to "When Out Of Values" policy.	[MsgId: MERR-13699]
Start auto log messages stack.	[MsgId: MMSG-10546]
Ending iteration 60.	[MsgId: MMSG-15965]
Waiting 33,3550 seconds for iteration pacing.	[MsgId: MMSG-15996]
Starting iteration 61.	[MsgId: MMSG-15968]
Error: Parameter 'numPassengers': All values in unique block already used. Block size is 20. The parameter continues with last value of the range according to "When Out Of Values" policy.	[MsgId: MERR-13699]
Start auto log messages stack.	[MsgId: MMSG-10546]
Ending iteration 59.	[MsgId: MMSG-15965]
Waiting 33,3440 seconds for iteration pacing.	[MsgId: MMSG-15996]
Starting iteration 60.	[MsgId: MMSG-15968]
Error: Parameter 'numPassengers': All values in unique block already used. Block size is 20. The parameter continues with last value of the range according to "When Out Of Values" policy.	[MsgId: MERR-13699]
Start auto log messages stack.	[MsgId: MMSG-10546]
Ending iteration 58.	[MsgId: MMSG-15965]
Waiting 33,3830 seconds for iteration pacing.	[MsgId: MMSG-15996]
Starting iteration 59.	[MsgId: MMSG-15968]
Error: Parameter 'numPassengers': All values in unique block already used. Block size is 20. The parameter continues with last value of the range according to "When Out Of Values" policy.	[MsgId: MERR-13699]
