Start auto log messages stack.	[MsgId: MMSG-10546]
Ending iteration 20.	[MsgId: MMSG-15965]
Waiting 33,3070 seconds for iteration pacing.	[MsgId: MMSG-15996]
Starting iteration 21.	[MsgId: MMSG-15968]
Error: Parameter 'numPassengers': All values in unique block already used. Block size is 20. The parameter continues with last value of the range according to "When Out Of Values" policy.	[MsgId: MERR-13699]
Start auto log messages stack.	[MsgId: MMSG-10546]
Ending iteration 21.	[MsgId: MMSG-15965]
Waiting 33,3910 seconds for iteration pacing.	[MsgId: MMSG-15996]
Starting iteration 22.	[MsgId: MMSG-15968]
Error: Parameter 'numPassengers': All values in unique block already used. Block size is 20. The parameter continues with last value of the range according to "When Out Of Values" policy.	[MsgId: MERR-13699]
Start auto log messages stack.	[MsgId: MMSG-10546]
Ending iteration 20.	[MsgId: MMSG-15965]
Waiting 33,3880 seconds for iteration pacing.	[MsgId: MMSG-15996]
Starting iteration 21.	[MsgId: MMSG-15968]
Error: Parameter 'numPassengers': All values in unique block already used. Block size is 20. The parameter continues with last value of the range according to "When Out Of Values" policy.	[MsgId: MERR-13699]
Start auto log messages stack.	[MsgId: MMSG-10546]
Ending iteration 22.	[MsgId: MMSG-15965]
Waiting 33,4280 seconds for iteration pacing.	[MsgId: MMSG-15996]
Starting iteration 23.	[MsgId: MMSG-15968]
Error: Parameter 'numPassengers': All values in unique block already used. Block size is 20. The parameter continues with last value of the range according to "When Out Of Values" policy.	[MsgId: MERR-13699]
