Start auto log messages stack.	[MsgId: MMSG-10546]
Ending iteration 20.	[MsgId: MMSG-15965]
Waiting 22,1630 seconds for iteration pacing.	[MsgId: MMSG-15996]
Starting iteration 21.	[MsgId: MMSG-15968]
Error: Parameter 'numPassengers': All values in unique block already used. Block size is 20. The parameter continues with last value of the range according to "When Out Of Values" policy.	[MsgId: MERR-13699]
Start auto log messages stack.	[MsgId: MMSG-10546]
Ending iteration 21.	[MsgId: MMSG-15965]
Waiting 22,5570 seconds for iteration pacing.	[MsgId: MMSG-15996]
Starting iteration 22.	[MsgId: MMSG-15968]
Error: Parameter 'numPassengers': All values in unique block already used. Block size is 20. The parameter continues with last value of the range according to "When Out Of Values" policy.	[MsgId: MERR-13699]
Start auto log messages stack.	[MsgId: MMSG-10546]
Ending iteration 20.	[MsgId: MMSG-15965]
Waiting 22,5500 seconds for iteration pacing.	[MsgId: MMSG-15996]
Starting iteration 21.	[MsgId: MMSG-15968]
Error: Parameter 'numPassengers': All values in unique block already used. Block size is 20. The parameter continues with last value of the range according to "When Out Of Values" policy.	[MsgId: MERR-13699]
Start auto log messages stack.	[MsgId: MMSG-10546]
Ending iteration 22.	[MsgId: MMSG-15965]
Waiting 22,5830 seconds for iteration pacing.	[MsgId: MMSG-15996]
Starting iteration 23.	[MsgId: MMSG-15968]
Error: Parameter 'numPassengers': All values in unique block already used. Block size is 20. The parameter continues with last value of the range according to "When Out Of Values" policy.	[MsgId: MERR-13699]
Start auto log messages stack.	[MsgId: MMSG-10546]
Ending iteration 21.	[MsgId: MMSG-15965]
Waiting 22,5670 seconds for iteration pacing.	[MsgId: MMSG-15996]
Starting iteration 22.	[MsgId: MMSG-15968]
Error: Parameter 'numPassengers': All values in unique block already used. Block size is 20. The parameter continues with last value of the range according to "When Out Of Values" policy.	[MsgId: MERR-13699]
Start auto log messages stack.	[MsgId: MMSG-10546]
Ending iteration 23.	[MsgId: MMSG-15965]
Waiting 22,5400 seconds for iteration pacing.	[MsgId: MMSG-15996]
Starting iteration 24.	[MsgId: MMSG-15968]
Error: Parameter 'numPassengers': All values in unique block already used. Block size is 20. The parameter continues with last value of the range according to "When Out Of Values" policy.	[MsgId: MERR-13699]
Start auto log messages stack.	[MsgId: MMSG-10546]
Ending iteration 20.	[MsgId: MMSG-15965]
Waiting 22,5670 seconds for iteration pacing.	[MsgId: MMSG-15996]
Starting iteration 21.	[MsgId: MMSG-15968]
Error: Parameter 'numPassengers': All values in unique block already used. Block size is 20. The parameter continues with last value of the range according to "When Out Of Values" policy.	[MsgId: MERR-13699]
Start auto log messages stack.	[MsgId: MMSG-10546]
Ending iteration 22.	[MsgId: MMSG-15965]
Waiting 22,5550 seconds for iteration pacing.	[MsgId: MMSG-15996]
Starting iteration 23.	[MsgId: MMSG-15968]
Error: Parameter 'numPassengers': All values in unique block already used. Block size is 20. The parameter continues with last value of the range according to "When Out Of Values" policy.	[MsgId: MERR-13699]
Start auto log messages stack.	[MsgId: MMSG-10546]
Ending iteration 24.	[MsgId: MMSG-15965]
Waiting 22,5460 seconds for iteration pacing.	[MsgId: MMSG-15996]
Starting iteration 25.	[MsgId: MMSG-15968]
Error: Parameter 'numPassengers': All values in unique block already used. Block size is 20. The parameter continues with last value of the range according to "When Out Of Values" policy.	[MsgId: MERR-13699]
Start auto log messages stack.	[MsgId: MMSG-10546]
Ending iteration 21.	[MsgId: MMSG-15965]
Waiting 22,5690 seconds for iteration pacing.	[MsgId: MMSG-15996]
Starting iteration 22.	[MsgId: MMSG-15968]
Error: Parameter 'numPassengers': All values in unique block already used. Block size is 20. The parameter continues with last value of the range according to "When Out Of Values" policy.	[MsgId: MERR-13699]
Start auto log messages stack.	[MsgId: MMSG-10546]
Ending iteration 23.	[MsgId: MMSG-15965]
Waiting 22,5780 seconds for iteration pacing.	[MsgId: MMSG-15996]
Starting iteration 24.	[MsgId: MMSG-15968]
Error: Parameter 'numPassengers': All values in unique block already used. Block size is 20. The parameter continues with last value of the range according to "When Out Of Values" policy.	[MsgId: MERR-13699]
Start auto log messages stack.	[MsgId: MMSG-10546]
Ending iteration 25.	[MsgId: MMSG-15965]
Waiting 22,5430 seconds for iteration pacing.	[MsgId: MMSG-15996]
Starting iteration 26.	[MsgId: MMSG-15968]
Error: Parameter 'numPassengers': All values in unique block already used. Block size is 20. The parameter continues with last value of the range according to "When Out Of Values" policy.	[MsgId: MERR-13699]
Start auto log messages stack.	[MsgId: MMSG-10546]
Ending iteration 22.	[MsgId: MMSG-15965]
Waiting 22,5510 seconds for iteration pacing.	[MsgId: MMSG-15996]
Starting iteration 23.	[MsgId: MMSG-15968]
Error: Parameter 'numPassengers': All values in unique block already used. Block size is 20. The parameter continues with last value of the range according to "When Out Of Values" policy.	[MsgId: MERR-13699]
Start auto log messages stack.	[MsgId: MMSG-10546]
Ending iteration 24.	[MsgId: MMSG-15965]
Waiting 22,5540 seconds for iteration pacing.	[MsgId: MMSG-15996]
Starting iteration 25.	[MsgId: MMSG-15968]
Error: Parameter 'numPassengers': All values in unique block already used. Block size is 20. The parameter continues with last value of the range according to "When Out Of Values" policy.	[MsgId: MERR-13699]
Start auto log messages stack.	[MsgId: MMSG-10546]
Ending iteration 26.	[MsgId: MMSG-15965]
Waiting 22,5560 seconds for iteration pacing.	[MsgId: MMSG-15996]
Starting iteration 27.	[MsgId: MMSG-15968]
Error: Parameter 'numPassengers': All values in unique block already used. Block size is 20. The parameter continues with last value of the range according to "When Out Of Values" policy.	[MsgId: MERR-13699]
Start auto log messages stack.	[MsgId: MMSG-10546]
Ending iteration 23.	[MsgId: MMSG-15965]
Waiting 22,5630 seconds for iteration pacing.	[MsgId: MMSG-15996]
Starting iteration 24.	[MsgId: MMSG-15968]
Error: Parameter 'numPassengers': All values in unique block already used. Block size is 20. The parameter continues with last value of the range according to "When Out Of Values" policy.	[MsgId: MERR-13699]
Start auto log messages stack.	[MsgId: MMSG-10546]
Ending iteration 25.	[MsgId: MMSG-15965]
Waiting 22,5630 seconds for iteration pacing.	[MsgId: MMSG-15996]
Starting iteration 26.	[MsgId: MMSG-15968]
Error: Parameter 'numPassengers': All values in unique block already used. Block size is 20. The parameter continues with last value of the range according to "When Out Of Values" policy.	[MsgId: MERR-13699]
Start auto log messages stack.	[MsgId: MMSG-10546]
Ending iteration 27.	[MsgId: MMSG-15965]
Waiting 22,5950 seconds for iteration pacing.	[MsgId: MMSG-15996]
Starting iteration 28.	[MsgId: MMSG-15968]
Error: Parameter 'numPassengers': All values in unique block already used. Block size is 20. The parameter continues with last value of the range according to "When Out Of Values" policy.	[MsgId: MERR-13699]
Start auto log messages stack.	[MsgId: MMSG-10546]
Ending iteration 24.	[MsgId: MMSG-15965]
Waiting 22,6080 seconds for iteration pacing.	[MsgId: MMSG-15996]
Starting iteration 25.	[MsgId: MMSG-15968]
Error: Parameter 'numPassengers': All values in unique block already used. Block size is 20. The parameter continues with last value of the range according to "When Out Of Values" policy.	[MsgId: MERR-13699]
Start auto log messages stack.	[MsgId: MMSG-10546]
Ending iteration 26.	[MsgId: MMSG-15965]
Waiting 22,5510 seconds for iteration pacing.	[MsgId: MMSG-15996]
Starting iteration 27.	[MsgId: MMSG-15968]
Error: Parameter 'numPassengers': All values in unique block already used. Block size is 20. The parameter continues with last value of the range according to "When Out Of Values" policy.	[MsgId: MERR-13699]
Start auto log messages stack.	[MsgId: MMSG-10546]
Ending iteration 28.	[MsgId: MMSG-15965]
Waiting 22,5930 seconds for iteration pacing.	[MsgId: MMSG-15996]
Starting iteration 29.	[MsgId: MMSG-15968]
Error: Parameter 'numPassengers': All values in unique block already used. Block size is 20. The parameter continues with last value of the range according to "When Out Of Values" policy.	[MsgId: MERR-13699]
Start auto log messages stack.	[MsgId: MMSG-10546]
Ending iteration 25.	[MsgId: MMSG-15965]
Waiting 22,5300 seconds for iteration pacing.	[MsgId: MMSG-15996]
Starting iteration 26.	[MsgId: MMSG-15968]
Error: Parameter 'numPassengers': All values in unique block already used. Block size is 20. The parameter continues with last value of the range according to "When Out Of Values" policy.	[MsgId: MERR-13699]
Start auto log messages stack.	[MsgId: MMSG-10546]
Ending iteration 27.	[MsgId: MMSG-15965]
Waiting 22,5620 seconds for iteration pacing.	[MsgId: MMSG-15996]
Starting iteration 28.	[MsgId: MMSG-15968]
Error: Parameter 'numPassengers': All values in unique block already used. Block size is 20. The parameter continues with last value of the range according to "When Out Of Values" policy.	[MsgId: MERR-13699]
Start auto log messages stack.	[MsgId: MMSG-10546]
Ending iteration 29.	[MsgId: MMSG-15965]
Waiting 22,5850 seconds for iteration pacing.	[MsgId: MMSG-15996]
Starting iteration 30.	[MsgId: MMSG-15968]
Error: Parameter 'numPassengers': All values in unique block already used. Block size is 20. The parameter continues with last value of the range according to "When Out Of Values" policy.	[MsgId: MERR-13699]
Start auto log messages stack.	[MsgId: MMSG-10546]
Ending iteration 26.	[MsgId: MMSG-15965]
Waiting 22,5240 seconds for iteration pacing.	[MsgId: MMSG-15996]
Starting iteration 27.	[MsgId: MMSG-15968]
Error: Parameter 'numPassengers': All values in unique block already used. Block size is 20. The parameter continues with last value of the range according to "When Out Of Values" policy.	[MsgId: MERR-13699]
Start auto log messages stack.	[MsgId: MMSG-10546]
Ending iteration 28.	[MsgId: MMSG-15965]
Waiting 22,5460 seconds for iteration pacing.	[MsgId: MMSG-15996]
Starting iteration 29.	[MsgId: MMSG-15968]
Error: Parameter 'numPassengers': All values in unique block already used. Block size is 20. The parameter continues with last value of the range according to "When Out Of Values" policy.	[MsgId: MERR-13699]
Start auto log messages stack.	[MsgId: MMSG-10546]
Ending iteration 30.	[MsgId: MMSG-15965]
Waiting 22,5590 seconds for iteration pacing.	[MsgId: MMSG-15996]
Starting iteration 31.	[MsgId: MMSG-15968]
Error: Parameter 'numPassengers': All values in unique block already used. Block size is 20. The parameter continues with last value of the range according to "When Out Of Values" policy.	[MsgId: MERR-13699]
Start auto log messages stack.	[MsgId: MMSG-10546]
Ending iteration 27.	[MsgId: MMSG-15965]
Waiting 22,5540 seconds for iteration pacing.	[MsgId: MMSG-15996]
Starting iteration 28.	[MsgId: MMSG-15968]
Error: Parameter 'numPassengers': All values in unique block already used. Block size is 20. The parameter continues with last value of the range according to "When Out Of Values" policy.	[MsgId: MERR-13699]
