Virtual User Script started at: 19.07.2020 19:28:46
Starting action vuser_init.
Web Turbo Replay of LoadRunner 2020.0.0 for Windows 10; build 793 (ноя 27 2019 19:51:20)  	[MsgId: MMSG-26983]
Run mode: HTML  	[MsgId: MMSG-26993]
Replay user agent: Mozilla/5.0 (Windows NT 10.0; WOW64; Trident/7.0; rv:11.0) like Gecko  	[MsgId: MMSG-26988]
Runtime Settings file: "C:\Users\Professional\Documents\VuGen\Scripts\03_Find_Flights\\default.cfg"  	[MsgId: MMSG-27141]
Ending action vuser_init.
Running Vuser...
Starting iteration 1.
Maximum number of concurrent connections per server: 6  	[MsgId: MMSG-26989]
Starting action Action.
Action.c(3): Notify: Transaction "03_Find_Flights" started.
Action.c(6): web_reg_save_param_attrib started  	[MsgId: MMSG-26355]
Action.c(6): Registering web_reg_save_param_attrib was successful  	[MsgId: MMSG-26390]
Action.c(17): Notify: Transaction "Open_Home_Page" started.
Action.c(19): web_reg_find started  	[MsgId: MMSG-26355]
Action.c(19): Registering web_reg_find was successful  	[MsgId: MMSG-26390]
Action.c(23): web_url("WebTours") started  	[MsgId: MMSG-26355]
Action.c(23): Detected non-resource "http://localhost:1080/WebTours/header.html" in "http://localhost:1080/WebTours/"  	[MsgId: MMSG-26574]
Action.c(23): Detected non-resource "http://localhost:1080/cgi-bin/welcome.pl?signOff=true" in "http://localhost:1080/WebTours/"  	[MsgId: MMSG-26574]
Action.c(23): Found resource "http://localhost:1080/WebTours/images/hp_logo.png" in HTML "http://localhost:1080/WebTours/header.html"  	[MsgId: MMSG-26659]
Action.c(23): Found resource "http://localhost:1080/WebTours/images/webtours.png" in HTML "http://localhost:1080/WebTours/header.html"  	[MsgId: MMSG-26659]
Action.c(23): Detected non-resource "http://localhost:1080/cgi-bin/nav.pl?in=home" in "http://localhost:1080/cgi-bin/welcome.pl?signOff=true"  	[MsgId: MMSG-26574]
Action.c(23): Detected non-resource "http://localhost:1080/WebTours/home.html" in "http://localhost:1080/cgi-bin/welcome.pl?signOff=true"  	[MsgId: MMSG-26574]
Action.c(23): Found resource "http://localhost:1080/WebTours/images/mer_login.gif" in HTML "http://localhost:1080/cgi-bin/nav.pl?in=home"  	[MsgId: MMSG-26659]
Action.c(23): Registered web_reg_find successful for "Text=Web Tours" (count=6)  	[MsgId: MMSG-26364]
Action.c(23): web_url("WebTours") was successful, 10080 body bytes, 2373 header bytes, 24 chunking overhead bytes  	[MsgId: MMSG-26385]
Action.c(33): Notify: Transaction "Open_Home_Page" ended with a "Pass" status (Duration: 0,2857 Wasted Time: 0,1390).
Action.c(37): Notify: Transaction "Login" started.
Action.c(39): web_reg_find started  	[MsgId: MMSG-26355]
Action.c(39): Registering web_reg_find was successful  	[MsgId: MMSG-26390]
Action.c(43): web_submit_data("login.pl") started  	[MsgId: MMSG-26355]
Action.c(43): Detected non-resource "http://localhost:1080/cgi-bin/nav.pl?page=menu&in=home" in "http://localhost:1080/cgi-bin/login.pl"  	[MsgId: MMSG-26574]
Action.c(43): Detected non-resource "http://localhost:1080/cgi-bin/login.pl?intro=true" in "http://localhost:1080/cgi-bin/login.pl"  	[MsgId: MMSG-26574]
Action.c(43): Found resource "http://localhost:1080/WebTours/images/flights.gif" in HTML "http://localhost:1080/cgi-bin/nav.pl?page=menu&in=home"  	[MsgId: MMSG-26659]
Action.c(43): Found resource "http://localhost:1080/WebTours/images/itinerary.gif" in HTML "http://localhost:1080/cgi-bin/nav.pl?page=menu&in=home"  	[MsgId: MMSG-26659]
Action.c(43): Found resource "http://localhost:1080/WebTours/images/in_home.gif" in HTML "http://localhost:1080/cgi-bin/nav.pl?page=menu&in=home"  	[MsgId: MMSG-26659]
Action.c(43): Found resource "http://localhost:1080/WebTours/images/signoff.gif" in HTML "http://localhost:1080/cgi-bin/nav.pl?page=menu&in=home"  	[MsgId: MMSG-26659]
Action.c(43): Registered web_reg_find successful for "Text=User password was correct" (count=1)  	[MsgId: MMSG-26364]
Action.c(43): web_submit_data("login.pl") was successful, 5777 body bytes, 2030 header bytes, 36 chunking overhead bytes  	[MsgId: MMSG-26385]
Action.c(60): Notify: Transaction "Login" ended with a "Pass" status (Duration: 0.1891 Wasted Time: 0.0113).
Action.c(62): Notify: Transaction "Click_Flights_Button" started.
Action.c(64): web_reg_find started  	[MsgId: MMSG-26355]
Action.c(64): Registering web_reg_find was successful  	[MsgId: MMSG-26390]
Action.c(68): web_url("Search Flights Button") started  	[MsgId: MMSG-26355]
Action.c(68): Detected non-resource "http://localhost:1080/cgi-bin/nav.pl?page=menu&in=flights" in "http://localhost:1080/cgi-bin/welcome.pl?page=search"  	[MsgId: MMSG-26574]
Action.c(68): Detected non-resource "http://localhost:1080/cgi-bin/reservations.pl?page=welcome" in "http://localhost:1080/cgi-bin/welcome.pl?page=search"  	[MsgId: MMSG-26574]
Action.c(68): Found resource "http://localhost:1080/WebTours/images/in_flights.gif" in HTML "http://localhost:1080/cgi-bin/nav.pl?page=menu&in=flights"  	[MsgId: MMSG-26659]
Action.c(68): Resource "http://localhost:1080/WebTours/images/itinerary.gif" is in the cache already and will not be downloaded again  	[MsgId: MMSG-26655]
Action.c(68): Found resource "http://localhost:1080/WebTours/images/home.gif" in HTML "http://localhost:1080/cgi-bin/nav.pl?page=menu&in=flights"  	[MsgId: MMSG-26659]
Action.c(68): Resource "http://localhost:1080/WebTours/images/signoff.gif" is in the cache already and will not be downloaded again  	[MsgId: MMSG-26655]
Action.c(68): Found resource "http://localhost:1080/WebTours/images/button_next.gif" in HTML "http://localhost:1080/cgi-bin/reservations.pl?page=welcome"  	[MsgId: MMSG-26659]
Action.c(68): Registered web_reg_find successful for "Text=User has returned to the search page" (count=1)  	[MsgId: MMSG-26364]
Action.c(68): web_url("Search Flights Button") was successful, 8516 body bytes, 1617 header bytes, 43 chunking overhead bytes  	[MsgId: MMSG-26385]
Action.c(78): Notify: Transaction "Click_Flights_Button" ended with a "Pass" status (Duration: 0,2043 Wasted Time: 0,0124).
Action.c(82): Notify: Transaction "Insert_Flight_Info" started.
Action.c(84): web_reg_find started  	[MsgId: MMSG-26355]
Action.c(84): Registering web_reg_find was successful  	[MsgId: MMSG-26390]
Action.c(89): web_submit_data("reservations.pl") started  	[MsgId: MMSG-26355]
Action.c(89): Resource "http://localhost:1080/WebTours/images/button_next.gif" is in the cache already and will not be downloaded again  	[MsgId: MMSG-26655]
Action.c(89): Registered web_reg_find successful for "TextPfx=From Denver" and "TextSfx=to San Francisco" (count=1)  	[MsgId: MMSG-26363]
Action.c(89): web_submit_data("reservations.pl") was successful, 2450 body bytes, 255 header bytes, 12 chunking overhead bytes  	[MsgId: MMSG-26385]
Action.c(113): Notify: Transaction "Insert_Flight_Info" ended with a "Pass" status (Duration: 0,1255 Wasted Time: 0,0066).
Action.c(117): Notify: Transaction "Sign_Off" started.
Action.c(119): web_reg_find started  	[MsgId: MMSG-26355]
Action.c(119): Registering web_reg_find was successful  	[MsgId: MMSG-26390]
Action.c(123): web_url("SignOff Button") started  	[MsgId: MMSG-26355]
Action.c(123): Detected non-resource "http://localhost:1080/cgi-bin/nav.pl?in=home" in "http://localhost:1080/cgi-bin/welcome.pl?signOff=1"  	[MsgId: MMSG-26574]
Action.c(123): Detected non-resource "http://localhost:1080/WebTours/home.html" in "http://localhost:1080/cgi-bin/welcome.pl?signOff=1"  	[MsgId: MMSG-26574]
Action.c(123): Retrieving data from cache for "http://localhost:1080/WebTours/home.html"  	[MsgId: MMSG-26558]
Action.c(123): Resource "http://localhost:1080/WebTours/images/mer_login.gif" is in the cache already and will not be downloaded again  	[MsgId: MMSG-26655]
Action.c(123): Registered web_reg_find successful for "Text=A Session ID has been created" (count=1)  	[MsgId: MMSG-26364]
Action.c(123): web_url("SignOff Button") was successful, 2166 body bytes, 582 header bytes, 24 chunking overhead bytes  	[MsgId: MMSG-26385]
Action.c(133): Notify: Transaction "Sign_Off" ended with a "Pass" status (Duration: 0,1593 Wasted Time: 0,0066).
Action.c(135): Notify: Transaction "03_Find_Flights" ended with a "Pass" status (Duration: 1,1229 Wasted Time: 0,1785).
Ending action Action.
Ending iteration 1.
Ending Vuser...
Starting action vuser_end.
Ending action vuser_end.
Vuser Terminated.
