Start auto log messages stack.	[MsgId: MMSG-10546]
Ending iteration 20.	[MsgId: MMSG-15965]
Waiting 22,5030 seconds for iteration pacing.	[MsgId: MMSG-15996]
Starting iteration 21.	[MsgId: MMSG-15968]
Error: Parameter 'numPassengers': All values in unique block already used. Block size is 20. The parameter continues with last value of the range according to "When Out Of Values" policy.	[MsgId: MERR-13699]
Start auto log messages stack.	[MsgId: MMSG-10546]
Ending iteration 21.	[MsgId: MMSG-15965]
Waiting 22,5710 seconds for iteration pacing.	[MsgId: MMSG-15996]
Starting iteration 22.	[MsgId: MMSG-15968]
Error: Parameter 'numPassengers': All values in unique block already used. Block size is 20. The parameter continues with last value of the range according to "When Out Of Values" policy.	[MsgId: MERR-13699]
Start auto log messages stack.	[MsgId: MMSG-10546]
Ending iteration 20.	[MsgId: MMSG-15965]
Waiting 22,5620 seconds for iteration pacing.	[MsgId: MMSG-15996]
Starting iteration 21.	[MsgId: MMSG-15968]
Error: Parameter 'numPassengers': All values in unique block already used. Block size is 20. The parameter continues with last value of the range according to "When Out Of Values" policy.	[MsgId: MERR-13699]
Start auto log messages stack.	[MsgId: MMSG-10546]
Ending iteration 22.	[MsgId: MMSG-15965]
Waiting 22,5510 seconds for iteration pacing.	[MsgId: MMSG-15996]
Starting iteration 23.	[MsgId: MMSG-15968]
Error: Parameter 'numPassengers': All values in unique block already used. Block size is 20. The parameter continues with last value of the range according to "When Out Of Values" policy.	[MsgId: MERR-13699]
Start auto log messages stack.	[MsgId: MMSG-10546]
Ending iteration 21.	[MsgId: MMSG-15965]
Waiting 22,5530 seconds for iteration pacing.	[MsgId: MMSG-15996]
Starting iteration 22.	[MsgId: MMSG-15968]
Error: Parameter 'numPassengers': All values in unique block already used. Block size is 20. The parameter continues with last value of the range according to "When Out Of Values" policy.	[MsgId: MERR-13699]
Start auto log messages stack.	[MsgId: MMSG-10546]
Ending iteration 23.	[MsgId: MMSG-15965]
Waiting 22,5710 seconds for iteration pacing.	[MsgId: MMSG-15996]
Starting iteration 24.	[MsgId: MMSG-15968]
Error: Parameter 'numPassengers': All values in unique block already used. Block size is 20. The parameter continues with last value of the range according to "When Out Of Values" policy.	[MsgId: MERR-13699]
Start auto log messages stack.	[MsgId: MMSG-10546]
Ending iteration 20.	[MsgId: MMSG-15965]
Waiting 22,5520 seconds for iteration pacing.	[MsgId: MMSG-15996]
Starting iteration 21.	[MsgId: MMSG-15968]
Error: Parameter 'numPassengers': All values in unique block already used. Block size is 20. The parameter continues with last value of the range according to "When Out Of Values" policy.	[MsgId: MERR-13699]
Start auto log messages stack.	[MsgId: MMSG-10546]
Ending iteration 22.	[MsgId: MMSG-15965]
Waiting 22,5490 seconds for iteration pacing.	[MsgId: MMSG-15996]
Starting iteration 23.	[MsgId: MMSG-15968]
Error: Parameter 'numPassengers': All values in unique block already used. Block size is 20. The parameter continues with last value of the range according to "When Out Of Values" policy.	[MsgId: MERR-13699]
Start auto log messages stack.	[MsgId: MMSG-10546]
Ending iteration 24.	[MsgId: MMSG-15965]
Waiting 22,4830 seconds for iteration pacing.	[MsgId: MMSG-15996]
Starting iteration 25.	[MsgId: MMSG-15968]
Error: Parameter 'numPassengers': All values in unique block already used. Block size is 20. The parameter continues with last value of the range according to "When Out Of Values" policy.	[MsgId: MERR-13699]
Start auto log messages stack.	[MsgId: MMSG-10546]
Ending iteration 21.	[MsgId: MMSG-15965]
Waiting 22,5690 seconds for iteration pacing.	[MsgId: MMSG-15996]
Starting iteration 22.	[MsgId: MMSG-15968]
Error: Parameter 'numPassengers': All values in unique block already used. Block size is 20. The parameter continues with last value of the range according to "When Out Of Values" policy.	[MsgId: MERR-13699]
Start auto log messages stack.	[MsgId: MMSG-10546]
Ending iteration 23.	[MsgId: MMSG-15965]
Waiting 22,5440 seconds for iteration pacing.	[MsgId: MMSG-15996]
Starting iteration 24.	[MsgId: MMSG-15968]
Error: Parameter 'numPassengers': All values in unique block already used. Block size is 20. The parameter continues with last value of the range according to "When Out Of Values" policy.	[MsgId: MERR-13699]
Start auto log messages stack.	[MsgId: MMSG-10546]
Ending iteration 25.	[MsgId: MMSG-15965]
Waiting 22,5600 seconds for iteration pacing.	[MsgId: MMSG-15996]
Starting iteration 26.	[MsgId: MMSG-15968]
Error: Parameter 'numPassengers': All values in unique block already used. Block size is 20. The parameter continues with last value of the range according to "When Out Of Values" policy.	[MsgId: MERR-13699]
Start auto log messages stack.	[MsgId: MMSG-10546]
Ending iteration 22.	[MsgId: MMSG-15965]
Waiting 22,5630 seconds for iteration pacing.	[MsgId: MMSG-15996]
Starting iteration 23.	[MsgId: MMSG-15968]
Error: Parameter 'numPassengers': All values in unique block already used. Block size is 20. The parameter continues with last value of the range according to "When Out Of Values" policy.	[MsgId: MERR-13699]
Start auto log messages stack.	[MsgId: MMSG-10546]
Ending iteration 24.	[MsgId: MMSG-15965]
Waiting 22,5600 seconds for iteration pacing.	[MsgId: MMSG-15996]
Starting iteration 25.	[MsgId: MMSG-15968]
Error: Parameter 'numPassengers': All values in unique block already used. Block size is 20. The parameter continues with last value of the range according to "When Out Of Values" policy.	[MsgId: MERR-13699]
Start auto log messages stack.	[MsgId: MMSG-10546]
Ending iteration 26.	[MsgId: MMSG-15965]
Waiting 22,4700 seconds for iteration pacing.	[MsgId: MMSG-15996]
Starting iteration 27.	[MsgId: MMSG-15968]
Error: Parameter 'numPassengers': All values in unique block already used. Block size is 20. The parameter continues with last value of the range according to "When Out Of Values" policy.	[MsgId: MERR-13699]
Start auto log messages stack.	[MsgId: MMSG-10546]
Ending iteration 23.	[MsgId: MMSG-15965]
Waiting 22,5170 seconds for iteration pacing.	[MsgId: MMSG-15996]
Starting iteration 24.	[MsgId: MMSG-15968]
Error: Parameter 'numPassengers': All values in unique block already used. Block size is 20. The parameter continues with last value of the range according to "When Out Of Values" policy.	[MsgId: MERR-13699]
Start auto log messages stack.	[MsgId: MMSG-10546]
Ending iteration 25.	[MsgId: MMSG-15965]
Waiting 22,5500 seconds for iteration pacing.	[MsgId: MMSG-15996]
Starting iteration 26.	[MsgId: MMSG-15968]
Error: Parameter 'numPassengers': All values in unique block already used. Block size is 20. The parameter continues with last value of the range according to "When Out Of Values" policy.	[MsgId: MERR-13699]
Start auto log messages stack.	[MsgId: MMSG-10546]
Ending iteration 27.	[MsgId: MMSG-15965]
Waiting 22,5860 seconds for iteration pacing.	[MsgId: MMSG-15996]
Starting iteration 28.	[MsgId: MMSG-15968]
Error: Parameter 'numPassengers': All values in unique block already used. Block size is 20. The parameter continues with last value of the range according to "When Out Of Values" policy.	[MsgId: MERR-13699]
Start auto log messages stack.	[MsgId: MMSG-10546]
Ending iteration 24.	[MsgId: MMSG-15965]
Waiting 22,5430 seconds for iteration pacing.	[MsgId: MMSG-15996]
Starting iteration 25.	[MsgId: MMSG-15968]
Error: Parameter 'numPassengers': All values in unique block already used. Block size is 20. The parameter continues with last value of the range according to "When Out Of Values" policy.	[MsgId: MERR-13699]
Start auto log messages stack.	[MsgId: MMSG-10546]
Ending iteration 26.	[MsgId: MMSG-15965]
Waiting 22,5440 seconds for iteration pacing.	[MsgId: MMSG-15996]
Starting iteration 27.	[MsgId: MMSG-15968]
Error: Parameter 'numPassengers': All values in unique block already used. Block size is 20. The parameter continues with last value of the range according to "When Out Of Values" policy.	[MsgId: MERR-13699]
Start auto log messages stack.	[MsgId: MMSG-10546]
Ending iteration 28.	[MsgId: MMSG-15965]
Waiting 22,5590 seconds for iteration pacing.	[MsgId: MMSG-15996]
Starting iteration 29.	[MsgId: MMSG-15968]
Error: Parameter 'numPassengers': All values in unique block already used. Block size is 20. The parameter continues with last value of the range according to "When Out Of Values" policy.	[MsgId: MERR-13699]
Start auto log messages stack.	[MsgId: MMSG-10546]
Ending iteration 25.	[MsgId: MMSG-15965]
Waiting 22,5540 seconds for iteration pacing.	[MsgId: MMSG-15996]
Starting iteration 26.	[MsgId: MMSG-15968]
Error: Parameter 'numPassengers': All values in unique block already used. Block size is 20. The parameter continues with last value of the range according to "When Out Of Values" policy.	[MsgId: MERR-13699]
Start auto log messages stack.	[MsgId: MMSG-10546]
Ending iteration 27.	[MsgId: MMSG-15965]
Waiting 22,4490 seconds for iteration pacing.	[MsgId: MMSG-15996]
Starting iteration 28.	[MsgId: MMSG-15968]
Error: Parameter 'numPassengers': All values in unique block already used. Block size is 20. The parameter continues with last value of the range according to "When Out Of Values" policy.	[MsgId: MERR-13699]
Start auto log messages stack.	[MsgId: MMSG-10546]
Ending iteration 29.	[MsgId: MMSG-15965]
Waiting 22,4780 seconds for iteration pacing.	[MsgId: MMSG-15996]
Starting iteration 30.	[MsgId: MMSG-15968]
Error: Parameter 'numPassengers': All values in unique block already used. Block size is 20. The parameter continues with last value of the range according to "When Out Of Values" policy.	[MsgId: MERR-13699]
Start auto log messages stack.	[MsgId: MMSG-10546]
Ending iteration 26.	[MsgId: MMSG-15965]
Waiting 22,3160 seconds for iteration pacing.	[MsgId: MMSG-15996]
Starting iteration 27.	[MsgId: MMSG-15968]
Error: Parameter 'numPassengers': All values in unique block already used. Block size is 20. The parameter continues with last value of the range according to "When Out Of Values" policy.	[MsgId: MERR-13699]
Start auto log messages stack.	[MsgId: MMSG-10546]
Ending iteration 28.	[MsgId: MMSG-15965]
Waiting 22,4590 seconds for iteration pacing.	[MsgId: MMSG-15996]
Starting iteration 29.	[MsgId: MMSG-15968]
Error: Parameter 'numPassengers': All values in unique block already used. Block size is 20. The parameter continues with last value of the range according to "When Out Of Values" policy.	[MsgId: MERR-13699]
Start auto log messages stack.	[MsgId: MMSG-10546]
Ending iteration 30.	[MsgId: MMSG-15965]
Waiting 22,5660 seconds for iteration pacing.	[MsgId: MMSG-15996]
Starting iteration 31.	[MsgId: MMSG-15968]
Error: Parameter 'numPassengers': All values in unique block already used. Block size is 20. The parameter continues with last value of the range according to "When Out Of Values" policy.	[MsgId: MERR-13699]
Start auto log messages stack.	[MsgId: MMSG-10546]
Ending iteration 27.	[MsgId: MMSG-15965]
Waiting 22,5340 seconds for iteration pacing.	[MsgId: MMSG-15996]
Starting iteration 28.	[MsgId: MMSG-15968]
Error: Parameter 'numPassengers': All values in unique block already used. Block size is 20. The parameter continues with last value of the range according to "When Out Of Values" policy.	[MsgId: MERR-13699]
Start auto log messages stack.	[MsgId: MMSG-10546]
Ending iteration 29.	[MsgId: MMSG-15965]
Waiting 22,5240 seconds for iteration pacing.	[MsgId: MMSG-15996]
Starting iteration 30.	[MsgId: MMSG-15968]
Error: Parameter 'numPassengers': All values in unique block already used. Block size is 20. The parameter continues with last value of the range according to "When Out Of Values" policy.	[MsgId: MERR-13699]
Start auto log messages stack.	[MsgId: MMSG-10546]
Ending iteration 31.	[MsgId: MMSG-15965]
Waiting 22,5560 seconds for iteration pacing.	[MsgId: MMSG-15996]
Starting iteration 32.	[MsgId: MMSG-15968]
Error: Parameter 'numPassengers': All values in unique block already used. Block size is 20. The parameter continues with last value of the range according to "When Out Of Values" policy.	[MsgId: MERR-13699]
Start auto log messages stack.	[MsgId: MMSG-10546]
Ending iteration 28.	[MsgId: MMSG-15965]
Waiting 22,5520 seconds for iteration pacing.	[MsgId: MMSG-15996]
Starting iteration 29.	[MsgId: MMSG-15968]
Error: Parameter 'numPassengers': All values in unique block already used. Block size is 20. The parameter continues with last value of the range according to "When Out Of Values" policy.	[MsgId: MERR-13699]
Start auto log messages stack.	[MsgId: MMSG-10546]
Ending iteration 30.	[MsgId: MMSG-15965]
Waiting 22,4930 seconds for iteration pacing.	[MsgId: MMSG-15996]
Starting iteration 31.	[MsgId: MMSG-15968]
Error: Parameter 'numPassengers': All values in unique block already used. Block size is 20. The parameter continues with last value of the range according to "When Out Of Values" policy.	[MsgId: MERR-13699]
Start auto log messages stack.	[MsgId: MMSG-10546]
Ending iteration 32.	[MsgId: MMSG-15965]
Waiting 22,4940 seconds for iteration pacing.	[MsgId: MMSG-15996]
Starting iteration 33.	[MsgId: MMSG-15968]
Error: Parameter 'numPassengers': All values in unique block already used. Block size is 20. The parameter continues with last value of the range according to "When Out Of Values" policy.	[MsgId: MERR-13699]
Start auto log messages stack.	[MsgId: MMSG-10546]
Ending iteration 29.	[MsgId: MMSG-15965]
Waiting 22,4880 seconds for iteration pacing.	[MsgId: MMSG-15996]
Starting iteration 30.	[MsgId: MMSG-15968]
Error: Parameter 'numPassengers': All values in unique block already used. Block size is 20. The parameter continues with last value of the range according to "When Out Of Values" policy.	[MsgId: MERR-13699]
Start auto log messages stack.	[MsgId: MMSG-10546]
Ending iteration 31.	[MsgId: MMSG-15965]
Waiting 22,5200 seconds for iteration pacing.	[MsgId: MMSG-15996]
Starting iteration 32.	[MsgId: MMSG-15968]
Error: Parameter 'numPassengers': All values in unique block already used. Block size is 20. The parameter continues with last value of the range according to "When Out Of Values" policy.	[MsgId: MERR-13699]
Start auto log messages stack.	[MsgId: MMSG-10546]
Ending iteration 33.	[MsgId: MMSG-15965]
Waiting 22,5150 seconds for iteration pacing.	[MsgId: MMSG-15996]
Starting iteration 34.	[MsgId: MMSG-15968]
Error: Parameter 'numPassengers': All values in unique block already used. Block size is 20. The parameter continues with last value of the range according to "When Out Of Values" policy.	[MsgId: MERR-13699]
Start auto log messages stack.	[MsgId: MMSG-10546]
Ending iteration 30.	[MsgId: MMSG-15965]
Waiting 22,5090 seconds for iteration pacing.	[MsgId: MMSG-15996]
Starting iteration 31.	[MsgId: MMSG-15968]
Error: Parameter 'numPassengers': All values in unique block already used. Block size is 20. The parameter continues with last value of the range according to "When Out Of Values" policy.	[MsgId: MERR-13699]
Start auto log messages stack.	[MsgId: MMSG-10546]
Ending iteration 32.	[MsgId: MMSG-15965]
Waiting 22,5170 seconds for iteration pacing.	[MsgId: MMSG-15996]
Starting iteration 33.	[MsgId: MMSG-15968]
Error: Parameter 'numPassengers': All values in unique block already used. Block size is 20. The parameter continues with last value of the range according to "When Out Of Values" policy.	[MsgId: MERR-13699]
Start auto log messages stack.	[MsgId: MMSG-10546]
Ending iteration 34.	[MsgId: MMSG-15965]
Waiting 22,5450 seconds for iteration pacing.	[MsgId: MMSG-15996]
Starting iteration 35.	[MsgId: MMSG-15968]
Error: Parameter 'numPassengers': All values in unique block already used. Block size is 20. The parameter continues with last value of the range according to "When Out Of Values" policy.	[MsgId: MERR-13699]
Start auto log messages stack.	[MsgId: MMSG-10546]
Ending iteration 31.	[MsgId: MMSG-15965]
Waiting 22,4360 seconds for iteration pacing.	[MsgId: MMSG-15996]
Starting iteration 32.	[MsgId: MMSG-15968]
Error: Parameter 'numPassengers': All values in unique block already used. Block size is 20. The parameter continues with last value of the range according to "When Out Of Values" policy.	[MsgId: MERR-13699]
Start auto log messages stack.	[MsgId: MMSG-10546]
Ending iteration 33.	[MsgId: MMSG-15965]
Waiting 22,5060 seconds for iteration pacing.	[MsgId: MMSG-15996]
Starting iteration 34.	[MsgId: MMSG-15968]
Error: Parameter 'numPassengers': All values in unique block already used. Block size is 20. The parameter continues with last value of the range according to "When Out Of Values" policy.	[MsgId: MERR-13699]
Start auto log messages stack.	[MsgId: MMSG-10546]
Ending iteration 35.	[MsgId: MMSG-15965]
Waiting 22,5730 seconds for iteration pacing.	[MsgId: MMSG-15996]
Starting iteration 36.	[MsgId: MMSG-15968]
Error: Parameter 'numPassengers': All values in unique block already used. Block size is 20. The parameter continues with last value of the range according to "When Out Of Values" policy.	[MsgId: MERR-13699]
Start auto log messages stack.	[MsgId: MMSG-10546]
Ending iteration 32.	[MsgId: MMSG-15965]
Waiting 22,4870 seconds for iteration pacing.	[MsgId: MMSG-15996]
Starting iteration 33.	[MsgId: MMSG-15968]
Error: Parameter 'numPassengers': All values in unique block already used. Block size is 20. The parameter continues with last value of the range according to "When Out Of Values" policy.	[MsgId: MERR-13699]
Start auto log messages stack.	[MsgId: MMSG-10546]
Ending iteration 34.	[MsgId: MMSG-15965]
Waiting 22,5710 seconds for iteration pacing.	[MsgId: MMSG-15996]
Starting iteration 35.	[MsgId: MMSG-15968]
Error: Parameter 'numPassengers': All values in unique block already used. Block size is 20. The parameter continues with last value of the range according to "When Out Of Values" policy.	[MsgId: MERR-13699]
Start auto log messages stack.	[MsgId: MMSG-10546]
Ending iteration 36.	[MsgId: MMSG-15965]
Waiting 22,5490 seconds for iteration pacing.	[MsgId: MMSG-15996]
Starting iteration 37.	[MsgId: MMSG-15968]
Error: Parameter 'numPassengers': All values in unique block already used. Block size is 20. The parameter continues with last value of the range according to "When Out Of Values" policy.	[MsgId: MERR-13699]
Start auto log messages stack.	[MsgId: MMSG-10546]
Ending iteration 33.	[MsgId: MMSG-15965]
Waiting 22,5460 seconds for iteration pacing.	[MsgId: MMSG-15996]
Starting iteration 34.	[MsgId: MMSG-15968]
Error: Parameter 'numPassengers': All values in unique block already used. Block size is 20. The parameter continues with last value of the range according to "When Out Of Values" policy.	[MsgId: MERR-13699]
Start auto log messages stack.	[MsgId: MMSG-10546]
Ending iteration 35.	[MsgId: MMSG-15965]
Waiting 22,5610 seconds for iteration pacing.	[MsgId: MMSG-15996]
Starting iteration 36.	[MsgId: MMSG-15968]
Error: Parameter 'numPassengers': All values in unique block already used. Block size is 20. The parameter continues with last value of the range according to "When Out Of Values" policy.	[MsgId: MERR-13699]
Start auto log messages stack.	[MsgId: MMSG-10546]
Ending iteration 37.	[MsgId: MMSG-15965]
Waiting 22,5420 seconds for iteration pacing.	[MsgId: MMSG-15996]
Starting iteration 38.	[MsgId: MMSG-15968]
Error: Parameter 'numPassengers': All values in unique block already used. Block size is 20. The parameter continues with last value of the range according to "When Out Of Values" policy.	[MsgId: MERR-13699]
Start auto log messages stack.	[MsgId: MMSG-10546]
Ending iteration 34.	[MsgId: MMSG-15965]
Waiting 22,5560 seconds for iteration pacing.	[MsgId: MMSG-15996]
Starting iteration 35.	[MsgId: MMSG-15968]
Error: Parameter 'numPassengers': All values in unique block already used. Block size is 20. The parameter continues with last value of the range according to "When Out Of Values" policy.	[MsgId: MERR-13699]
Start auto log messages stack.	[MsgId: MMSG-10546]
Ending iteration 36.	[MsgId: MMSG-15965]
Waiting 22,5210 seconds for iteration pacing.	[MsgId: MMSG-15996]
Starting iteration 37.	[MsgId: MMSG-15968]
Error: Parameter 'numPassengers': All values in unique block already used. Block size is 20. The parameter continues with last value of the range according to "When Out Of Values" policy.	[MsgId: MERR-13699]
Start auto log messages stack.	[MsgId: MMSG-10546]
Ending iteration 38.	[MsgId: MMSG-15965]
Waiting 22,5430 seconds for iteration pacing.	[MsgId: MMSG-15996]
Starting iteration 39.	[MsgId: MMSG-15968]
Error: Parameter 'numPassengers': All values in unique block already used. Block size is 20. The parameter continues with last value of the range according to "When Out Of Values" policy.	[MsgId: MERR-13699]
Start auto log messages stack.	[MsgId: MMSG-10546]
Ending iteration 35.	[MsgId: MMSG-15965]
Waiting 22,5600 seconds for iteration pacing.	[MsgId: MMSG-15996]
Starting iteration 36.	[MsgId: MMSG-15968]
Error: Parameter 'numPassengers': All values in unique block already used. Block size is 20. The parameter continues with last value of the range according to "When Out Of Values" policy.	[MsgId: MERR-13699]
Start auto log messages stack.	[MsgId: MMSG-10546]
Ending iteration 37.	[MsgId: MMSG-15965]
Waiting 22,5590 seconds for iteration pacing.	[MsgId: MMSG-15996]
Starting iteration 38.	[MsgId: MMSG-15968]
Error: Parameter 'numPassengers': All values in unique block already used. Block size is 20. The parameter continues with last value of the range according to "When Out Of Values" policy.	[MsgId: MERR-13699]
Start auto log messages stack.	[MsgId: MMSG-10546]
Ending iteration 39.	[MsgId: MMSG-15965]
Waiting 22,5360 seconds for iteration pacing.	[MsgId: MMSG-15996]
Starting iteration 40.	[MsgId: MMSG-15968]
Error: Parameter 'numPassengers': All values in unique block already used. Block size is 20. The parameter continues with last value of the range according to "When Out Of Values" policy.	[MsgId: MERR-13699]
Start auto log messages stack.	[MsgId: MMSG-10546]
Ending iteration 36.	[MsgId: MMSG-15965]
Waiting 22,5410 seconds for iteration pacing.	[MsgId: MMSG-15996]
Starting iteration 37.	[MsgId: MMSG-15968]
Error: Parameter 'numPassengers': All values in unique block already used. Block size is 20. The parameter continues with last value of the range according to "When Out Of Values" policy.	[MsgId: MERR-13699]
Start auto log messages stack.	[MsgId: MMSG-10546]
Ending iteration 38.	[MsgId: MMSG-15965]
Waiting 22,5460 seconds for iteration pacing.	[MsgId: MMSG-15996]
Starting iteration 39.	[MsgId: MMSG-15968]
Error: Parameter 'numPassengers': All values in unique block already used. Block size is 20. The parameter continues with last value of the range according to "When Out Of Values" policy.	[MsgId: MERR-13699]
Start auto log messages stack.	[MsgId: MMSG-10546]
Ending iteration 40.	[MsgId: MMSG-15965]
Waiting 22,5370 seconds for iteration pacing.	[MsgId: MMSG-15996]
Starting iteration 41.	[MsgId: MMSG-15968]
Error: Parameter 'numPassengers': All values in unique block already used. Block size is 20. The parameter continues with last value of the range according to "When Out Of Values" policy.	[MsgId: MERR-13699]
Start auto log messages stack.	[MsgId: MMSG-10546]
Ending iteration 37.	[MsgId: MMSG-15965]
Waiting 22,5410 seconds for iteration pacing.	[MsgId: MMSG-15996]
Starting iteration 38.	[MsgId: MMSG-15968]
Error: Parameter 'numPassengers': All values in unique block already used. Block size is 20. The parameter continues with last value of the range according to "When Out Of Values" policy.	[MsgId: MERR-13699]
Start auto log messages stack.	[MsgId: MMSG-10546]
Ending iteration 39.	[MsgId: MMSG-15965]
Waiting 22,5570 seconds for iteration pacing.	[MsgId: MMSG-15996]
Starting iteration 40.	[MsgId: MMSG-15968]
Error: Parameter 'numPassengers': All values in unique block already used. Block size is 20. The parameter continues with last value of the range according to "When Out Of Values" policy.	[MsgId: MERR-13699]
Start auto log messages stack.	[MsgId: MMSG-10546]
Ending iteration 41.	[MsgId: MMSG-15965]
Waiting 22,4640 seconds for iteration pacing.	[MsgId: MMSG-15996]
Starting iteration 42.	[MsgId: MMSG-15968]
Error: Parameter 'numPassengers': All values in unique block already used. Block size is 20. The parameter continues with last value of the range according to "When Out Of Values" policy.	[MsgId: MERR-13699]
Start auto log messages stack.	[MsgId: MMSG-10546]
Ending iteration 38.	[MsgId: MMSG-15965]
Waiting 22,5270 seconds for iteration pacing.	[MsgId: MMSG-15996]
Starting iteration 39.	[MsgId: MMSG-15968]
Error: Parameter 'numPassengers': All values in unique block already used. Block size is 20. The parameter continues with last value of the range according to "When Out Of Values" policy.	[MsgId: MERR-13699]
Start auto log messages stack.	[MsgId: MMSG-10546]
Ending iteration 40.	[MsgId: MMSG-15965]
Waiting 22,5460 seconds for iteration pacing.	[MsgId: MMSG-15996]
Starting iteration 41.	[MsgId: MMSG-15968]
Error: Parameter 'numPassengers': All values in unique block already used. Block size is 20. The parameter continues with last value of the range according to "When Out Of Values" policy.	[MsgId: MERR-13699]
Start auto log messages stack.	[MsgId: MMSG-10546]
Ending iteration 42.	[MsgId: MMSG-15965]
Waiting 22,5410 seconds for iteration pacing.	[MsgId: MMSG-15996]
Starting iteration 43.	[MsgId: MMSG-15968]
Error: Parameter 'numPassengers': All values in unique block already used. Block size is 20. The parameter continues with last value of the range according to "When Out Of Values" policy.	[MsgId: MERR-13699]
Start auto log messages stack.	[MsgId: MMSG-10546]
Ending iteration 39.	[MsgId: MMSG-15965]
Waiting 22,5270 seconds for iteration pacing.	[MsgId: MMSG-15996]
Starting iteration 40.	[MsgId: MMSG-15968]
Error: Parameter 'numPassengers': All values in unique block already used. Block size is 20. The parameter continues with last value of the range according to "When Out Of Values" policy.	[MsgId: MERR-13699]
Start auto log messages stack.	[MsgId: MMSG-10546]
Ending iteration 41.	[MsgId: MMSG-15965]
Waiting 22,5430 seconds for iteration pacing.	[MsgId: MMSG-15996]
Starting iteration 42.	[MsgId: MMSG-15968]
Error: Parameter 'numPassengers': All values in unique block already used. Block size is 20. The parameter continues with last value of the range according to "When Out Of Values" policy.	[MsgId: MERR-13699]
Start auto log messages stack.	[MsgId: MMSG-10546]
Ending iteration 43.	[MsgId: MMSG-15965]
Waiting 22,5530 seconds for iteration pacing.	[MsgId: MMSG-15996]
Starting iteration 44.	[MsgId: MMSG-15968]
Error: Parameter 'numPassengers': All values in unique block already used. Block size is 20. The parameter continues with last value of the range according to "When Out Of Values" policy.	[MsgId: MERR-13699]
Start auto log messages stack.	[MsgId: MMSG-10546]
Ending iteration 40.	[MsgId: MMSG-15965]
Waiting 22,5560 seconds for iteration pacing.	[MsgId: MMSG-15996]
Starting iteration 41.	[MsgId: MMSG-15968]
Error: Parameter 'numPassengers': All values in unique block already used. Block size is 20. The parameter continues with last value of the range according to "When Out Of Values" policy.	[MsgId: MERR-13699]
Start auto log messages stack.	[MsgId: MMSG-10546]
Ending iteration 42.	[MsgId: MMSG-15965]
Waiting 22,5600 seconds for iteration pacing.	[MsgId: MMSG-15996]
Starting iteration 43.	[MsgId: MMSG-15968]
Error: Parameter 'numPassengers': All values in unique block already used. Block size is 20. The parameter continues with last value of the range according to "When Out Of Values" policy.	[MsgId: MERR-13699]
Start auto log messages stack.	[MsgId: MMSG-10546]
Ending iteration 44.	[MsgId: MMSG-15965]
Waiting 22,5410 seconds for iteration pacing.	[MsgId: MMSG-15996]
Starting iteration 45.	[MsgId: MMSG-15968]
Error: Parameter 'numPassengers': All values in unique block already used. Block size is 20. The parameter continues with last value of the range according to "When Out Of Values" policy.	[MsgId: MERR-13699]
Start auto log messages stack.	[MsgId: MMSG-10546]
Ending iteration 41.	[MsgId: MMSG-15965]
Waiting 22,5480 seconds for iteration pacing.	[MsgId: MMSG-15996]
Starting iteration 42.	[MsgId: MMSG-15968]
Error: Parameter 'numPassengers': All values in unique block already used. Block size is 20. The parameter continues with last value of the range according to "When Out Of Values" policy.	[MsgId: MERR-13699]
Start auto log messages stack.	[MsgId: MMSG-10546]
Ending iteration 43.	[MsgId: MMSG-15965]
Waiting 22,5350 seconds for iteration pacing.	[MsgId: MMSG-15996]
Starting iteration 44.	[MsgId: MMSG-15968]
Error: Parameter 'numPassengers': All values in unique block already used. Block size is 20. The parameter continues with last value of the range according to "When Out Of Values" policy.	[MsgId: MERR-13699]
Start auto log messages stack.	[MsgId: MMSG-10546]
Ending iteration 45.	[MsgId: MMSG-15965]
Waiting 22,5760 seconds for iteration pacing.	[MsgId: MMSG-15996]
Starting iteration 46.	[MsgId: MMSG-15968]
Error: Parameter 'numPassengers': All values in unique block already used. Block size is 20. The parameter continues with last value of the range according to "When Out Of Values" policy.	[MsgId: MERR-13699]
Start auto log messages stack.	[MsgId: MMSG-10546]
Ending iteration 42.	[MsgId: MMSG-15965]
Waiting 22,5610 seconds for iteration pacing.	[MsgId: MMSG-15996]
Starting iteration 43.	[MsgId: MMSG-15968]
Error: Parameter 'numPassengers': All values in unique block already used. Block size is 20. The parameter continues with last value of the range according to "When Out Of Values" policy.	[MsgId: MERR-13699]
Start auto log messages stack.	[MsgId: MMSG-10546]
Ending iteration 44.	[MsgId: MMSG-15965]
Waiting 22,5450 seconds for iteration pacing.	[MsgId: MMSG-15996]
Starting iteration 45.	[MsgId: MMSG-15968]
Error: Parameter 'numPassengers': All values in unique block already used. Block size is 20. The parameter continues with last value of the range according to "When Out Of Values" policy.	[MsgId: MERR-13699]
Start auto log messages stack.	[MsgId: MMSG-10546]
Ending iteration 46.	[MsgId: MMSG-15965]
Waiting 22,5980 seconds for iteration pacing.	[MsgId: MMSG-15996]
Starting iteration 47.	[MsgId: MMSG-15968]
Error: Parameter 'numPassengers': All values in unique block already used. Block size is 20. The parameter continues with last value of the range according to "When Out Of Values" policy.	[MsgId: MERR-13699]
Start auto log messages stack.	[MsgId: MMSG-10546]
Ending iteration 43.	[MsgId: MMSG-15965]
Waiting 22,5650 seconds for iteration pacing.	[MsgId: MMSG-15996]
Starting iteration 44.	[MsgId: MMSG-15968]
Error: Parameter 'numPassengers': All values in unique block already used. Block size is 20. The parameter continues with last value of the range according to "When Out Of Values" policy.	[MsgId: MERR-13699]
Start auto log messages stack.	[MsgId: MMSG-10546]
Ending iteration 45.	[MsgId: MMSG-15965]
Waiting 22,5410 seconds for iteration pacing.	[MsgId: MMSG-15996]
Starting iteration 46.	[MsgId: MMSG-15968]
Error: Parameter 'numPassengers': All values in unique block already used. Block size is 20. The parameter continues with last value of the range according to "When Out Of Values" policy.	[MsgId: MERR-13699]
Start auto log messages stack.	[MsgId: MMSG-10546]
Ending iteration 47.	[MsgId: MMSG-15965]
Waiting 22,5790 seconds for iteration pacing.	[MsgId: MMSG-15996]
Starting iteration 48.	[MsgId: MMSG-15968]
Error: Parameter 'numPassengers': All values in unique block already used. Block size is 20. The parameter continues with last value of the range according to "When Out Of Values" policy.	[MsgId: MERR-13699]
Start auto log messages stack.	[MsgId: MMSG-10546]
Ending iteration 44.	[MsgId: MMSG-15965]
Waiting 22,5550 seconds for iteration pacing.	[MsgId: MMSG-15996]
Starting iteration 45.	[MsgId: MMSG-15968]
Error: Parameter 'numPassengers': All values in unique block already used. Block size is 20. The parameter continues with last value of the range according to "When Out Of Values" policy.	[MsgId: MERR-13699]
Start auto log messages stack.	[MsgId: MMSG-10546]
Ending iteration 46.	[MsgId: MMSG-15965]
Waiting 22,5600 seconds for iteration pacing.	[MsgId: MMSG-15996]
Starting iteration 47.	[MsgId: MMSG-15968]
Error: Parameter 'numPassengers': All values in unique block already used. Block size is 20. The parameter continues with last value of the range according to "When Out Of Values" policy.	[MsgId: MERR-13699]
Start auto log messages stack.	[MsgId: MMSG-10546]
Ending iteration 48.	[MsgId: MMSG-15965]
Waiting 22,5590 seconds for iteration pacing.	[MsgId: MMSG-15996]
Starting iteration 49.	[MsgId: MMSG-15968]
Error: Parameter 'numPassengers': All values in unique block already used. Block size is 20. The parameter continues with last value of the range according to "When Out Of Values" policy.	[MsgId: MERR-13699]
Start auto log messages stack.	[MsgId: MMSG-10546]
Ending iteration 45.	[MsgId: MMSG-15965]
Waiting 22,5460 seconds for iteration pacing.	[MsgId: MMSG-15996]
Starting iteration 46.	[MsgId: MMSG-15968]
Error: Parameter 'numPassengers': All values in unique block already used. Block size is 20. The parameter continues with last value of the range according to "When Out Of Values" policy.	[MsgId: MERR-13699]
Start auto log messages stack.	[MsgId: MMSG-10546]
Ending iteration 47.	[MsgId: MMSG-15965]
Waiting 22,5480 seconds for iteration pacing.	[MsgId: MMSG-15996]
Starting iteration 48.	[MsgId: MMSG-15968]
Error: Parameter 'numPassengers': All values in unique block already used. Block size is 20. The parameter continues with last value of the range according to "When Out Of Values" policy.	[MsgId: MERR-13699]
Start auto log messages stack.	[MsgId: MMSG-10546]
Ending iteration 49.	[MsgId: MMSG-15965]
Waiting 22,5930 seconds for iteration pacing.	[MsgId: MMSG-15996]
Starting iteration 50.	[MsgId: MMSG-15968]
Error: Parameter 'numPassengers': All values in unique block already used. Block size is 20. The parameter continues with last value of the range according to "When Out Of Values" policy.	[MsgId: MERR-13699]
Start auto log messages stack.	[MsgId: MMSG-10546]
Ending iteration 46.	[MsgId: MMSG-15965]
Waiting 22,5980 seconds for iteration pacing.	[MsgId: MMSG-15996]
Starting iteration 47.	[MsgId: MMSG-15968]
Error: Parameter 'numPassengers': All values in unique block already used. Block size is 20. The parameter continues with last value of the range according to "When Out Of Values" policy.	[MsgId: MERR-13699]
Start auto log messages stack.	[MsgId: MMSG-10546]
Ending iteration 48.	[MsgId: MMSG-15965]
Waiting 22,5440 seconds for iteration pacing.	[MsgId: MMSG-15996]
Starting iteration 49.	[MsgId: MMSG-15968]
Error: Parameter 'numPassengers': All values in unique block already used. Block size is 20. The parameter continues with last value of the range according to "When Out Of Values" policy.	[MsgId: MERR-13699]
Start auto log messages stack.	[MsgId: MMSG-10546]
Ending iteration 50.	[MsgId: MMSG-15965]
Waiting 22,5950 seconds for iteration pacing.	[MsgId: MMSG-15996]
Starting iteration 51.	[MsgId: MMSG-15968]
Error: Parameter 'numPassengers': All values in unique block already used. Block size is 20. The parameter continues with last value of the range according to "When Out Of Values" policy.	[MsgId: MERR-13699]
Start auto log messages stack.	[MsgId: MMSG-10546]
Ending iteration 47.	[MsgId: MMSG-15965]
Waiting 22,5740 seconds for iteration pacing.	[MsgId: MMSG-15996]
Starting iteration 48.	[MsgId: MMSG-15968]
Error: Parameter 'numPassengers': All values in unique block already used. Block size is 20. The parameter continues with last value of the range according to "When Out Of Values" policy.	[MsgId: MERR-13699]
Start auto log messages stack.	[MsgId: MMSG-10546]
Ending iteration 49.	[MsgId: MMSG-15965]
Waiting 22,5590 seconds for iteration pacing.	[MsgId: MMSG-15996]
Starting iteration 50.	[MsgId: MMSG-15968]
Error: Parameter 'numPassengers': All values in unique block already used. Block size is 20. The parameter continues with last value of the range according to "When Out Of Values" policy.	[MsgId: MERR-13699]
Start auto log messages stack.	[MsgId: MMSG-10546]
Ending iteration 51.	[MsgId: MMSG-15965]
Waiting 22,5950 seconds for iteration pacing.	[MsgId: MMSG-15996]
Starting iteration 52.	[MsgId: MMSG-15968]
Error: Parameter 'numPassengers': All values in unique block already used. Block size is 20. The parameter continues with last value of the range according to "When Out Of Values" policy.	[MsgId: MERR-13699]
Start auto log messages stack.	[MsgId: MMSG-10546]
Ending iteration 48.	[MsgId: MMSG-15965]
Waiting 22,5520 seconds for iteration pacing.	[MsgId: MMSG-15996]
Starting iteration 49.	[MsgId: MMSG-15968]
Error: Parameter 'numPassengers': All values in unique block already used. Block size is 20. The parameter continues with last value of the range according to "When Out Of Values" policy.	[MsgId: MERR-13699]
Start auto log messages stack.	[MsgId: MMSG-10546]
Ending iteration 50.	[MsgId: MMSG-15965]
Waiting 22,5570 seconds for iteration pacing.	[MsgId: MMSG-15996]
Starting iteration 51.	[MsgId: MMSG-15968]
Error: Parameter 'numPassengers': All values in unique block already used. Block size is 20. The parameter continues with last value of the range according to "When Out Of Values" policy.	[MsgId: MERR-13699]
Start auto log messages stack.	[MsgId: MMSG-10546]
Ending iteration 52.	[MsgId: MMSG-15965]
Waiting 22,5830 seconds for iteration pacing.	[MsgId: MMSG-15996]
Starting iteration 53.	[MsgId: MMSG-15968]
Error: Parameter 'numPassengers': All values in unique block already used. Block size is 20. The parameter continues with last value of the range according to "When Out Of Values" policy.	[MsgId: MERR-13699]
Start auto log messages stack.	[MsgId: MMSG-10546]
Ending iteration 49.	[MsgId: MMSG-15965]
Waiting 22,5430 seconds for iteration pacing.	[MsgId: MMSG-15996]
Starting iteration 50.	[MsgId: MMSG-15968]
Error: Parameter 'numPassengers': All values in unique block already used. Block size is 20. The parameter continues with last value of the range according to "When Out Of Values" policy.	[MsgId: MERR-13699]
Start auto log messages stack.	[MsgId: MMSG-10546]
Ending iteration 51.	[MsgId: MMSG-15965]
Waiting 22,5720 seconds for iteration pacing.	[MsgId: MMSG-15996]
Starting iteration 52.	[MsgId: MMSG-15968]
Error: Parameter 'numPassengers': All values in unique block already used. Block size is 20. The parameter continues with last value of the range according to "When Out Of Values" policy.	[MsgId: MERR-13699]
Start auto log messages stack.	[MsgId: MMSG-10546]
Ending iteration 53.	[MsgId: MMSG-15965]
Waiting 22,5540 seconds for iteration pacing.	[MsgId: MMSG-15996]
Starting iteration 54.	[MsgId: MMSG-15968]
Error: Parameter 'numPassengers': All values in unique block already used. Block size is 20. The parameter continues with last value of the range according to "When Out Of Values" policy.	[MsgId: MERR-13699]
Start auto log messages stack.	[MsgId: MMSG-10546]
Ending iteration 50.	[MsgId: MMSG-15965]
Waiting 22,5600 seconds for iteration pacing.	[MsgId: MMSG-15996]
Starting iteration 51.	[MsgId: MMSG-15968]
Error: Parameter 'numPassengers': All values in unique block already used. Block size is 20. The parameter continues with last value of the range according to "When Out Of Values" policy.	[MsgId: MERR-13699]
Start auto log messages stack.	[MsgId: MMSG-10546]
Ending iteration 52.	[MsgId: MMSG-15965]
Waiting 22,5400 seconds for iteration pacing.	[MsgId: MMSG-15996]
Starting iteration 53.	[MsgId: MMSG-15968]
Error: Parameter 'numPassengers': All values in unique block already used. Block size is 20. The parameter continues with last value of the range according to "When Out Of Values" policy.	[MsgId: MERR-13699]
Start auto log messages stack.	[MsgId: MMSG-10546]
Ending iteration 54.	[MsgId: MMSG-15965]
Waiting 22,5410 seconds for iteration pacing.	[MsgId: MMSG-15996]
Starting iteration 55.	[MsgId: MMSG-15968]
Error: Parameter 'numPassengers': All values in unique block already used. Block size is 20. The parameter continues with last value of the range according to "When Out Of Values" policy.	[MsgId: MERR-13699]
Start auto log messages stack.	[MsgId: MMSG-10546]
Ending iteration 51.	[MsgId: MMSG-15965]
Waiting 22,5470 seconds for iteration pacing.	[MsgId: MMSG-15996]
Starting iteration 52.	[MsgId: MMSG-15968]
Error: Parameter 'numPassengers': All values in unique block already used. Block size is 20. The parameter continues with last value of the range according to "When Out Of Values" policy.	[MsgId: MERR-13699]
Start auto log messages stack.	[MsgId: MMSG-10546]
Ending iteration 53.	[MsgId: MMSG-15965]
Waiting 22,5670 seconds for iteration pacing.	[MsgId: MMSG-15996]
Starting iteration 54.	[MsgId: MMSG-15968]
Error: Parameter 'numPassengers': All values in unique block already used. Block size is 20. The parameter continues with last value of the range according to "When Out Of Values" policy.	[MsgId: MERR-13699]
Start auto log messages stack.	[MsgId: MMSG-10546]
Ending iteration 55.	[MsgId: MMSG-15965]
Waiting 22,5570 seconds for iteration pacing.	[MsgId: MMSG-15996]
Starting iteration 56.	[MsgId: MMSG-15968]
Error: Parameter 'numPassengers': All values in unique block already used. Block size is 20. The parameter continues with last value of the range according to "When Out Of Values" policy.	[MsgId: MERR-13699]
Start auto log messages stack.	[MsgId: MMSG-10546]
Ending iteration 52.	[MsgId: MMSG-15965]
Waiting 22,5530 seconds for iteration pacing.	[MsgId: MMSG-15996]
Starting iteration 53.	[MsgId: MMSG-15968]
Error: Parameter 'numPassengers': All values in unique block already used. Block size is 20. The parameter continues with last value of the range according to "When Out Of Values" policy.	[MsgId: MERR-13699]
Start auto log messages stack.	[MsgId: MMSG-10546]
Ending iteration 54.	[MsgId: MMSG-15965]
Waiting 22,5440 seconds for iteration pacing.	[MsgId: MMSG-15996]
Starting iteration 55.	[MsgId: MMSG-15968]
Error: Parameter 'numPassengers': All values in unique block already used. Block size is 20. The parameter continues with last value of the range according to "When Out Of Values" policy.	[MsgId: MERR-13699]
Start auto log messages stack.	[MsgId: MMSG-10546]
Ending iteration 56.	[MsgId: MMSG-15965]
Waiting 22,5530 seconds for iteration pacing.	[MsgId: MMSG-15996]
Starting iteration 57.	[MsgId: MMSG-15968]
Error: Parameter 'numPassengers': All values in unique block already used. Block size is 20. The parameter continues with last value of the range according to "When Out Of Values" policy.	[MsgId: MERR-13699]
Start auto log messages stack.	[MsgId: MMSG-10546]
Ending iteration 53.	[MsgId: MMSG-15965]
Waiting 22,5540 seconds for iteration pacing.	[MsgId: MMSG-15996]
Starting iteration 54.	[MsgId: MMSG-15968]
Error: Parameter 'numPassengers': All values in unique block already used. Block size is 20. The parameter continues with last value of the range according to "When Out Of Values" policy.	[MsgId: MERR-13699]
Start auto log messages stack.	[MsgId: MMSG-10546]
Ending iteration 55.	[MsgId: MMSG-15965]
Waiting 22,5540 seconds for iteration pacing.	[MsgId: MMSG-15996]
Starting iteration 56.	[MsgId: MMSG-15968]
Error: Parameter 'numPassengers': All values in unique block already used. Block size is 20. The parameter continues with last value of the range according to "When Out Of Values" policy.	[MsgId: MERR-13699]
Start auto log messages stack.	[MsgId: MMSG-10546]
Ending iteration 57.	[MsgId: MMSG-15965]
Waiting 22,5590 seconds for iteration pacing.	[MsgId: MMSG-15996]
Starting iteration 58.	[MsgId: MMSG-15968]
Error: Parameter 'numPassengers': All values in unique block already used. Block size is 20. The parameter continues with last value of the range according to "When Out Of Values" policy.	[MsgId: MERR-13699]
Start auto log messages stack.	[MsgId: MMSG-10546]
Ending iteration 54.	[MsgId: MMSG-15965]
Waiting 22,5560 seconds for iteration pacing.	[MsgId: MMSG-15996]
Starting iteration 55.	[MsgId: MMSG-15968]
Error: Parameter 'numPassengers': All values in unique block already used. Block size is 20. The parameter continues with last value of the range according to "When Out Of Values" policy.	[MsgId: MERR-13699]
Start auto log messages stack.	[MsgId: MMSG-10546]
Ending iteration 56.	[MsgId: MMSG-15965]
Waiting 22,5660 seconds for iteration pacing.	[MsgId: MMSG-15996]
Starting iteration 57.	[MsgId: MMSG-15968]
Error: Parameter 'numPassengers': All values in unique block already used. Block size is 20. The parameter continues with last value of the range according to "When Out Of Values" policy.	[MsgId: MERR-13699]
Start auto log messages stack.	[MsgId: MMSG-10546]
Ending iteration 58.	[MsgId: MMSG-15965]
Waiting 22,5510 seconds for iteration pacing.	[MsgId: MMSG-15996]
Starting iteration 59.	[MsgId: MMSG-15968]
Error: Parameter 'numPassengers': All values in unique block already used. Block size is 20. The parameter continues with last value of the range according to "When Out Of Values" policy.	[MsgId: MERR-13699]
Start auto log messages stack.	[MsgId: MMSG-10546]
Ending iteration 55.	[MsgId: MMSG-15965]
Waiting 22,5060 seconds for iteration pacing.	[MsgId: MMSG-15996]
Starting iteration 56.	[MsgId: MMSG-15968]
Error: Parameter 'numPassengers': All values in unique block already used. Block size is 20. The parameter continues with last value of the range according to "When Out Of Values" policy.	[MsgId: MERR-13699]
Start auto log messages stack.	[MsgId: MMSG-10546]
Ending iteration 57.	[MsgId: MMSG-15965]
Waiting 22,5430 seconds for iteration pacing.	[MsgId: MMSG-15996]
Starting iteration 58.	[MsgId: MMSG-15968]
Error: Parameter 'numPassengers': All values in unique block already used. Block size is 20. The parameter continues with last value of the range according to "When Out Of Values" policy.	[MsgId: MERR-13699]
Start auto log messages stack.	[MsgId: MMSG-10546]
Ending iteration 59.	[MsgId: MMSG-15965]
Waiting 22,5480 seconds for iteration pacing.	[MsgId: MMSG-15996]
Starting iteration 60.	[MsgId: MMSG-15968]
Error: Parameter 'numPassengers': All values in unique block already used. Block size is 20. The parameter continues with last value of the range according to "When Out Of Values" policy.	[MsgId: MERR-13699]
Start auto log messages stack.	[MsgId: MMSG-10546]
Ending iteration 56.	[MsgId: MMSG-15965]
Waiting 22,5440 seconds for iteration pacing.	[MsgId: MMSG-15996]
Starting iteration 57.	[MsgId: MMSG-15968]
Error: Parameter 'numPassengers': All values in unique block already used. Block size is 20. The parameter continues with last value of the range according to "When Out Of Values" policy.	[MsgId: MERR-13699]
Start auto log messages stack.	[MsgId: MMSG-10546]
Ending iteration 58.	[MsgId: MMSG-15965]
Waiting 22,5540 seconds for iteration pacing.	[MsgId: MMSG-15996]
Starting iteration 59.	[MsgId: MMSG-15968]
Error: Parameter 'numPassengers': All values in unique block already used. Block size is 20. The parameter continues with last value of the range according to "When Out Of Values" policy.	[MsgId: MERR-13699]
Start auto log messages stack.	[MsgId: MMSG-10546]
Ending iteration 60.	[MsgId: MMSG-15965]
Waiting 22,5680 seconds for iteration pacing.	[MsgId: MMSG-15996]
Starting iteration 61.	[MsgId: MMSG-15968]
Error: Parameter 'numPassengers': All values in unique block already used. Block size is 20. The parameter continues with last value of the range according to "When Out Of Values" policy.	[MsgId: MERR-13699]
Start auto log messages stack.	[MsgId: MMSG-10546]
Ending iteration 57.	[MsgId: MMSG-15965]
Waiting 22,5710 seconds for iteration pacing.	[MsgId: MMSG-15996]
Starting iteration 58.	[MsgId: MMSG-15968]
Error: Parameter 'numPassengers': All values in unique block already used. Block size is 20. The parameter continues with last value of the range according to "When Out Of Values" policy.	[MsgId: MERR-13699]
Start auto log messages stack.	[MsgId: MMSG-10546]
Ending iteration 59.	[MsgId: MMSG-15965]
Waiting 22,5590 seconds for iteration pacing.	[MsgId: MMSG-15996]
Starting iteration 60.	[MsgId: MMSG-15968]
Error: Parameter 'numPassengers': All values in unique block already used. Block size is 20. The parameter continues with last value of the range according to "When Out Of Values" policy.	[MsgId: MERR-13699]
Start auto log messages stack.	[MsgId: MMSG-10546]
Ending iteration 61.	[MsgId: MMSG-15965]
Waiting 22,5420 seconds for iteration pacing.	[MsgId: MMSG-15996]
Starting iteration 62.	[MsgId: MMSG-15968]
Error: Parameter 'numPassengers': All values in unique block already used. Block size is 20. The parameter continues with last value of the range according to "When Out Of Values" policy.	[MsgId: MERR-13699]
Start auto log messages stack.	[MsgId: MMSG-10546]
Ending iteration 58.	[MsgId: MMSG-15965]
Waiting 22,5340 seconds for iteration pacing.	[MsgId: MMSG-15996]
Starting iteration 59.	[MsgId: MMSG-15968]
Error: Parameter 'numPassengers': All values in unique block already used. Block size is 20. The parameter continues with last value of the range according to "When Out Of Values" policy.	[MsgId: MERR-13699]
Start auto log messages stack.	[MsgId: MMSG-10546]
Ending iteration 60.	[MsgId: MMSG-15965]
Waiting 22,5540 seconds for iteration pacing.	[MsgId: MMSG-15996]
Starting iteration 61.	[MsgId: MMSG-15968]
Error: Parameter 'numPassengers': All values in unique block already used. Block size is 20. The parameter continues with last value of the range according to "When Out Of Values" policy.	[MsgId: MERR-13699]
Start auto log messages stack.	[MsgId: MMSG-10546]
Ending iteration 62.	[MsgId: MMSG-15965]
Waiting 22,5810 seconds for iteration pacing.	[MsgId: MMSG-15996]
Starting iteration 63.	[MsgId: MMSG-15968]
Error: Parameter 'numPassengers': All values in unique block already used. Block size is 20. The parameter continues with last value of the range according to "When Out Of Values" policy.	[MsgId: MERR-13699]
Start auto log messages stack.	[MsgId: MMSG-10546]
Ending iteration 59.	[MsgId: MMSG-15965]
Waiting 22,5930 seconds for iteration pacing.	[MsgId: MMSG-15996]
Starting iteration 60.	[MsgId: MMSG-15968]
Error: Parameter 'numPassengers': All values in unique block already used. Block size is 20. The parameter continues with last value of the range according to "When Out Of Values" policy.	[MsgId: MERR-13699]
Start auto log messages stack.	[MsgId: MMSG-10546]
Ending iteration 61.	[MsgId: MMSG-15965]
Waiting 22,5490 seconds for iteration pacing.	[MsgId: MMSG-15996]
Starting iteration 62.	[MsgId: MMSG-15968]
Error: Parameter 'numPassengers': All values in unique block already used. Block size is 20. The parameter continues with last value of the range according to "When Out Of Values" policy.	[MsgId: MERR-13699]
Start auto log messages stack.	[MsgId: MMSG-10546]
Ending iteration 63.	[MsgId: MMSG-15965]
Waiting 22,5690 seconds for iteration pacing.	[MsgId: MMSG-15996]
Starting iteration 64.	[MsgId: MMSG-15968]
Error: Parameter 'numPassengers': All values in unique block already used. Block size is 20. The parameter continues with last value of the range according to "When Out Of Values" policy.	[MsgId: MERR-13699]
Start auto log messages stack.	[MsgId: MMSG-10546]
Ending iteration 60.	[MsgId: MMSG-15965]
Waiting 22,5510 seconds for iteration pacing.	[MsgId: MMSG-15996]
Starting iteration 61.	[MsgId: MMSG-15968]
Error: Parameter 'numPassengers': All values in unique block already used. Block size is 20. The parameter continues with last value of the range according to "When Out Of Values" policy.	[MsgId: MERR-13699]
Start auto log messages stack.	[MsgId: MMSG-10546]
Ending iteration 62.	[MsgId: MMSG-15965]
Waiting 22,5600 seconds for iteration pacing.	[MsgId: MMSG-15996]
Starting iteration 63.	[MsgId: MMSG-15968]
Error: Parameter 'numPassengers': All values in unique block already used. Block size is 20. The parameter continues with last value of the range according to "When Out Of Values" policy.	[MsgId: MERR-13699]
Start auto log messages stack.	[MsgId: MMSG-10546]
Ending iteration 64.	[MsgId: MMSG-15965]
Waiting 22,5620 seconds for iteration pacing.	[MsgId: MMSG-15996]
Starting iteration 65.	[MsgId: MMSG-15968]
Error: Parameter 'numPassengers': All values in unique block already used. Block size is 20. The parameter continues with last value of the range according to "When Out Of Values" policy.	[MsgId: MERR-13699]
Start auto log messages stack.	[MsgId: MMSG-10546]
Ending iteration 61.	[MsgId: MMSG-15965]
Waiting 22,5450 seconds for iteration pacing.	[MsgId: MMSG-15996]
Starting iteration 62.	[MsgId: MMSG-15968]
Error: Parameter 'numPassengers': All values in unique block already used. Block size is 20. The parameter continues with last value of the range according to "When Out Of Values" policy.	[MsgId: MERR-13699]
Start auto log messages stack.	[MsgId: MMSG-10546]
Ending iteration 63.	[MsgId: MMSG-15965]
Waiting 22,6010 seconds for iteration pacing.	[MsgId: MMSG-15996]
Starting iteration 64.	[MsgId: MMSG-15968]
Error: Parameter 'numPassengers': All values in unique block already used. Block size is 20. The parameter continues with last value of the range according to "When Out Of Values" policy.	[MsgId: MERR-13699]
Start auto log messages stack.	[MsgId: MMSG-10546]
Ending iteration 65.	[MsgId: MMSG-15965]
Waiting 22,5580 seconds for iteration pacing.	[MsgId: MMSG-15996]
Starting iteration 66.	[MsgId: MMSG-15968]
Error: Parameter 'numPassengers': All values in unique block already used. Block size is 20. The parameter continues with last value of the range according to "When Out Of Values" policy.	[MsgId: MERR-13699]
Start auto log messages stack.	[MsgId: MMSG-10546]
Ending iteration 62.	[MsgId: MMSG-15965]
Waiting 22,5520 seconds for iteration pacing.	[MsgId: MMSG-15996]
Starting iteration 63.	[MsgId: MMSG-15968]
Error: Parameter 'numPassengers': All values in unique block already used. Block size is 20. The parameter continues with last value of the range according to "When Out Of Values" policy.	[MsgId: MERR-13699]
Start auto log messages stack.	[MsgId: MMSG-10546]
Ending iteration 64.	[MsgId: MMSG-15965]
Waiting 22,5120 seconds for iteration pacing.	[MsgId: MMSG-15996]
Starting iteration 65.	[MsgId: MMSG-15968]
Error: Parameter 'numPassengers': All values in unique block already used. Block size is 20. The parameter continues with last value of the range according to "When Out Of Values" policy.	[MsgId: MERR-13699]
Start auto log messages stack.	[MsgId: MMSG-10546]
Ending iteration 66.	[MsgId: MMSG-15965]
Waiting 22,5550 seconds for iteration pacing.	[MsgId: MMSG-15996]
Starting iteration 67.	[MsgId: MMSG-15968]
Error: Parameter 'numPassengers': All values in unique block already used. Block size is 20. The parameter continues with last value of the range according to "When Out Of Values" policy.	[MsgId: MERR-13699]
Start auto log messages stack.	[MsgId: MMSG-10546]
Ending iteration 63.	[MsgId: MMSG-15965]
Waiting 22,5600 seconds for iteration pacing.	[MsgId: MMSG-15996]
Starting iteration 64.	[MsgId: MMSG-15968]
Error: Parameter 'numPassengers': All values in unique block already used. Block size is 20. The parameter continues with last value of the range according to "When Out Of Values" policy.	[MsgId: MERR-13699]
Start auto log messages stack.	[MsgId: MMSG-10546]
Ending iteration 65.	[MsgId: MMSG-15965]
Waiting 22,5330 seconds for iteration pacing.	[MsgId: MMSG-15996]
Starting iteration 66.	[MsgId: MMSG-15968]
Error: Parameter 'numPassengers': All values in unique block already used. Block size is 20. The parameter continues with last value of the range according to "When Out Of Values" policy.	[MsgId: MERR-13699]
Start auto log messages stack.	[MsgId: MMSG-10546]
Ending iteration 67.	[MsgId: MMSG-15965]
Waiting 22,5500 seconds for iteration pacing.	[MsgId: MMSG-15996]
Starting iteration 68.	[MsgId: MMSG-15968]
Error: Parameter 'numPassengers': All values in unique block already used. Block size is 20. The parameter continues with last value of the range according to "When Out Of Values" policy.	[MsgId: MERR-13699]
Start auto log messages stack.	[MsgId: MMSG-10546]
Ending iteration 64.	[MsgId: MMSG-15965]
Waiting 22,5650 seconds for iteration pacing.	[MsgId: MMSG-15996]
Starting iteration 65.	[MsgId: MMSG-15968]
Error: Parameter 'numPassengers': All values in unique block already used. Block size is 20. The parameter continues with last value of the range according to "When Out Of Values" policy.	[MsgId: MERR-13699]
Start auto log messages stack.	[MsgId: MMSG-10546]
Ending iteration 66.	[MsgId: MMSG-15965]
Waiting 22,5710 seconds for iteration pacing.	[MsgId: MMSG-15996]
Starting iteration 67.	[MsgId: MMSG-15968]
Error: Parameter 'numPassengers': All values in unique block already used. Block size is 20. The parameter continues with last value of the range according to "When Out Of Values" policy.	[MsgId: MERR-13699]
Start auto log messages stack.	[MsgId: MMSG-10546]
Ending iteration 68.	[MsgId: MMSG-15965]
Waiting 22,5800 seconds for iteration pacing.	[MsgId: MMSG-15996]
Starting iteration 69.	[MsgId: MMSG-15968]
Error: Parameter 'numPassengers': All values in unique block already used. Block size is 20. The parameter continues with last value of the range according to "When Out Of Values" policy.	[MsgId: MERR-13699]
Start auto log messages stack.	[MsgId: MMSG-10546]
Ending iteration 65.	[MsgId: MMSG-15965]
Waiting 22,5750 seconds for iteration pacing.	[MsgId: MMSG-15996]
Starting iteration 66.	[MsgId: MMSG-15968]
Error: Parameter 'numPassengers': All values in unique block already used. Block size is 20. The parameter continues with last value of the range according to "When Out Of Values" policy.	[MsgId: MERR-13699]
Start auto log messages stack.	[MsgId: MMSG-10546]
Ending iteration 67.	[MsgId: MMSG-15965]
Waiting 22,5890 seconds for iteration pacing.	[MsgId: MMSG-15996]
Starting iteration 68.	[MsgId: MMSG-15968]
Error: Parameter 'numPassengers': All values in unique block already used. Block size is 20. The parameter continues with last value of the range according to "When Out Of Values" policy.	[MsgId: MERR-13699]
Start auto log messages stack.	[MsgId: MMSG-10546]
Ending iteration 69.	[MsgId: MMSG-15965]
Waiting 22,5440 seconds for iteration pacing.	[MsgId: MMSG-15996]
Starting iteration 70.	[MsgId: MMSG-15968]
Error: Parameter 'numPassengers': All values in unique block already used. Block size is 20. The parameter continues with last value of the range according to "When Out Of Values" policy.	[MsgId: MERR-13699]
Start auto log messages stack.	[MsgId: MMSG-10546]
Ending iteration 66.	[MsgId: MMSG-15965]
Waiting 22,5500 seconds for iteration pacing.	[MsgId: MMSG-15996]
Starting iteration 67.	[MsgId: MMSG-15968]
Error: Parameter 'numPassengers': All values in unique block already used. Block size is 20. The parameter continues with last value of the range according to "When Out Of Values" policy.	[MsgId: MERR-13699]
Start auto log messages stack.	[MsgId: MMSG-10546]
Ending iteration 68.	[MsgId: MMSG-15965]
Waiting 22,5610 seconds for iteration pacing.	[MsgId: MMSG-15996]
Starting iteration 69.	[MsgId: MMSG-15968]
Error: Parameter 'numPassengers': All values in unique block already used. Block size is 20. The parameter continues with last value of the range according to "When Out Of Values" policy.	[MsgId: MERR-13699]
Start auto log messages stack.	[MsgId: MMSG-10546]
Ending iteration 70.	[MsgId: MMSG-15965]
Waiting 22,5610 seconds for iteration pacing.	[MsgId: MMSG-15996]
Starting iteration 71.	[MsgId: MMSG-15968]
Error: Parameter 'numPassengers': All values in unique block already used. Block size is 20. The parameter continues with last value of the range according to "When Out Of Values" policy.	[MsgId: MERR-13699]
Start auto log messages stack.	[MsgId: MMSG-10546]
Ending iteration 67.	[MsgId: MMSG-15965]
Waiting 22,5670 seconds for iteration pacing.	[MsgId: MMSG-15996]
Starting iteration 68.	[MsgId: MMSG-15968]
Error: Parameter 'numPassengers': All values in unique block already used. Block size is 20. The parameter continues with last value of the range according to "When Out Of Values" policy.	[MsgId: MERR-13699]
Start auto log messages stack.	[MsgId: MMSG-10546]
Ending iteration 69.	[MsgId: MMSG-15965]
Waiting 22,5440 seconds for iteration pacing.	[MsgId: MMSG-15996]
Starting iteration 70.	[MsgId: MMSG-15968]
Error: Parameter 'numPassengers': All values in unique block already used. Block size is 20. The parameter continues with last value of the range according to "When Out Of Values" policy.	[MsgId: MERR-13699]
Start auto log messages stack.	[MsgId: MMSG-10546]
Ending iteration 71.	[MsgId: MMSG-15965]
Waiting 22,5450 seconds for iteration pacing.	[MsgId: MMSG-15996]
Starting iteration 72.	[MsgId: MMSG-15968]
Error: Parameter 'numPassengers': All values in unique block already used. Block size is 20. The parameter continues with last value of the range according to "When Out Of Values" policy.	[MsgId: MERR-13699]
Start auto log messages stack.	[MsgId: MMSG-10546]
Ending iteration 68.	[MsgId: MMSG-15965]
Waiting 22,5590 seconds for iteration pacing.	[MsgId: MMSG-15996]
Starting iteration 69.	[MsgId: MMSG-15968]
Error: Parameter 'numPassengers': All values in unique block already used. Block size is 20. The parameter continues with last value of the range according to "When Out Of Values" policy.	[MsgId: MERR-13699]
Start auto log messages stack.	[MsgId: MMSG-10546]
Ending iteration 70.	[MsgId: MMSG-15965]
Waiting 22,5690 seconds for iteration pacing.	[MsgId: MMSG-15996]
Starting iteration 71.	[MsgId: MMSG-15968]
Error: Parameter 'numPassengers': All values in unique block already used. Block size is 20. The parameter continues with last value of the range according to "When Out Of Values" policy.	[MsgId: MERR-13699]
Start auto log messages stack.	[MsgId: MMSG-10546]
Ending iteration 72.	[MsgId: MMSG-15965]
Waiting 22,5670 seconds for iteration pacing.	[MsgId: MMSG-15996]
Starting iteration 73.	[MsgId: MMSG-15968]
Error: Parameter 'numPassengers': All values in unique block already used. Block size is 20. The parameter continues with last value of the range according to "When Out Of Values" policy.	[MsgId: MERR-13699]
Start auto log messages stack.	[MsgId: MMSG-10546]
Ending iteration 69.	[MsgId: MMSG-15965]
Waiting 22,5500 seconds for iteration pacing.	[MsgId: MMSG-15996]
Starting iteration 70.	[MsgId: MMSG-15968]
Error: Parameter 'numPassengers': All values in unique block already used. Block size is 20. The parameter continues with last value of the range according to "When Out Of Values" policy.	[MsgId: MERR-13699]
Start auto log messages stack.	[MsgId: MMSG-10546]
Ending iteration 71.	[MsgId: MMSG-15965]
Waiting 22,5530 seconds for iteration pacing.	[MsgId: MMSG-15996]
Starting iteration 72.	[MsgId: MMSG-15968]
Error: Parameter 'numPassengers': All values in unique block already used. Block size is 20. The parameter continues with last value of the range according to "When Out Of Values" policy.	[MsgId: MERR-13699]
Start auto log messages stack.	[MsgId: MMSG-10546]
Ending iteration 73.	[MsgId: MMSG-15965]
Waiting 22,5620 seconds for iteration pacing.	[MsgId: MMSG-15996]
Starting iteration 74.	[MsgId: MMSG-15968]
Error: Parameter 'numPassengers': All values in unique block already used. Block size is 20. The parameter continues with last value of the range according to "When Out Of Values" policy.	[MsgId: MERR-13699]
Start auto log messages stack.	[MsgId: MMSG-10546]
Ending iteration 70.	[MsgId: MMSG-15965]
Waiting 22,5610 seconds for iteration pacing.	[MsgId: MMSG-15996]
Starting iteration 71.	[MsgId: MMSG-15968]
Error: Parameter 'numPassengers': All values in unique block already used. Block size is 20. The parameter continues with last value of the range according to "When Out Of Values" policy.	[MsgId: MERR-13699]
Start auto log messages stack.	[MsgId: MMSG-10546]
Ending iteration 72.	[MsgId: MMSG-15965]
Waiting 22,5490 seconds for iteration pacing.	[MsgId: MMSG-15996]
Starting iteration 73.	[MsgId: MMSG-15968]
Error: Parameter 'numPassengers': All values in unique block already used. Block size is 20. The parameter continues with last value of the range according to "When Out Of Values" policy.	[MsgId: MERR-13699]
Start auto log messages stack.	[MsgId: MMSG-10546]
Ending iteration 74.	[MsgId: MMSG-15965]
Waiting 22,5410 seconds for iteration pacing.	[MsgId: MMSG-15996]
Starting iteration 75.	[MsgId: MMSG-15968]
Error: Parameter 'numPassengers': All values in unique block already used. Block size is 20. The parameter continues with last value of the range according to "When Out Of Values" policy.	[MsgId: MERR-13699]
Start auto log messages stack.	[MsgId: MMSG-10546]
Ending iteration 71.	[MsgId: MMSG-15965]
Waiting 22,5550 seconds for iteration pacing.	[MsgId: MMSG-15996]
Starting iteration 72.	[MsgId: MMSG-15968]
Error: Parameter 'numPassengers': All values in unique block already used. Block size is 20. The parameter continues with last value of the range according to "When Out Of Values" policy.	[MsgId: MERR-13699]
Start auto log messages stack.	[MsgId: MMSG-10546]
Ending iteration 73.	[MsgId: MMSG-15965]
Waiting 22,5710 seconds for iteration pacing.	[MsgId: MMSG-15996]
Starting iteration 74.	[MsgId: MMSG-15968]
Error: Parameter 'numPassengers': All values in unique block already used. Block size is 20. The parameter continues with last value of the range according to "When Out Of Values" policy.	[MsgId: MERR-13699]
Start auto log messages stack.	[MsgId: MMSG-10546]
Ending iteration 75.	[MsgId: MMSG-15965]
Waiting 22,5510 seconds for iteration pacing.	[MsgId: MMSG-15996]
Starting iteration 76.	[MsgId: MMSG-15968]
Error: Parameter 'numPassengers': All values in unique block already used. Block size is 20. The parameter continues with last value of the range according to "When Out Of Values" policy.	[MsgId: MERR-13699]
Start auto log messages stack.	[MsgId: MMSG-10546]
Ending iteration 72.	[MsgId: MMSG-15965]
Waiting 22,5540 seconds for iteration pacing.	[MsgId: MMSG-15996]
Starting iteration 73.	[MsgId: MMSG-15968]
Error: Parameter 'numPassengers': All values in unique block already used. Block size is 20. The parameter continues with last value of the range according to "When Out Of Values" policy.	[MsgId: MERR-13699]
Start auto log messages stack.	[MsgId: MMSG-10546]
Ending iteration 74.	[MsgId: MMSG-15965]
Waiting 22,5560 seconds for iteration pacing.	[MsgId: MMSG-15996]
Starting iteration 75.	[MsgId: MMSG-15968]
Error: Parameter 'numPassengers': All values in unique block already used. Block size is 20. The parameter continues with last value of the range according to "When Out Of Values" policy.	[MsgId: MERR-13699]
Start auto log messages stack.	[MsgId: MMSG-10546]
Ending iteration 76.	[MsgId: MMSG-15965]
Waiting 22,5540 seconds for iteration pacing.	[MsgId: MMSG-15996]
Starting iteration 77.	[MsgId: MMSG-15968]
Error: Parameter 'numPassengers': All values in unique block already used. Block size is 20. The parameter continues with last value of the range according to "When Out Of Values" policy.	[MsgId: MERR-13699]
Start auto log messages stack.	[MsgId: MMSG-10546]
Ending iteration 73.	[MsgId: MMSG-15965]
Waiting 22,5450 seconds for iteration pacing.	[MsgId: MMSG-15996]
Starting iteration 74.	[MsgId: MMSG-15968]
Error: Parameter 'numPassengers': All values in unique block already used. Block size is 20. The parameter continues with last value of the range according to "When Out Of Values" policy.	[MsgId: MERR-13699]
Start auto log messages stack.	[MsgId: MMSG-10546]
Ending iteration 75.	[MsgId: MMSG-15965]
Waiting 22,5370 seconds for iteration pacing.	[MsgId: MMSG-15996]
Starting iteration 76.	[MsgId: MMSG-15968]
Error: Parameter 'numPassengers': All values in unique block already used. Block size is 20. The parameter continues with last value of the range according to "When Out Of Values" policy.	[MsgId: MERR-13699]
Start auto log messages stack.	[MsgId: MMSG-10546]
Ending iteration 77.	[MsgId: MMSG-15965]
Waiting 22,5880 seconds for iteration pacing.	[MsgId: MMSG-15996]
Starting iteration 78.	[MsgId: MMSG-15968]
Error: Parameter 'numPassengers': All values in unique block already used. Block size is 20. The parameter continues with last value of the range according to "When Out Of Values" policy.	[MsgId: MERR-13699]
Start auto log messages stack.	[MsgId: MMSG-10546]
Ending iteration 74.	[MsgId: MMSG-15965]
Waiting 22,5600 seconds for iteration pacing.	[MsgId: MMSG-15996]
Starting iteration 75.	[MsgId: MMSG-15968]
Error: Parameter 'numPassengers': All values in unique block already used. Block size is 20. The parameter continues with last value of the range according to "When Out Of Values" policy.	[MsgId: MERR-13699]
Start auto log messages stack.	[MsgId: MMSG-10546]
Ending iteration 76.	[MsgId: MMSG-15965]
Waiting 22,5610 seconds for iteration pacing.	[MsgId: MMSG-15996]
Starting iteration 77.	[MsgId: MMSG-15968]
Error: Parameter 'numPassengers': All values in unique block already used. Block size is 20. The parameter continues with last value of the range according to "When Out Of Values" policy.	[MsgId: MERR-13699]
Start auto log messages stack.	[MsgId: MMSG-10546]
Ending iteration 78.	[MsgId: MMSG-15965]
Waiting 22,5400 seconds for iteration pacing.	[MsgId: MMSG-15996]
Starting iteration 79.	[MsgId: MMSG-15968]
Error: Parameter 'numPassengers': All values in unique block already used. Block size is 20. The parameter continues with last value of the range according to "When Out Of Values" policy.	[MsgId: MERR-13699]
Start auto log messages stack.	[MsgId: MMSG-10546]
Ending iteration 75.	[MsgId: MMSG-15965]
Waiting 22,5390 seconds for iteration pacing.	[MsgId: MMSG-15996]
Starting iteration 76.	[MsgId: MMSG-15968]
Error: Parameter 'numPassengers': All values in unique block already used. Block size is 20. The parameter continues with last value of the range according to "When Out Of Values" policy.	[MsgId: MERR-13699]
Start auto log messages stack.	[MsgId: MMSG-10546]
Ending iteration 77.	[MsgId: MMSG-15965]
Waiting 22,5430 seconds for iteration pacing.	[MsgId: MMSG-15996]
Starting iteration 78.	[MsgId: MMSG-15968]
Error: Parameter 'numPassengers': All values in unique block already used. Block size is 20. The parameter continues with last value of the range according to "When Out Of Values" policy.	[MsgId: MERR-13699]
Start auto log messages stack.	[MsgId: MMSG-10546]
Ending iteration 79.	[MsgId: MMSG-15965]
Waiting 22,5590 seconds for iteration pacing.	[MsgId: MMSG-15996]
Starting iteration 80.	[MsgId: MMSG-15968]
Error: Parameter 'numPassengers': All values in unique block already used. Block size is 20. The parameter continues with last value of the range according to "When Out Of Values" policy.	[MsgId: MERR-13699]
Start auto log messages stack.	[MsgId: MMSG-10546]
Ending iteration 76.	[MsgId: MMSG-15965]
Waiting 22,5690 seconds for iteration pacing.	[MsgId: MMSG-15996]
Starting iteration 77.	[MsgId: MMSG-15968]
Error: Parameter 'numPassengers': All values in unique block already used. Block size is 20. The parameter continues with last value of the range according to "When Out Of Values" policy.	[MsgId: MERR-13699]
Start auto log messages stack.	[MsgId: MMSG-10546]
Ending iteration 78.	[MsgId: MMSG-15965]
Waiting 22,5570 seconds for iteration pacing.	[MsgId: MMSG-15996]
Starting iteration 79.	[MsgId: MMSG-15968]
Error: Parameter 'numPassengers': All values in unique block already used. Block size is 20. The parameter continues with last value of the range according to "When Out Of Values" policy.	[MsgId: MERR-13699]
Start auto log messages stack.	[MsgId: MMSG-10546]
Ending iteration 80.	[MsgId: MMSG-15965]
Waiting 22,5160 seconds for iteration pacing.	[MsgId: MMSG-15996]
Starting iteration 81.	[MsgId: MMSG-15968]
Error: Parameter 'numPassengers': All values in unique block already used. Block size is 20. The parameter continues with last value of the range according to "When Out Of Values" policy.	[MsgId: MERR-13699]
Start auto log messages stack.	[MsgId: MMSG-10546]
Ending iteration 77.	[MsgId: MMSG-15965]
Waiting 22,5460 seconds for iteration pacing.	[MsgId: MMSG-15996]
Starting iteration 78.	[MsgId: MMSG-15968]
Error: Parameter 'numPassengers': All values in unique block already used. Block size is 20. The parameter continues with last value of the range according to "When Out Of Values" policy.	[MsgId: MERR-13699]
Start auto log messages stack.	[MsgId: MMSG-10546]
Ending iteration 79.	[MsgId: MMSG-15965]
Waiting 22,5590 seconds for iteration pacing.	[MsgId: MMSG-15996]
Starting iteration 80.	[MsgId: MMSG-15968]
Error: Parameter 'numPassengers': All values in unique block already used. Block size is 20. The parameter continues with last value of the range according to "When Out Of Values" policy.	[MsgId: MERR-13699]
Start auto log messages stack.	[MsgId: MMSG-10546]
Ending iteration 81.	[MsgId: MMSG-15965]
Waiting 22,5750 seconds for iteration pacing.	[MsgId: MMSG-15996]
Starting iteration 82.	[MsgId: MMSG-15968]
Error: Parameter 'numPassengers': All values in unique block already used. Block size is 20. The parameter continues with last value of the range according to "When Out Of Values" policy.	[MsgId: MERR-13699]
Start auto log messages stack.	[MsgId: MMSG-10546]
Ending iteration 78.	[MsgId: MMSG-15965]
Waiting 22,5490 seconds for iteration pacing.	[MsgId: MMSG-15996]
Starting iteration 79.	[MsgId: MMSG-15968]
Error: Parameter 'numPassengers': All values in unique block already used. Block size is 20. The parameter continues with last value of the range according to "When Out Of Values" policy.	[MsgId: MERR-13699]
Start auto log messages stack.	[MsgId: MMSG-10546]
Ending iteration 80.	[MsgId: MMSG-15965]
Waiting 22,5500 seconds for iteration pacing.	[MsgId: MMSG-15996]
Starting iteration 81.	[MsgId: MMSG-15968]
Error: Parameter 'numPassengers': All values in unique block already used. Block size is 20. The parameter continues with last value of the range according to "When Out Of Values" policy.	[MsgId: MERR-13699]
Start auto log messages stack.	[MsgId: MMSG-10546]
Ending iteration 82.	[MsgId: MMSG-15965]
Waiting 22,5720 seconds for iteration pacing.	[MsgId: MMSG-15996]
Starting iteration 83.	[MsgId: MMSG-15968]
Error: Parameter 'numPassengers': All values in unique block already used. Block size is 20. The parameter continues with last value of the range according to "When Out Of Values" policy.	[MsgId: MERR-13699]
Start auto log messages stack.	[MsgId: MMSG-10546]
Ending iteration 79.	[MsgId: MMSG-15965]
Waiting 22,5440 seconds for iteration pacing.	[MsgId: MMSG-15996]
Starting iteration 80.	[MsgId: MMSG-15968]
Error: Parameter 'numPassengers': All values in unique block already used. Block size is 20. The parameter continues with last value of the range according to "When Out Of Values" policy.	[MsgId: MERR-13699]
Start auto log messages stack.	[MsgId: MMSG-10546]
Ending iteration 81.	[MsgId: MMSG-15965]
Waiting 22,5460 seconds for iteration pacing.	[MsgId: MMSG-15996]
Starting iteration 82.	[MsgId: MMSG-15968]
Error: Parameter 'numPassengers': All values in unique block already used. Block size is 20. The parameter continues with last value of the range according to "When Out Of Values" policy.	[MsgId: MERR-13699]
Start auto log messages stack.	[MsgId: MMSG-10546]
Ending iteration 83.	[MsgId: MMSG-15965]
Waiting 22,5470 seconds for iteration pacing.	[MsgId: MMSG-15996]
Starting iteration 84.	[MsgId: MMSG-15968]
Error: Parameter 'numPassengers': All values in unique block already used. Block size is 20. The parameter continues with last value of the range according to "When Out Of Values" policy.	[MsgId: MERR-13699]
Start auto log messages stack.	[MsgId: MMSG-10546]
Ending iteration 80.	[MsgId: MMSG-15965]
Waiting 22,5390 seconds for iteration pacing.	[MsgId: MMSG-15996]
Starting iteration 81.	[MsgId: MMSG-15968]
Error: Parameter 'numPassengers': All values in unique block already used. Block size is 20. The parameter continues with last value of the range according to "When Out Of Values" policy.	[MsgId: MERR-13699]
Start auto log messages stack.	[MsgId: MMSG-10546]
Ending iteration 82.	[MsgId: MMSG-15965]
Waiting 22,5780 seconds for iteration pacing.	[MsgId: MMSG-15996]
Starting iteration 83.	[MsgId: MMSG-15968]
Error: Parameter 'numPassengers': All values in unique block already used. Block size is 20. The parameter continues with last value of the range according to "When Out Of Values" policy.	[MsgId: MERR-13699]
Start auto log messages stack.	[MsgId: MMSG-10546]
Ending iteration 84.	[MsgId: MMSG-15965]
Waiting 22,5480 seconds for iteration pacing.	[MsgId: MMSG-15996]
Starting iteration 85.	[MsgId: MMSG-15968]
Error: Parameter 'numPassengers': All values in unique block already used. Block size is 20. The parameter continues with last value of the range according to "When Out Of Values" policy.	[MsgId: MERR-13699]
Start auto log messages stack.	[MsgId: MMSG-10546]
Ending iteration 81.	[MsgId: MMSG-15965]
Waiting 22,5460 seconds for iteration pacing.	[MsgId: MMSG-15996]
Starting iteration 82.	[MsgId: MMSG-15968]
Error: Parameter 'numPassengers': All values in unique block already used. Block size is 20. The parameter continues with last value of the range according to "When Out Of Values" policy.	[MsgId: MERR-13699]
Start auto log messages stack.	[MsgId: MMSG-10546]
Ending iteration 83.	[MsgId: MMSG-15965]
Waiting 22,5650 seconds for iteration pacing.	[MsgId: MMSG-15996]
Starting iteration 84.	[MsgId: MMSG-15968]
Error: Parameter 'numPassengers': All values in unique block already used. Block size is 20. The parameter continues with last value of the range according to "When Out Of Values" policy.	[MsgId: MERR-13699]
Start auto log messages stack.	[MsgId: MMSG-10546]
Ending iteration 85.	[MsgId: MMSG-15965]
Waiting 22,5570 seconds for iteration pacing.	[MsgId: MMSG-15996]
Starting iteration 86.	[MsgId: MMSG-15968]
Error: Parameter 'numPassengers': All values in unique block already used. Block size is 20. The parameter continues with last value of the range according to "When Out Of Values" policy.	[MsgId: MERR-13699]
Start auto log messages stack.	[MsgId: MMSG-10546]
Ending iteration 82.	[MsgId: MMSG-15965]
Waiting 22,5430 seconds for iteration pacing.	[MsgId: MMSG-15996]
Starting iteration 83.	[MsgId: MMSG-15968]
Error: Parameter 'numPassengers': All values in unique block already used. Block size is 20. The parameter continues with last value of the range according to "When Out Of Values" policy.	[MsgId: MERR-13699]
Start auto log messages stack.	[MsgId: MMSG-10546]
Ending iteration 84.	[MsgId: MMSG-15965]
Waiting 22,5500 seconds for iteration pacing.	[MsgId: MMSG-15996]
Starting iteration 85.	[MsgId: MMSG-15968]
Error: Parameter 'numPassengers': All values in unique block already used. Block size is 20. The parameter continues with last value of the range according to "When Out Of Values" policy.	[MsgId: MERR-13699]
Start auto log messages stack.	[MsgId: MMSG-10546]
Ending iteration 86.	[MsgId: MMSG-15965]
Waiting 22,5980 seconds for iteration pacing.	[MsgId: MMSG-15996]
Starting iteration 87.	[MsgId: MMSG-15968]
Error: Parameter 'numPassengers': All values in unique block already used. Block size is 20. The parameter continues with last value of the range according to "When Out Of Values" policy.	[MsgId: MERR-13699]
Start auto log messages stack.	[MsgId: MMSG-10546]
Ending iteration 83.	[MsgId: MMSG-15965]
Waiting 22,5700 seconds for iteration pacing.	[MsgId: MMSG-15996]
Starting iteration 84.	[MsgId: MMSG-15968]
Error: Parameter 'numPassengers': All values in unique block already used. Block size is 20. The parameter continues with last value of the range according to "When Out Of Values" policy.	[MsgId: MERR-13699]
Start auto log messages stack.	[MsgId: MMSG-10546]
Ending iteration 85.	[MsgId: MMSG-15965]
Waiting 22,5360 seconds for iteration pacing.	[MsgId: MMSG-15996]
Starting iteration 86.	[MsgId: MMSG-15968]
Error: Parameter 'numPassengers': All values in unique block already used. Block size is 20. The parameter continues with last value of the range according to "When Out Of Values" policy.	[MsgId: MERR-13699]
Start auto log messages stack.	[MsgId: MMSG-10546]
Ending iteration 87.	[MsgId: MMSG-15965]
Waiting 22,5640 seconds for iteration pacing.	[MsgId: MMSG-15996]
Starting iteration 88.	[MsgId: MMSG-15968]
Error: Parameter 'numPassengers': All values in unique block already used. Block size is 20. The parameter continues with last value of the range according to "When Out Of Values" policy.	[MsgId: MERR-13699]
Start auto log messages stack.	[MsgId: MMSG-10546]
Ending iteration 84.	[MsgId: MMSG-15965]
Waiting 22,5440 seconds for iteration pacing.	[MsgId: MMSG-15996]
Starting iteration 85.	[MsgId: MMSG-15968]
Error: Parameter 'numPassengers': All values in unique block already used. Block size is 20. The parameter continues with last value of the range according to "When Out Of Values" policy.	[MsgId: MERR-13699]
Start auto log messages stack.	[MsgId: MMSG-10546]
Ending iteration 86.	[MsgId: MMSG-15965]
Waiting 22,5450 seconds for iteration pacing.	[MsgId: MMSG-15996]
Starting iteration 87.	[MsgId: MMSG-15968]
Error: Parameter 'numPassengers': All values in unique block already used. Block size is 20. The parameter continues with last value of the range according to "When Out Of Values" policy.	[MsgId: MERR-13699]
Start auto log messages stack.	[MsgId: MMSG-10546]
Ending iteration 88.	[MsgId: MMSG-15965]
Waiting 22,6040 seconds for iteration pacing.	[MsgId: MMSG-15996]
Starting iteration 89.	[MsgId: MMSG-15968]
Error: Parameter 'numPassengers': All values in unique block already used. Block size is 20. The parameter continues with last value of the range according to "When Out Of Values" policy.	[MsgId: MERR-13699]
Start auto log messages stack.	[MsgId: MMSG-10546]
Ending iteration 85.	[MsgId: MMSG-15965]
Waiting 22,5670 seconds for iteration pacing.	[MsgId: MMSG-15996]
Starting iteration 86.	[MsgId: MMSG-15968]
Error: Parameter 'numPassengers': All values in unique block already used. Block size is 20. The parameter continues with last value of the range according to "When Out Of Values" policy.	[MsgId: MERR-13699]
Start auto log messages stack.	[MsgId: MMSG-10546]
Ending iteration 87.	[MsgId: MMSG-15965]
Waiting 22,5670 seconds for iteration pacing.	[MsgId: MMSG-15996]
Starting iteration 88.	[MsgId: MMSG-15968]
Error: Parameter 'numPassengers': All values in unique block already used. Block size is 20. The parameter continues with last value of the range according to "When Out Of Values" policy.	[MsgId: MERR-13699]
Start auto log messages stack.	[MsgId: MMSG-10546]
Ending iteration 89.	[MsgId: MMSG-15965]
Waiting 22,5540 seconds for iteration pacing.	[MsgId: MMSG-15996]
Starting iteration 90.	[MsgId: MMSG-15968]
Error: Parameter 'numPassengers': All values in unique block already used. Block size is 20. The parameter continues with last value of the range according to "When Out Of Values" policy.	[MsgId: MERR-13699]
Start auto log messages stack.	[MsgId: MMSG-10546]
Ending iteration 86.	[MsgId: MMSG-15965]
Waiting 22,5630 seconds for iteration pacing.	[MsgId: MMSG-15996]
Starting iteration 87.	[MsgId: MMSG-15968]
Error: Parameter 'numPassengers': All values in unique block already used. Block size is 20. The parameter continues with last value of the range according to "When Out Of Values" policy.	[MsgId: MERR-13699]
